[ 2024-01-03T11:37:36+08:00 ] [ sql ] [ DB ] CONNECT:[ UseTime:0.617153s ] mysql:dbname=changheng;host=localhost;port=3306;charset=utf8
[ sql ] [ SQL ] SHOW COLUMNS FROM `ch_user` [ RunTime:0.519336s ]
[ sql ] [ SQL ] SELECT * FROM `ch_user` WHERE  `username` = 'admin'  AND (  delete_time is null ) LIMIT 1 [ RunTime:0.073649s ]
[ sql ] [ SQL ] UPDATE `ch_user`  SET `login_time`='2024-01-03 11:37:36'  WHERE  `id` = 2 [ RunTime:0.292004s ]
[ sql ] [ SQL ] UPDATE `ch_user`  SET `login_num`=login_num+1  WHERE  `id` = 2 [ RunTime:0.028466s ]

---------------------------------------------------------------
[ 2024-01-03T11:37:38+08:00 ] [ sql ] [ DB ] CONNECT:[ UseTime:0.144223s ] mysql:dbname=changheng;host=localhost;port=3306;charset=utf8
[ sql ] [ SQL ] SHOW COLUMNS FROM `ch_user` [ RunTime:0.178081s ]
[ sql ] [ SQL ] SELECT * FROM `ch_user` WHERE  `ch_user`.`delete_time` IS NULL  AND `id` = 2 LIMIT 1 [ RunTime:0.000519s ]
[ sql ] [ SQL ] SHOW COLUMNS FROM `ch_permission` [ RunTime:0.600406s ]
[ sql ] [ SQL ] SELECT * FROM `ch_permission` WHERE  `ch_permission`.`delete_time` IS NULL  AND `role_id` = 1 [ RunTime:0.005544s ]
[ sql ] [ SQL ] SHOW COLUMNS FROM `ch_menu` [ RunTime:0.139744s ]
[ sql ] [ SQL ] SELECT * FROM `ch_menu` WHERE  `id` IN (1,7,5,41,42,43,6,44,45,46,50,4,47,48,49,9,10,11,76,76,77,78,79,80,82,86,88,89,90,91,93,94,95,96,97,98,99,100,103,105,106,107,108,109,110,111,112,113,114,115,117,118,119,120,121,122,123,124,125,126,127,128,129,130,131,132,133,134,135,136,137,156,157,158,159,160,161,162,163,164,165,166,167,168,169,170,171,172,173,174,175,176,177,178,179,180,181,182,183,184,185,186,187,188,189,190,191,192,193,194,195,196,197,198) [ RunTime:0.057623s ]
[ sql ] [ SQL ] SHOW COLUMNS FROM `ch_website` [ RunTime:0.022910s ]
[ sql ] [ SQL ] SELECT * FROM `ch_website` WHERE  `id` = 1 LIMIT 1 [ RunTime:0.000590s ]
[ sql ] [ SQL ] SELECT `p`.`role_id`,`p`.`menu_id`,`m`.`id`,`m`.`name`,`m`.`module_name`,`m`.`controller_name`,`m`.`view_name`,`m`.`parent_id`,`m`.`is_menu`,`m`.`sort` FROM `ch_permission` `p` INNER JOIN `ch_menu` `m` ON `p`.`menu_id`=`m`.`id` WHERE  `p`.`role_id` = 1  AND `m`.`is_menu` = 1 ORDER BY m.sort asc [ RunTime:0.075401s ]
[ sql ] [ SQL ] SHOW COLUMNS FROM `ch_role` [ RunTime:0.101960s ]
[ sql ] [ SQL ] SELECT * FROM `ch_role` WHERE  `id` = 1 LIMIT 1 [ RunTime:0.000449s ]
[ sql ] [ SQL ] SELECT `menu_id` FROM `ch_permission` WHERE  `role_id` = 1 [ RunTime:0.000445s ]
[ sql ] [ SQL ] SELECT * FROM `ch_menu` WHERE  `parent_id` = 1  AND `id` IN (1,7,5,41,42,43,6,44,45,46,50,4,47,48,49,9,10,11,76,76,77,78,79,80,82,86,88,89,90,91,93,94,95,96,97,98,99,100,101,102,103,104,105,106,107,108,109,110,111,112,113,114,115,117,118,119,120,121,122,123,124,125,126,127,128,129,130,131,132,133,134,135,136,137,156,157,158,159,160,161,162,163,164,165,166,167,168,169,170,171,172,173,174,175,176,177,178,179,180,181,182,183,184,185,186,187,188,189,190,191,192,193,194,195,196,197,198) ORDER BY sort asc [ RunTime:0.000758s ]
[ sql ] [ SQL ] SELECT * FROM `ch_menu` WHERE  `parent_id` = 7  AND `id` IN (1,7,5,41,42,43,6,44,45,46,50,4,47,48,49,9,10,11,76,76,77,78,79,80,82,86,88,89,90,91,93,94,95,96,97,98,99,100,101,102,103,104,105,106,107,108,109,110,111,112,113,114,115,117,118,119,120,121,122,123,124,125,126,127,128,129,130,131,132,133,134,135,136,137,156,157,158,159,160,161,162,163,164,165,166,167,168,169,170,171,172,173,174,175,176,177,178,179,180,181,182,183,184,185,186,187,188,189,190,191,192,193,194,195,196,197,198)  AND `is_menu` = 1 [ RunTime:0.021677s ]
[ sql ] [ SQL ] SELECT * FROM `ch_menu` WHERE  `parent_id` = 5  AND `id` IN (1,7,5,41,42,43,6,44,45,46,50,4,47,48,49,9,10,11,76,76,77,78,79,80,82,86,88,89,90,91,93,94,95,96,97,98,99,100,101,102,103,104,105,106,107,108,109,110,111,112,113,114,115,117,118,119,120,121,122,123,124,125,126,127,128,129,130,131,132,133,134,135,136,137,156,157,158,159,160,161,162,163,164,165,166,167,168,169,170,171,172,173,174,175,176,177,178,179,180,181,182,183,184,185,186,187,188,189,190,191,192,193,194,195,196,197,198)  AND `is_menu` = 1 [ RunTime:0.000913s ]
[ sql ] [ SQL ] SELECT * FROM `ch_menu` WHERE  `parent_id` = 6  AND `id` IN (1,7,5,41,42,43,6,44,45,46,50,4,47,48,49,9,10,11,76,76,77,78,79,80,82,86,88,89,90,91,93,94,95,96,97,98,99,100,101,102,103,104,105,106,107,108,109,110,111,112,113,114,115,117,118,119,120,121,122,123,124,125,126,127,128,129,130,131,132,133,134,135,136,137,156,157,158,159,160,161,162,163,164,165,166,167,168,169,170,171,172,173,174,175,176,177,178,179,180,181,182,183,184,185,186,187,188,189,190,191,192,193,194,195,196,197,198)  AND `is_menu` = 1 [ RunTime:0.000884s ]
[ sql ] [ SQL ] SELECT * FROM `ch_menu` WHERE  `parent_id` = 4  AND `id` IN (1,7,5,41,42,43,6,44,45,46,50,4,47,48,49,9,10,11,76,76,77,78,79,80,82,86,88,89,90,91,93,94,95,96,97,98,99,100,101,102,103,104,105,106,107,108,109,110,111,112,113,114,115,117,118,119,120,121,122,123,124,125,126,127,128,129,130,131,132,133,134,135,136,137,156,157,158,159,160,161,162,163,164,165,166,167,168,169,170,171,172,173,174,175,176,177,178,179,180,181,182,183,184,185,186,187,188,189,190,191,192,193,194,195,196,197,198)  AND `is_menu` = 1 [ RunTime:0.000989s ]
[ sql ] [ SQL ] SELECT * FROM `ch_menu` WHERE  `parent_id` = 193  AND `id` IN (1,7,5,41,42,43,6,44,45,46,50,4,47,48,49,9,10,11,76,76,77,78,79,80,82,86,88,89,90,91,93,94,95,96,97,98,99,100,101,102,103,104,105,106,107,108,109,110,111,112,113,114,115,117,118,119,120,121,122,123,124,125,126,127,128,129,130,131,132,133,134,135,136,137,156,157,158,159,160,161,162,163,164,165,166,167,168,169,170,171,172,173,174,175,176,177,178,179,180,181,182,183,184,185,186,187,188,189,190,191,192,193,194,195,196,197,198)  AND `is_menu` = 1 [ RunTime:0.000802s ]
[ sql ] [ SQL ] SELECT * FROM `ch_role` WHERE  `id` = 1 LIMIT 1 [ RunTime:0.000469s ]
[ sql ] [ SQL ] SELECT `menu_id` FROM `ch_permission` WHERE  `role_id` = 1 [ RunTime:0.000539s ]
[ sql ] [ SQL ] SELECT * FROM `ch_menu` WHERE  `parent_id` = 156  AND `id` IN (1,7,5,41,42,43,6,44,45,46,50,4,47,48,49,9,10,11,76,76,77,78,79,80,82,86,88,89,90,91,93,94,95,96,97,98,99,100,101,102,103,104,105,106,107,108,109,110,111,112,113,114,115,117,118,119,120,121,122,123,124,125,126,127,128,129,130,131,132,133,134,135,136,137,156,157,158,159,160,161,162,163,164,165,166,167,168,169,170,171,172,173,174,175,176,177,178,179,180,181,182,183,184,185,186,187,188,189,190,191,192,193,194,195,196,197,198) ORDER BY sort asc [ RunTime:0.001177s ]
[ sql ] [ SQL ] SELECT * FROM `ch_menu` WHERE  `parent_id` = 162  AND `id` IN (1,7,5,41,42,43,6,44,45,46,50,4,47,48,49,9,10,11,76,76,77,78,79,80,82,86,88,89,90,91,93,94,95,96,97,98,99,100,101,102,103,104,105,106,107,108,109,110,111,112,113,114,115,117,118,119,120,121,122,123,124,125,126,127,128,129,130,131,132,133,134,135,136,137,156,157,158,159,160,161,162,163,164,165,166,167,168,169,170,171,172,173,174,175,176,177,178,179,180,181,182,183,184,185,186,187,188,189,190,191,192,193,194,195,196,197,198)  AND `is_menu` = 1 [ RunTime:0.001298s ]
[ sql ] [ SQL ] SELECT * FROM `ch_menu` WHERE  `parent_id` = 171  AND `id` IN (1,7,5,41,42,43,6,44,45,46,50,4,47,48,49,9,10,11,76,76,77,78,79,80,82,86,88,89,90,91,93,94,95,96,97,98,99,100,101,102,103,104,105,106,107,108,109,110,111,112,113,114,115,117,118,119,120,121,122,123,124,125,126,127,128,129,130,131,132,133,134,135,136,137,156,157,158,159,160,161,162,163,164,165,166,167,168,169,170,171,172,173,174,175,176,177,178,179,180,181,182,183,184,185,186,187,188,189,190,191,192,193,194,195,196,197,198)  AND `is_menu` = 1 [ RunTime:0.000849s ]
[ sql ] [ SQL ] SELECT * FROM `ch_menu` WHERE  `parent_id` = 188  AND `id` IN (1,7,5,41,42,43,6,44,45,46,50,4,47,48,49,9,10,11,76,76,77,78,79,80,82,86,88,89,90,91,93,94,95,96,97,98,99,100,101,102,103,104,105,106,107,108,109,110,111,112,113,114,115,117,118,119,120,121,122,123,124,125,126,127,128,129,130,131,132,133,134,135,136,137,156,157,158,159,160,161,162,163,164,165,166,167,168,169,170,171,172,173,174,175,176,177,178,179,180,181,182,183,184,185,186,187,188,189,190,191,192,193,194,195,196,197,198)  AND `is_menu` = 1 [ RunTime:0.000816s ]
[ sql ] [ SQL ] SELECT * FROM `ch_role` WHERE  `id` = 1 LIMIT 1 [ RunTime:0.000508s ]
[ sql ] [ SQL ] SELECT `menu_id` FROM `ch_permission` WHERE  `role_id` = 1 [ RunTime:0.000605s ]
[ sql ] [ SQL ] SELECT * FROM `ch_menu` WHERE  `parent_id` = 167  AND `id` IN (1,7,5,41,42,43,6,44,45,46,50,4,47,48,49,9,10,11,76,76,77,78,79,80,82,86,88,89,90,91,93,94,95,96,97,98,99,100,101,102,103,104,105,106,107,108,109,110,111,112,113,114,115,117,118,119,120,121,122,123,124,125,126,127,128,129,130,131,132,133,134,135,136,137,156,157,158,159,160,161,162,163,164,165,166,167,168,169,170,171,172,173,174,175,176,177,178,179,180,181,182,183,184,185,186,187,188,189,190,191,192,193,194,195,196,197,198) ORDER BY sort asc [ RunTime:0.001474s ]
[ sql ] [ SQL ] SELECT * FROM `ch_menu` WHERE  `parent_id` = 168  AND `id` IN (1,7,5,41,42,43,6,44,45,46,50,4,47,48,49,9,10,11,76,76,77,78,79,80,82,86,88,89,90,91,93,94,95,96,97,98,99,100,101,102,103,104,105,106,107,108,109,110,111,112,113,114,115,117,118,119,120,121,122,123,124,125,126,127,128,129,130,131,132,133,134,135,136,137,156,157,158,159,160,161,162,163,164,165,166,167,168,169,170,171,172,173,174,175,176,177,178,179,180,181,182,183,184,185,186,187,188,189,190,191,192,193,194,195,196,197,198)  AND `is_menu` = 1 [ RunTime:0.001119s ]
[ sql ] [ SQL ] SELECT * FROM `ch_menu` WHERE  `parent_id` = 192  AND `id` IN (1,7,5,41,42,43,6,44,45,46,50,4,47,48,49,9,10,11,76,76,77,78,79,80,82,86,88,89,90,91,93,94,95,96,97,98,99,100,101,102,103,104,105,106,107,108,109,110,111,112,113,114,115,117,118,119,120,121,122,123,124,125,126,127,128,129,130,131,132,133,134,135,136,137,156,157,158,159,160,161,162,163,164,165,166,167,168,169,170,171,172,173,174,175,176,177,178,179,180,181,182,183,184,185,186,187,188,189,190,191,192,193,194,195,196,197,198)  AND `is_menu` = 1 [ RunTime:0.000691s ]
[ sql ] [ SQL ] SELECT * FROM `ch_role` WHERE  `id` = 1 LIMIT 1 [ RunTime:0.000470s ]
[ sql ] [ SQL ] SELECT `menu_id` FROM `ch_permission` WHERE  `role_id` = 1 [ RunTime:0.000497s ]
[ sql ] [ SQL ] SELECT * FROM `ch_menu` WHERE  `parent_id` = 175  AND `id` IN (1,7,5,41,42,43,6,44,45,46,50,4,47,48,49,9,10,11,76,76,77,78,79,80,82,86,88,89,90,91,93,94,95,96,97,98,99,100,101,102,103,104,105,106,107,108,109,110,111,112,113,114,115,117,118,119,120,121,122,123,124,125,126,127,128,129,130,131,132,133,134,135,136,137,156,157,158,159,160,161,162,163,164,165,166,167,168,169,170,171,172,173,174,175,176,177,178,179,180,181,182,183,184,185,186,187,188,189,190,191,192,193,194,195,196,197,198) ORDER BY sort asc [ RunTime:0.001077s ]
[ sql ] [ SQL ] SELECT * FROM `ch_menu` WHERE  `parent_id` = 180  AND `id` IN (1,7,5,41,42,43,6,44,45,46,50,4,47,48,49,9,10,11,76,76,77,78,79,80,82,86,88,89,90,91,93,94,95,96,97,98,99,100,101,102,103,104,105,106,107,108,109,110,111,112,113,114,115,117,118,119,120,121,122,123,124,125,126,127,128,129,130,131,132,133,134,135,136,137,156,157,158,159,160,161,162,163,164,165,166,167,168,169,170,171,172,173,174,175,176,177,178,179,180,181,182,183,184,185,186,187,188,189,190,191,192,193,194,195,196,197,198)  AND `is_menu` = 1 [ RunTime:0.001092s ]
[ sql ] [ SQL ] SELECT * FROM `ch_menu` WHERE  `parent_id` = 178  AND `id` IN (1,7,5,41,42,43,6,44,45,46,50,4,47,48,49,9,10,11,76,76,77,78,79,80,82,86,88,89,90,91,93,94,95,96,97,98,99,100,101,102,103,104,105,106,107,108,109,110,111,112,113,114,115,117,118,119,120,121,122,123,124,125,126,127,128,129,130,131,132,133,134,135,136,137,156,157,158,159,160,161,162,163,164,165,166,167,168,169,170,171,172,173,174,175,176,177,178,179,180,181,182,183,184,185,186,187,188,189,190,191,192,193,194,195,196,197,198)  AND `is_menu` = 1 [ RunTime:0.001004s ]
[ sql ] [ SQL ] SELECT * FROM `ch_menu` WHERE  `parent_id` = 176  AND `id` IN (1,7,5,41,42,43,6,44,45,46,50,4,47,48,49,9,10,11,76,76,77,78,79,80,82,86,88,89,90,91,93,94,95,96,97,98,99,100,101,102,103,104,105,106,107,108,109,110,111,112,113,114,115,117,118,119,120,121,122,123,124,125,126,127,128,129,130,131,132,133,134,135,136,137,156,157,158,159,160,161,162,163,164,165,166,167,168,169,170,171,172,173,174,175,176,177,178,179,180,181,182,183,184,185,186,187,188,189,190,191,192,193,194,195,196,197,198)  AND `is_menu` = 1 [ RunTime:0.001037s ]
[ sql ] [ SQL ] SELECT * FROM `ch_menu` WHERE  `parent_id` = 179  AND `id` IN (1,7,5,41,42,43,6,44,45,46,50,4,47,48,49,9,10,11,76,76,77,78,79,80,82,86,88,89,90,91,93,94,95,96,97,98,99,100,101,102,103,104,105,106,107,108,109,110,111,112,113,114,115,117,118,119,120,121,122,123,124,125,126,127,128,129,130,131,132,133,134,135,136,137,156,157,158,159,160,161,162,163,164,165,166,167,168,169,170,171,172,173,174,175,176,177,178,179,180,181,182,183,184,185,186,187,188,189,190,191,192,193,194,195,196,197,198)  AND `is_menu` = 1 [ RunTime:0.000875s ]
[ sql ] [ SQL ] SELECT * FROM `ch_menu` WHERE  `parent_id` = 181  AND `id` IN (1,7,5,41,42,43,6,44,45,46,50,4,47,48,49,9,10,11,76,76,77,78,79,80,82,86,88,89,90,91,93,94,95,96,97,98,99,100,101,102,103,104,105,106,107,108,109,110,111,112,113,114,115,117,118,119,120,121,122,123,124,125,126,127,128,129,130,131,132,133,134,135,136,137,156,157,158,159,160,161,162,163,164,165,166,167,168,169,170,171,172,173,174,175,176,177,178,179,180,181,182,183,184,185,186,187,188,189,190,191,192,193,194,195,196,197,198)  AND `is_menu` = 1 [ RunTime:0.000579s ]
[ error ] [8192]The each() function is deprecated. This message will be suppressed on further calls
[ error ] [8]未定义数组索引: child
[ error ] [8]未定义数组索引: child
[ error ] [8]未定义数组索引: child
[ error ] [8]未定义数组索引: child
[ error ] [8]未定义数组索引: child
[ error ] [8]未定义数组索引: child
[ error ] [8]未定义数组索引: child
[ error ] [8]未定义数组索引: child
[ error ] [8]未定义数组索引: child
[ error ] [8]未定义数组索引: child
[ error ] [8]未定义数组索引: child
[ error ] [8]未定义数组索引: child
[ error ] [8]未定义数组索引: child
[ error ] [8]未定义数组索引: child
[ error ] [8]未定义数组索引: child

---------------------------------------------------------------
[ 2024-01-03T11:37:40+08:00 ] [ sql ] [ DB ] CONNECT:[ UseTime:0.244749s ] mysql:dbname=changheng;host=localhost;port=3306;charset=utf8
[ sql ] [ SQL ] SHOW COLUMNS FROM `ch_user` [ RunTime:0.056463s ]
[ sql ] [ SQL ] SELECT * FROM `ch_user` WHERE  `ch_user`.`delete_time` IS NULL  AND `id` = 2 LIMIT 1 [ RunTime:0.000951s ]
[ sql ] [ SQL ] SHOW COLUMNS FROM `ch_permission` [ RunTime:0.107733s ]
[ sql ] [ SQL ] SELECT * FROM `ch_permission` WHERE  `ch_permission`.`delete_time` IS NULL  AND `role_id` = 1 [ RunTime:0.000869s ]
[ sql ] [ SQL ] SHOW COLUMNS FROM `ch_menu` [ RunTime:0.090463s ]
[ sql ] [ SQL ] SELECT * FROM `ch_menu` WHERE  `id` IN (1,7,5,41,42,43,6,44,45,46,50,4,47,48,49,9,10,11,76,76,77,78,79,80,82,86,88,89,90,91,93,94,95,96,97,98,99,100,103,105,106,107,108,109,110,111,112,113,114,115,117,118,119,120,121,122,123,124,125,126,127,128,129,130,131,132,133,134,135,136,137,156,157,158,159,160,161,162,163,164,165,166,167,168,169,170,171,172,173,174,175,176,177,178,179,180,181,182,183,184,185,186,187,188,189,190,191,192,193,194,195,196,197,198) [ RunTime:0.001251s ]
[ sql ] [ SQL ] select count(a.id) as value from ch_app_trace a where a.update_time like "2024%" and a.delete_time is NULL group by a.status ORDER BY a.STATUS asc [ RunTime:0.160014s ]
[ sql ] [ SQL ] select count(a.id) as value from ch_app_trace a where a.update_time like "2024-01%" and a.delete_time is NULL group by a.status ORDER BY a.STATUS asc [ RunTime:0.000986s ]
[ sql ] [ SQL ] select count(a.id) as value from ch_app_trace a where a.update_time like "2024-01-03%" and a.delete_time is NULL group by a.status ORDER BY a.STATUS asc [ RunTime:0.047075s ]
[ sql ] [ SQL ] select  count(a.id) as value,(case a.status when 1  then "已上架" when 2 then "审核中" when 3 then "待审核" when 4 then "账号禁用" when 5 then "分配中" when 6 then "已暂停" when 7 then "待验证" when 8 then "已下架" when 9 then "账号关联" when 10 then "更新中" when 11 then "其他" end) as name from ch_app_trace a where a.update_time like "2024-01-03%" and a.delete_time is NULL group by a.status ORDER BY a.STATUS asc [ RunTime:0.003274s ]
[ sql ] [ SQL ] select  count(a.id) as value,(case a.status when 1  then "已上架" when 2 then "审核中" when 3 then "待审核" when 4 then "账号禁用" when 5 then "分配中" when 6 then "已暂停" when 7 then "待验证" when 8 then "已下架" when 9 then "账号关联" when 10 then "更新中" when 11 then "其他" end) as name from ch_app_trace a where a.update_time like "2024-01%" and a.delete_time is NULL group by a.status ORDER BY a.STATUS asc [ RunTime:0.008506s ]
[ sql ] [ SQL ] select case a.status when 1  then "已上架" when 2 then "审核中" when 3 then "待审核" when 4 then "账号禁用" when 5 then "分配中" when 6 then "已暂停" when 7 then "待验证" when 8 then "已下架" when 9 then "账号关联" when 10 then "更新中" when 11 then "其他" end as name from ch_app_trace a where a.update_time like "%" and a.delete_time is NULL group by a.status ORDER BY a.STATUS asc [ RunTime:0.000782s ]
[ error ] [8]未定义变量: year

---------------------------------------------------------------
[ 2024-01-03T11:37:41+08:00 ] [ sql ] [ DB ] CONNECT:[ UseTime:0.182105s ] mysql:dbname=changheng;host=localhost;port=3306;charset=utf8
[ sql ] [ SQL ] SHOW COLUMNS FROM `ch_user` [ RunTime:0.023464s ]
[ sql ] [ SQL ] SELECT * FROM `ch_user` WHERE  `ch_user`.`delete_time` IS NULL  AND `id` = 2 LIMIT 1 [ RunTime:0.000514s ]
[ sql ] [ SQL ] SHOW COLUMNS FROM `ch_permission` [ RunTime:0.033131s ]
[ sql ] [ SQL ] SELECT * FROM `ch_permission` WHERE  `ch_permission`.`delete_time` IS NULL  AND `role_id` = 1 [ RunTime:0.000819s ]
[ sql ] [ SQL ] SHOW COLUMNS FROM `ch_menu` [ RunTime:0.144923s ]
[ sql ] [ SQL ] SELECT * FROM `ch_menu` WHERE  `id` IN (1,7,5,41,42,43,6,44,45,46,50,4,47,48,49,9,10,11,76,76,77,78,79,80,82,86,88,89,90,91,93,94,95,96,97,98,99,100,103,105,106,107,108,109,110,111,112,113,114,115,117,118,119,120,121,122,123,124,125,126,127,128,129,130,131,132,133,134,135,136,137,156,157,158,159,160,161,162,163,164,165,166,167,168,169,170,171,172,173,174,175,176,177,178,179,180,181,182,183,184,185,186,187,188,189,190,191,192,193,194,195,196,197,198) [ RunTime:0.001328s ]

---------------------------------------------------------------
[ 2024-01-03T11:37:46+08:00 ] [ sql ] [ DB ] CONNECT:[ UseTime:0.023286s ] mysql:dbname=changheng;host=localhost;port=3306;charset=utf8
[ sql ] [ SQL ] SHOW COLUMNS FROM `ch_user` [ RunTime:0.091654s ]
[ sql ] [ SQL ] SELECT * FROM `ch_user` WHERE  `ch_user`.`delete_time` IS NULL  AND `id` = 2 LIMIT 1 [ RunTime:0.000493s ]
[ sql ] [ SQL ] SHOW COLUMNS FROM `ch_permission` [ RunTime:0.059069s ]
[ sql ] [ SQL ] SELECT * FROM `ch_permission` WHERE  `ch_permission`.`delete_time` IS NULL  AND `role_id` = 1 [ RunTime:0.038908s ]
[ sql ] [ SQL ] SHOW COLUMNS FROM `ch_menu` [ RunTime:0.059628s ]
[ sql ] [ SQL ] SELECT * FROM `ch_menu` WHERE  `id` IN (1,7,5,41,42,43,6,44,45,46,50,4,47,48,49,9,10,11,76,76,77,78,79,80,82,86,88,89,90,91,93,94,95,96,97,98,99,100,103,105,106,107,108,109,110,111,112,113,114,115,117,118,119,120,121,122,123,124,125,126,127,128,129,130,131,132,133,134,135,136,137,156,157,158,159,160,161,162,163,164,165,166,167,168,169,170,171,172,173,174,175,176,177,178,179,180,181,182,183,184,185,186,187,188,189,190,191,192,193,194,195,196,197,198) [ RunTime:0.001622s ]
[ sql ] [ SQL ] SHOW COLUMNS FROM `ch_role` [ RunTime:0.002326s ]
[ sql ] [ SQL ] SELECT COUNT(*) AS tp_count FROM `ch_role` WHERE  `ch_role`.`delete_time` IS NULL LIMIT 1 [ RunTime:0.024112s ]
[ sql ] [ SQL ] SELECT * FROM `ch_role` WHERE  `ch_role`.`delete_time` IS NULL ORDER BY sort asc,id asc LIMIT 0,20 [ RunTime:0.012477s ]
[ sql ] [ SQL ] SELECT `id` FROM `ch_menu` WHERE  `module_name` = 'admin'  AND `controller_name` = 'Role'  AND `view_name` = 'rlist' LIMIT 1 [ RunTime:0.000438s ]
[ sql ] [ SQL ] SELECT * FROM `ch_menu` WHERE  `parent_id` = 6 [ RunTime:0.000460s ]
[ sql ] [ SQL ] SELECT `p`.`id`,`m`.`name` FROM `ch_permission` `p` INNER JOIN `ch_menu` `m` ON `p`.`menu_id`=`m`.`id` WHERE  `p`.`role_id` = 1  AND `p`.`menu_id` IN (44,45,46,50) [ RunTime:0.000837s ]
[ error ] [8192]The each() function is deprecated. This message will be suppressed on further calls
[ error ] [2]Use of undefined constant 角色新增 - assumed '角色新增' (this will throw an Error in a future version of PHP)
[ error ] [2]Use of undefined constant 权限分配 - assumed '权限分配' (this will throw an Error in a future version of PHP)
[ error ] [2]Use of undefined constant 角色修改 - assumed '角色修改' (this will throw an Error in a future version of PHP)
[ error ] [2]Use of undefined constant 角色删除 - assumed '角色删除' (this will throw an Error in a future version of PHP)
[ error ] [2]Use of undefined constant 权限分配 - assumed '权限分配' (this will throw an Error in a future version of PHP)
[ error ] [2]Use of undefined constant 角色修改 - assumed '角色修改' (this will throw an Error in a future version of PHP)
[ error ] [2]Use of undefined constant 角色删除 - assumed '角色删除' (this will throw an Error in a future version of PHP)

---------------------------------------------------------------
[ 2024-01-03T16:24:23+08:00 ] [ sql ] [ DB ] CONNECT:[ UseTime:0.247168s ] mysql:dbname=changheng;host=localhost;port=3306;charset=utf8
[ sql ] [ SQL ] SHOW COLUMNS FROM `ch_user` [ RunTime:0.230952s ]
[ sql ] [ SQL ] SELECT * FROM `ch_user` WHERE  `ch_user`.`delete_time` IS NULL  AND `id` = 2 LIMIT 1 [ RunTime:0.070872s ]
[ sql ] [ SQL ] SHOW COLUMNS FROM `ch_permission` [ RunTime:0.146910s ]
[ sql ] [ SQL ] SELECT * FROM `ch_permission` WHERE  `ch_permission`.`delete_time` IS NULL  AND `role_id` = 1 [ RunTime:0.022507s ]
[ sql ] [ SQL ] SHOW COLUMNS FROM `ch_menu` [ RunTime:0.042125s ]
[ sql ] [ SQL ] SELECT * FROM `ch_menu` WHERE  `id` IN (1,7,5,41,42,43,6,44,45,46,50,4,47,48,49,9,10,11,76,76,77,78,79,80,82,86,88,89,90,91,93,94,95,96,97,98,99,100,103,105,106,107,108,109,110,111,112,113,114,115,117,118,119,120,121,122,123,124,125,126,127,128,129,130,131,132,133,134,135,136,137,156,157,158,159,160,161,162,163,164,165,166,167,168,169,170,171,172,173,174,175,176,177,178,179,180,181,182,183,184,185,186,187,188,189,190,191,192,193,194,195,196,197,198) [ RunTime:0.039282s ]
[ sql ] [ SQL ] SHOW COLUMNS FROM `ch_website` [ RunTime:0.028527s ]
[ sql ] [ SQL ] SELECT * FROM `ch_website` WHERE  `id` = 1 LIMIT 1 [ RunTime:0.007053s ]
[ sql ] [ SQL ] SELECT `p`.`role_id`,`p`.`menu_id`,`m`.`id`,`m`.`name`,`m`.`module_name`,`m`.`controller_name`,`m`.`view_name`,`m`.`parent_id`,`m`.`is_menu`,`m`.`sort` FROM `ch_permission` `p` INNER JOIN `ch_menu` `m` ON `p`.`menu_id`=`m`.`id` WHERE  `p`.`role_id` = 1  AND `m`.`is_menu` = 1 ORDER BY m.sort asc [ RunTime:0.000713s ]
[ sql ] [ SQL ] SHOW COLUMNS FROM `ch_role` [ RunTime:0.024324s ]
[ sql ] [ SQL ] SELECT * FROM `ch_role` WHERE  `id` = 1 LIMIT 1 [ RunTime:0.022709s ]
[ sql ] [ SQL ] SELECT `menu_id` FROM `ch_permission` WHERE  `role_id` = 1 [ RunTime:0.000430s ]
[ sql ] [ SQL ] SELECT * FROM `ch_menu` WHERE  `parent_id` = 1  AND `id` IN (1,7,5,41,42,43,6,44,45,46,50,4,47,48,49,9,10,11,76,76,77,78,79,80,82,86,88,89,90,91,93,94,95,96,97,98,99,100,101,102,103,104,105,106,107,108,109,110,111,112,113,114,115,117,118,119,120,121,122,123,124,125,126,127,128,129,130,131,132,133,134,135,136,137,156,157,158,159,160,161,162,163,164,165,166,167,168,169,170,171,172,173,174,175,176,177,178,179,180,181,182,183,184,185,186,187,188,189,190,191,192,193,194,195,196,197,198) ORDER BY sort asc [ RunTime:0.001039s ]
[ sql ] [ SQL ] SELECT * FROM `ch_menu` WHERE  `parent_id` = 7  AND `id` IN (1,7,5,41,42,43,6,44,45,46,50,4,47,48,49,9,10,11,76,76,77,78,79,80,82,86,88,89,90,91,93,94,95,96,97,98,99,100,101,102,103,104,105,106,107,108,109,110,111,112,113,114,115,117,118,119,120,121,122,123,124,125,126,127,128,129,130,131,132,133,134,135,136,137,156,157,158,159,160,161,162,163,164,165,166,167,168,169,170,171,172,173,174,175,176,177,178,179,180,181,182,183,184,185,186,187,188,189,190,191,192,193,194,195,196,197,198)  AND `is_menu` = 1 [ RunTime:0.020687s ]
[ sql ] [ SQL ] SELECT * FROM `ch_menu` WHERE  `parent_id` = 5  AND `id` IN (1,7,5,41,42,43,6,44,45,46,50,4,47,48,49,9,10,11,76,76,77,78,79,80,82,86,88,89,90,91,93,94,95,96,97,98,99,100,101,102,103,104,105,106,107,108,109,110,111,112,113,114,115,117,118,119,120,121,122,123,124,125,126,127,128,129,130,131,132,133,134,135,136,137,156,157,158,159,160,161,162,163,164,165,166,167,168,169,170,171,172,173,174,175,176,177,178,179,180,181,182,183,184,185,186,187,188,189,190,191,192,193,194,195,196,197,198)  AND `is_menu` = 1 [ RunTime:0.000429s ]
[ sql ] [ SQL ] SELECT * FROM `ch_menu` WHERE  `parent_id` = 6  AND `id` IN (1,7,5,41,42,43,6,44,45,46,50,4,47,48,49,9,10,11,76,76,77,78,79,80,82,86,88,89,90,91,93,94,95,96,97,98,99,100,101,102,103,104,105,106,107,108,109,110,111,112,113,114,115,117,118,119,120,121,122,123,124,125,126,127,128,129,130,131,132,133,134,135,136,137,156,157,158,159,160,161,162,163,164,165,166,167,168,169,170,171,172,173,174,175,176,177,178,179,180,181,182,183,184,185,186,187,188,189,190,191,192,193,194,195,196,197,198)  AND `is_menu` = 1 [ RunTime:0.000418s ]
[ sql ] [ SQL ] SELECT * FROM `ch_menu` WHERE  `parent_id` = 4  AND `id` IN (1,7,5,41,42,43,6,44,45,46,50,4,47,48,49,9,10,11,76,76,77,78,79,80,82,86,88,89,90,91,93,94,95,96,97,98,99,100,101,102,103,104,105,106,107,108,109,110,111,112,113,114,115,117,118,119,120,121,122,123,124,125,126,127,128,129,130,131,132,133,134,135,136,137,156,157,158,159,160,161,162,163,164,165,166,167,168,169,170,171,172,173,174,175,176,177,178,179,180,181,182,183,184,185,186,187,188,189,190,191,192,193,194,195,196,197,198)  AND `is_menu` = 1 [ RunTime:0.000443s ]
[ sql ] [ SQL ] SELECT * FROM `ch_menu` WHERE  `parent_id` = 193  AND `id` IN (1,7,5,41,42,43,6,44,45,46,50,4,47,48,49,9,10,11,76,76,77,78,79,80,82,86,88,89,90,91,93,94,95,96,97,98,99,100,101,102,103,104,105,106,107,108,109,110,111,112,113,114,115,117,118,119,120,121,122,123,124,125,126,127,128,129,130,131,132,133,134,135,136,137,156,157,158,159,160,161,162,163,164,165,166,167,168,169,170,171,172,173,174,175,176,177,178,179,180,181,182,183,184,185,186,187,188,189,190,191,192,193,194,195,196,197,198)  AND `is_menu` = 1 [ RunTime:0.000431s ]
[ sql ] [ SQL ] SELECT * FROM `ch_role` WHERE  `id` = 1 LIMIT 1 [ RunTime:0.000575s ]
[ sql ] [ SQL ] SELECT `menu_id` FROM `ch_permission` WHERE  `role_id` = 1 [ RunTime:0.000544s ]
[ sql ] [ SQL ] SELECT * FROM `ch_menu` WHERE  `parent_id` = 156  AND `id` IN (1,7,5,41,42,43,6,44,45,46,50,4,47,48,49,9,10,11,76,76,77,78,79,80,82,86,88,89,90,91,93,94,95,96,97,98,99,100,101,102,103,104,105,106,107,108,109,110,111,112,113,114,115,117,118,119,120,121,122,123,124,125,126,127,128,129,130,131,132,133,134,135,136,137,156,157,158,159,160,161,162,163,164,165,166,167,168,169,170,171,172,173,174,175,176,177,178,179,180,181,182,183,184,185,186,187,188,189,190,191,192,193,194,195,196,197,198) ORDER BY sort asc [ RunTime:0.000904s ]
[ sql ] [ SQL ] SELECT * FROM `ch_menu` WHERE  `parent_id` = 162  AND `id` IN (1,7,5,41,42,43,6,44,45,46,50,4,47,48,49,9,10,11,76,76,77,78,79,80,82,86,88,89,90,91,93,94,95,96,97,98,99,100,101,102,103,104,105,106,107,108,109,110,111,112,113,114,115,117,118,119,120,121,122,123,124,125,126,127,128,129,130,131,132,133,134,135,136,137,156,157,158,159,160,161,162,163,164,165,166,167,168,169,170,171,172,173,174,175,176,177,178,179,180,181,182,183,184,185,186,187,188,189,190,191,192,193,194,195,196,197,198)  AND `is_menu` = 1 [ RunTime:0.001094s ]
[ sql ] [ SQL ] SELECT * FROM `ch_menu` WHERE  `parent_id` = 171  AND `id` IN (1,7,5,41,42,43,6,44,45,46,50,4,47,48,49,9,10,11,76,76,77,78,79,80,82,86,88,89,90,91,93,94,95,96,97,98,99,100,101,102,103,104,105,106,107,108,109,110,111,112,113,114,115,117,118,119,120,121,122,123,124,125,126,127,128,129,130,131,132,133,134,135,136,137,156,157,158,159,160,161,162,163,164,165,166,167,168,169,170,171,172,173,174,175,176,177,178,179,180,181,182,183,184,185,186,187,188,189,190,191,192,193,194,195,196,197,198)  AND `is_menu` = 1 [ RunTime:0.000497s ]
[ sql ] [ SQL ] SELECT * FROM `ch_menu` WHERE  `parent_id` = 188  AND `id` IN (1,7,5,41,42,43,6,44,45,46,50,4,47,48,49,9,10,11,76,76,77,78,79,80,82,86,88,89,90,91,93,94,95,96,97,98,99,100,101,102,103,104,105,106,107,108,109,110,111,112,113,114,115,117,118,119,120,121,122,123,124,125,126,127,128,129,130,131,132,133,134,135,136,137,156,157,158,159,160,161,162,163,164,165,166,167,168,169,170,171,172,173,174,175,176,177,178,179,180,181,182,183,184,185,186,187,188,189,190,191,192,193,194,195,196,197,198)  AND `is_menu` = 1 [ RunTime:0.000423s ]
[ sql ] [ SQL ] SELECT * FROM `ch_role` WHERE  `id` = 1 LIMIT 1 [ RunTime:0.000443s ]
[ sql ] [ SQL ] SELECT `menu_id` FROM `ch_permission` WHERE  `role_id` = 1 [ RunTime:0.000497s ]
[ sql ] [ SQL ] SELECT * FROM `ch_menu` WHERE  `parent_id` = 167  AND `id` IN (1,7,5,41,42,43,6,44,45,46,50,4,47,48,49,9,10,11,76,76,77,78,79,80,82,86,88,89,90,91,93,94,95,96,97,98,99,100,101,102,103,104,105,106,107,108,109,110,111,112,113,114,115,117,118,119,120,121,122,123,124,125,126,127,128,129,130,131,132,133,134,135,136,137,156,157,158,159,160,161,162,163,164,165,166,167,168,169,170,171,172,173,174,175,176,177,178,179,180,181,182,183,184,185,186,187,188,189,190,191,192,193,194,195,196,197,198) ORDER BY sort asc [ RunTime:0.001101s ]
[ sql ] [ SQL ] SELECT * FROM `ch_menu` WHERE  `parent_id` = 168  AND `id` IN (1,7,5,41,42,43,6,44,45,46,50,4,47,48,49,9,10,11,76,76,77,78,79,80,82,86,88,89,90,91,93,94,95,96,97,98,99,100,101,102,103,104,105,106,107,108,109,110,111,112,113,114,115,117,118,119,120,121,122,123,124,125,126,127,128,129,130,131,132,133,134,135,136,137,156,157,158,159,160,161,162,163,164,165,166,167,168,169,170,171,172,173,174,175,176,177,178,179,180,181,182,183,184,185,186,187,188,189,190,191,192,193,194,195,196,197,198)  AND `is_menu` = 1 [ RunTime:0.000766s ]
[ sql ] [ SQL ] SELECT * FROM `ch_menu` WHERE  `parent_id` = 192  AND `id` IN (1,7,5,41,42,43,6,44,45,46,50,4,47,48,49,9,10,11,76,76,77,78,79,80,82,86,88,89,90,91,93,94,95,96,97,98,99,100,101,102,103,104,105,106,107,108,109,110,111,112,113,114,115,117,118,119,120,121,122,123,124,125,126,127,128,129,130,131,132,133,134,135,136,137,156,157,158,159,160,161,162,163,164,165,166,167,168,169,170,171,172,173,174,175,176,177,178,179,180,181,182,183,184,185,186,187,188,189,190,191,192,193,194,195,196,197,198)  AND `is_menu` = 1 [ RunTime:0.000637s ]
[ sql ] [ SQL ] SELECT * FROM `ch_role` WHERE  `id` = 1 LIMIT 1 [ RunTime:0.000504s ]
[ sql ] [ SQL ] SELECT `menu_id` FROM `ch_permission` WHERE  `role_id` = 1 [ RunTime:0.000523s ]
[ sql ] [ SQL ] SELECT * FROM `ch_menu` WHERE  `parent_id` = 175  AND `id` IN (1,7,5,41,42,43,6,44,45,46,50,4,47,48,49,9,10,11,76,76,77,78,79,80,82,86,88,89,90,91,93,94,95,96,97,98,99,100,101,102,103,104,105,106,107,108,109,110,111,112,113,114,115,117,118,119,120,121,122,123,124,125,126,127,128,129,130,131,132,133,134,135,136,137,156,157,158,159,160,161,162,163,164,165,166,167,168,169,170,171,172,173,174,175,176,177,178,179,180,181,182,183,184,185,186,187,188,189,190,191,192,193,194,195,196,197,198) ORDER BY sort asc [ RunTime:0.000891s ]
[ sql ] [ SQL ] SELECT * FROM `ch_menu` WHERE  `parent_id` = 180  AND `id` IN (1,7,5,41,42,43,6,44,45,46,50,4,47,48,49,9,10,11,76,76,77,78,79,80,82,86,88,89,90,91,93,94,95,96,97,98,99,100,101,102,103,104,105,106,107,108,109,110,111,112,113,114,115,117,118,119,120,121,122,123,124,125,126,127,128,129,130,131,132,133,134,135,136,137,156,157,158,159,160,161,162,163,164,165,166,167,168,169,170,171,172,173,174,175,176,177,178,179,180,181,182,183,184,185,186,187,188,189,190,191,192,193,194,195,196,197,198)  AND `is_menu` = 1 [ RunTime:0.000733s ]
[ sql ] [ SQL ] SELECT * FROM `ch_menu` WHERE  `parent_id` = 178  AND `id` IN (1,7,5,41,42,43,6,44,45,46,50,4,47,48,49,9,10,11,76,76,77,78,79,80,82,86,88,89,90,91,93,94,95,96,97,98,99,100,101,102,103,104,105,106,107,108,109,110,111,112,113,114,115,117,118,119,120,121,122,123,124,125,126,127,128,129,130,131,132,133,134,135,136,137,156,157,158,159,160,161,162,163,164,165,166,167,168,169,170,171,172,173,174,175,176,177,178,179,180,181,182,183,184,185,186,187,188,189,190,191,192,193,194,195,196,197,198)  AND `is_menu` = 1 [ RunTime:0.000465s ]
[ sql ] [ SQL ] SELECT * FROM `ch_menu` WHERE  `parent_id` = 176  AND `id` IN (1,7,5,41,42,43,6,44,45,46,50,4,47,48,49,9,10,11,76,76,77,78,79,80,82,86,88,89,90,91,93,94,95,96,97,98,99,100,101,102,103,104,105,106,107,108,109,110,111,112,113,114,115,117,118,119,120,121,122,123,124,125,126,127,128,129,130,131,132,133,134,135,136,137,156,157,158,159,160,161,162,163,164,165,166,167,168,169,170,171,172,173,174,175,176,177,178,179,180,181,182,183,184,185,186,187,188,189,190,191,192,193,194,195,196,197,198)  AND `is_menu` = 1 [ RunTime:0.000420s ]
[ sql ] [ SQL ] SELECT * FROM `ch_menu` WHERE  `parent_id` = 179  AND `id` IN (1,7,5,41,42,43,6,44,45,46,50,4,47,48,49,9,10,11,76,76,77,78,79,80,82,86,88,89,90,91,93,94,95,96,97,98,99,100,101,102,103,104,105,106,107,108,109,110,111,112,113,114,115,117,118,119,120,121,122,123,124,125,126,127,128,129,130,131,132,133,134,135,136,137,156,157,158,159,160,161,162,163,164,165,166,167,168,169,170,171,172,173,174,175,176,177,178,179,180,181,182,183,184,185,186,187,188,189,190,191,192,193,194,195,196,197,198)  AND `is_menu` = 1 [ RunTime:0.000412s ]
[ sql ] [ SQL ] SELECT * FROM `ch_menu` WHERE  `parent_id` = 181  AND `id` IN (1,7,5,41,42,43,6,44,45,46,50,4,47,48,49,9,10,11,76,76,77,78,79,80,82,86,88,89,90,91,93,94,95,96,97,98,99,100,101,102,103,104,105,106,107,108,109,110,111,112,113,114,115,117,118,119,120,121,122,123,124,125,126,127,128,129,130,131,132,133,134,135,136,137,156,157,158,159,160,161,162,163,164,165,166,167,168,169,170,171,172,173,174,175,176,177,178,179,180,181,182,183,184,185,186,187,188,189,190,191,192,193,194,195,196,197,198)  AND `is_menu` = 1 [ RunTime:0.000409s ]
[ error ] [8192]The each() function is deprecated. This message will be suppressed on further calls
[ error ] [8]未定义数组索引: child
[ error ] [8]未定义数组索引: child
[ error ] [8]未定义数组索引: child
[ error ] [8]未定义数组索引: child
[ error ] [8]未定义数组索引: child
[ error ] [8]未定义数组索引: child
[ error ] [8]未定义数组索引: child
[ error ] [8]未定义数组索引: child
[ error ] [8]未定义数组索引: child
[ error ] [8]未定义数组索引: child
[ error ] [8]未定义数组索引: child
[ error ] [8]未定义数组索引: child
[ error ] [8]未定义数组索引: child
[ error ] [8]未定义数组索引: child
[ error ] [8]未定义数组索引: child

---------------------------------------------------------------
[ 2024-01-03T16:24:24+08:00 ] [ sql ] [ DB ] CONNECT:[ UseTime:0.026626s ] mysql:dbname=changheng;host=localhost;port=3306;charset=utf8
[ sql ] [ SQL ] SHOW COLUMNS FROM `ch_user` [ RunTime:0.074423s ]
[ sql ] [ SQL ] SELECT * FROM `ch_user` WHERE  `ch_user`.`delete_time` IS NULL  AND `id` = 2 LIMIT 1 [ RunTime:0.000485s ]
[ sql ] [ SQL ] SHOW COLUMNS FROM `ch_permission` [ RunTime:0.002162s ]
[ sql ] [ SQL ] SELECT * FROM `ch_permission` WHERE  `ch_permission`.`delete_time` IS NULL  AND `role_id` = 1 [ RunTime:0.000802s ]
[ sql ] [ SQL ] SHOW COLUMNS FROM `ch_menu` [ RunTime:0.085795s ]
[ sql ] [ SQL ] SELECT * FROM `ch_menu` WHERE  `id` IN (1,7,5,41,42,43,6,44,45,46,50,4,47,48,49,9,10,11,76,76,77,78,79,80,82,86,88,89,90,91,93,94,95,96,97,98,99,100,103,105,106,107,108,109,110,111,112,113,114,115,117,118,119,120,121,122,123,124,125,126,127,128,129,130,131,132,133,134,135,136,137,156,157,158,159,160,161,162,163,164,165,166,167,168,169,170,171,172,173,174,175,176,177,178,179,180,181,182,183,184,185,186,187,188,189,190,191,192,193,194,195,196,197,198) [ RunTime:0.000788s ]
[ sql ] [ SQL ] select count(a.id) as value from ch_app_trace a where a.update_time like "2024%" and a.delete_time is NULL group by a.status ORDER BY a.STATUS asc [ RunTime:0.274131s ]
[ sql ] [ SQL ] select count(a.id) as value from ch_app_trace a where a.update_time like "2024-01%" and a.delete_time is NULL group by a.status ORDER BY a.STATUS asc [ RunTime:0.000454s ]
[ sql ] [ SQL ] select count(a.id) as value from ch_app_trace a where a.update_time like "2024-01-03%" and a.delete_time is NULL group by a.status ORDER BY a.STATUS asc [ RunTime:0.020500s ]
[ sql ] [ SQL ] select  count(a.id) as value,(case a.status when 1  then "已上架" when 2 then "审核中" when 3 then "待审核" when 4 then "账号禁用" when 5 then "分配中" when 6 then "已暂停" when 7 then "待验证" when 8 then "已下架" when 9 then "账号关联" when 10 then "更新中" when 11 then "其他" end) as name from ch_app_trace a where a.update_time like "2024-01-03%" and a.delete_time is NULL group by a.status ORDER BY a.STATUS asc [ RunTime:0.018462s ]
[ sql ] [ SQL ] select  count(a.id) as value,(case a.status when 1  then "已上架" when 2 then "审核中" when 3 then "待审核" when 4 then "账号禁用" when 5 then "分配中" when 6 then "已暂停" when 7 then "待验证" when 8 then "已下架" when 9 then "账号关联" when 10 then "更新中" when 11 then "其他" end) as name from ch_app_trace a where a.update_time like "2024-01%" and a.delete_time is NULL group by a.status ORDER BY a.STATUS asc [ RunTime:0.012983s ]
[ sql ] [ SQL ] select case a.status when 1  then "已上架" when 2 then "审核中" when 3 then "待审核" when 4 then "账号禁用" when 5 then "分配中" when 6 then "已暂停" when 7 then "待验证" when 8 then "已下架" when 9 then "账号关联" when 10 then "更新中" when 11 then "其他" end as name from ch_app_trace a where a.update_time like "%" and a.delete_time is NULL group by a.status ORDER BY a.STATUS asc [ RunTime:0.035065s ]
[ error ] [8]未定义变量: year

---------------------------------------------------------------
[ 2024-01-03T16:24:25+08:00 ] [ sql ] [ DB ] CONNECT:[ UseTime:0.026637s ] mysql:dbname=changheng;host=localhost;port=3306;charset=utf8
[ sql ] [ SQL ] SHOW COLUMNS FROM `ch_user` [ RunTime:0.025782s ]
[ sql ] [ SQL ] SELECT * FROM `ch_user` WHERE  `ch_user`.`delete_time` IS NULL  AND `id` = 2 LIMIT 1 [ RunTime:0.005817s ]
[ sql ] [ SQL ] SHOW COLUMNS FROM `ch_permission` [ RunTime:0.017772s ]
[ sql ] [ SQL ] SELECT * FROM `ch_permission` WHERE  `ch_permission`.`delete_time` IS NULL  AND `role_id` = 1 [ RunTime:0.000530s ]
[ sql ] [ SQL ] SHOW COLUMNS FROM `ch_menu` [ RunTime:0.002295s ]
[ sql ] [ SQL ] SELECT * FROM `ch_menu` WHERE  `id` IN (1,7,5,41,42,43,6,44,45,46,50,4,47,48,49,9,10,11,76,76,77,78,79,80,82,86,88,89,90,91,93,94,95,96,97,98,99,100,103,105,106,107,108,109,110,111,112,113,114,115,117,118,119,120,121,122,123,124,125,126,127,128,129,130,131,132,133,134,135,136,137,156,157,158,159,160,161,162,163,164,165,166,167,168,169,170,171,172,173,174,175,176,177,178,179,180,181,182,183,184,185,186,187,188,189,190,191,192,193,194,195,196,197,198) [ RunTime:0.000813s ]

---------------------------------------------------------------
[ 2024-01-03T16:24:27+08:00 ] [ sql ] [ DB ] CONNECT:[ UseTime:0.029952s ] mysql:dbname=changheng;host=localhost;port=3306;charset=utf8
[ sql ] [ SQL ] SHOW COLUMNS FROM `ch_user` [ RunTime:0.030692s ]
[ sql ] [ SQL ] SELECT * FROM `ch_user` WHERE  `ch_user`.`delete_time` IS NULL  AND `id` = 2 LIMIT 1 [ RunTime:0.000700s ]
[ sql ] [ SQL ] SHOW COLUMNS FROM `ch_permission` [ RunTime:0.003740s ]
[ sql ] [ SQL ] SELECT * FROM `ch_permission` WHERE  `ch_permission`.`delete_time` IS NULL  AND `role_id` = 1 [ RunTime:0.000811s ]
[ sql ] [ SQL ] SHOW COLUMNS FROM `ch_menu` [ RunTime:0.022263s ]
[ sql ] [ SQL ] SELECT * FROM `ch_menu` WHERE  `id` IN (1,7,5,41,42,43,6,44,45,46,50,4,47,48,49,9,10,11,76,76,77,78,79,80,82,86,88,89,90,91,93,94,95,96,97,98,99,100,103,105,106,107,108,109,110,111,112,113,114,115,117,118,119,120,121,122,123,124,125,126,127,128,129,130,131,132,133,134,135,136,137,156,157,158,159,160,161,162,163,164,165,166,167,168,169,170,171,172,173,174,175,176,177,178,179,180,181,182,183,184,185,186,187,188,189,190,191,192,193,194,195,196,197,198) [ RunTime:0.001699s ]
[ sql ] [ SQL ] SELECT COUNT(*) AS tp_count FROM `ch_user` WHERE  `ch_user`.`delete_time` IS NULL LIMIT 1 [ RunTime:0.000369s ]
[ sql ] [ SQL ] SELECT * FROM `ch_user` WHERE  `ch_user`.`delete_time` IS NULL ORDER BY id asc LIMIT 0,20 [ RunTime:0.000427s ]
[ sql ] [ SQL ] SELECT `id` FROM `ch_menu` WHERE  `module_name` = 'admin'  AND `controller_name` = 'User'  AND `view_name` = 'ulist' LIMIT 1 [ RunTime:0.000474s ]
[ sql ] [ SQL ] SELECT * FROM `ch_menu` WHERE  `parent_id` = 4 [ RunTime:0.000463s ]
[ sql ] [ SQL ] SELECT `p`.`id`,`m`.`name` FROM `ch_permission` `p` INNER JOIN `ch_menu` `m` ON `p`.`menu_id`=`m`.`id` WHERE  `p`.`role_id` = 1  AND `p`.`menu_id` IN (47,48,49) [ RunTime:0.000539s ]
[ sql ] [ SQL ] SHOW COLUMNS FROM `ch_role` [ RunTime:0.008407s ]
[ sql ] [ SQL ] SELECT `name` FROM `ch_role` WHERE  `id` = 1  AND (  delete_time is  null ) LIMIT 1 [ RunTime:0.000364s ]
[ sql ] [ SQL ] SELECT `name` FROM `ch_role` WHERE  `id` = 16  AND (  delete_time is  null ) LIMIT 1 [ RunTime:0.000260s ]
[ error ] [8192]The each() function is deprecated. This message will be suppressed on further calls
[ error ] [2]Use of undefined constant 用户新增 - assumed '用户新增' (this will throw an Error in a future version of PHP)
[ error ] [2]Use of undefined constant 用户修改 - assumed '用户修改' (this will throw an Error in a future version of PHP)
[ error ] [2]Use of undefined constant 用户删除 - assumed '用户删除' (this will throw an Error in a future version of PHP)
[ error ] [2]Use of undefined constant 用户修改 - assumed '用户修改' (this will throw an Error in a future version of PHP)
[ error ] [2]Use of undefined constant 用户删除 - assumed '用户删除' (this will throw an Error in a future version of PHP)

---------------------------------------------------------------
[ 2024-01-03T16:24:28+08:00 ] [ sql ] [ DB ] CONNECT:[ UseTime:0.024272s ] mysql:dbname=changheng;host=localhost;port=3306;charset=utf8
[ sql ] [ SQL ] SHOW COLUMNS FROM `ch_user` [ RunTime:0.029005s ]
[ sql ] [ SQL ] SELECT * FROM `ch_user` WHERE  `ch_user`.`delete_time` IS NULL  AND `id` = 2 LIMIT 1 [ RunTime:0.000528s ]
[ sql ] [ SQL ] SHOW COLUMNS FROM `ch_permission` [ RunTime:0.059030s ]
[ sql ] [ SQL ] SELECT * FROM `ch_permission` WHERE  `ch_permission`.`delete_time` IS NULL  AND `role_id` = 1 [ RunTime:0.000516s ]
[ sql ] [ SQL ] SHOW COLUMNS FROM `ch_menu` [ RunTime:0.034995s ]
[ sql ] [ SQL ] SELECT * FROM `ch_menu` WHERE  `id` IN (1,7,5,41,42,43,6,44,45,46,50,4,47,48,49,9,10,11,76,76,77,78,79,80,82,86,88,89,90,91,93,94,95,96,97,98,99,100,103,105,106,107,108,109,110,111,112,113,114,115,117,118,119,120,121,122,123,124,125,126,127,128,129,130,131,132,133,134,135,136,137,156,157,158,159,160,161,162,163,164,165,166,167,168,169,170,171,172,173,174,175,176,177,178,179,180,181,182,183,184,185,186,187,188,189,190,191,192,193,194,195,196,197,198) [ RunTime:0.001160s ]
[ sql ] [ SQL ] SHOW COLUMNS FROM `ch_role` [ RunTime:0.025300s ]
[ sql ] [ SQL ] SELECT COUNT(*) AS tp_count FROM `ch_role` WHERE  `ch_role`.`delete_time` IS NULL LIMIT 1 [ RunTime:0.000346s ]
[ sql ] [ SQL ] SELECT * FROM `ch_role` WHERE  `ch_role`.`delete_time` IS NULL ORDER BY sort asc,id asc LIMIT 0,20 [ RunTime:0.000351s ]
[ sql ] [ SQL ] SELECT `id` FROM `ch_menu` WHERE  `module_name` = 'admin'  AND `controller_name` = 'Role'  AND `view_name` = 'rlist' LIMIT 1 [ RunTime:0.000579s ]
[ sql ] [ SQL ] SELECT * FROM `ch_menu` WHERE  `parent_id` = 6 [ RunTime:0.000490s ]
[ sql ] [ SQL ] SELECT `p`.`id`,`m`.`name` FROM `ch_permission` `p` INNER JOIN `ch_menu` `m` ON `p`.`menu_id`=`m`.`id` WHERE  `p`.`role_id` = 1  AND `p`.`menu_id` IN (44,45,46,50) [ RunTime:0.000798s ]
[ error ] [8192]The each() function is deprecated. This message will be suppressed on further calls
[ error ] [2]Use of undefined constant 角色新增 - assumed '角色新增' (this will throw an Error in a future version of PHP)
[ error ] [2]Use of undefined constant 权限分配 - assumed '权限分配' (this will throw an Error in a future version of PHP)
[ error ] [2]Use of undefined constant 角色修改 - assumed '角色修改' (this will throw an Error in a future version of PHP)
[ error ] [2]Use of undefined constant 角色删除 - assumed '角色删除' (this will throw an Error in a future version of PHP)
[ error ] [2]Use of undefined constant 权限分配 - assumed '权限分配' (this will throw an Error in a future version of PHP)
[ error ] [2]Use of undefined constant 角色修改 - assumed '角色修改' (this will throw an Error in a future version of PHP)
[ error ] [2]Use of undefined constant 角色删除 - assumed '角色删除' (this will throw an Error in a future version of PHP)

---------------------------------------------------------------
