[ 2024-01-06T11:07:29+08:00 ] [ sql ] [ DB ] CONNECT:[ UseTime:0.031044s ] mysql:dbname=changheng;host=localhost;port=3306;charset=utf8
[ sql ] [ SQL ] SHOW COLUMNS FROM `ch_user` [ RunTime:0.040971s ]
[ sql ] [ SQL ] SELECT * FROM `ch_user` WHERE  `ch_user`.`delete_time` IS NULL  AND `id` = 2 LIMIT 1 [ RunTime:0.031565s ]
[ sql ] [ SQL ] SHOW COLUMNS FROM `ch_permission` [ RunTime:0.000772s ]
[ sql ] [ SQL ] SELECT * FROM `ch_permission` WHERE  `ch_permission`.`delete_time` IS NULL  AND `role_id` = 1 [ RunTime:0.000494s ]
[ sql ] [ SQL ] SHOW COLUMNS FROM `ch_menu` [ RunTime:0.000807s ]
[ sql ] [ SQL ] SELECT * FROM `ch_menu` WHERE  `id` IN (1,7,5,41,42,43,6,44,45,46,50,4,47,48,49,9,10,11,76,76,77,78,79,80,82,86,88,89,90,91,93,94,95,96,97,98,99,100,103,105,106,107,108,109,110,111,112,113,114,115,117,118,119,120,121,122,123,124,125,126,127,128,129,130,131,132,133,134,135,136,137,156,157,158,159,160,161,162,163,164,165,166,167,168,169,170,171,172,173,174,175,176,177,178,179,180,181,182,183,184,185,186,187,188,189,190,191,192,193,194,195,196,197,198) [ RunTime:0.012834s ]
[ sql ] [ SQL ] SHOW COLUMNS FROM `ch_website` [ RunTime:0.064761s ]
[ sql ] [ SQL ] SELECT * FROM `ch_website` WHERE  `id` = 1 LIMIT 1 [ RunTime:0.010030s ]
[ sql ] [ SQL ] SELECT `p`.`role_id`,`p`.`menu_id`,`m`.`id`,`m`.`name`,`m`.`module_name`,`m`.`controller_name`,`m`.`view_name`,`m`.`parent_id`,`m`.`is_menu`,`m`.`sort` FROM `ch_permission` `p` INNER JOIN `ch_menu` `m` ON `p`.`menu_id`=`m`.`id` WHERE  `p`.`role_id` = 1  AND `m`.`is_menu` = 1 ORDER BY m.sort asc [ RunTime:0.000735s ]
[ sql ] [ SQL ] SHOW COLUMNS FROM `ch_role` [ RunTime:0.001205s ]
[ sql ] [ SQL ] SELECT * FROM `ch_role` WHERE  `id` = 1 LIMIT 1 [ RunTime:0.015271s ]
[ sql ] [ SQL ] SELECT `menu_id` FROM `ch_permission` WHERE  `role_id` = 1 [ RunTime:0.000410s ]
[ sql ] [ SQL ] SELECT * FROM `ch_menu` WHERE  `parent_id` = 1  AND `id` IN (1,7,5,41,42,43,6,44,45,46,50,4,47,48,49,9,10,11,76,76,77,78,79,80,82,86,88,89,90,91,93,94,95,96,97,98,99,100,101,102,103,104,105,106,107,108,109,110,111,112,113,114,115,117,118,119,120,121,122,123,124,125,126,127,128,129,130,131,132,133,134,135,136,137,156,157,158,159,160,161,162,163,164,165,166,167,168,169,170,171,172,173,174,175,176,177,178,179,180,181,182,183,184,185,186,187,188,189,190,191,192,193,194,195,196,197,198) ORDER BY sort asc [ RunTime:0.000731s ]
[ sql ] [ SQL ] SELECT * FROM `ch_menu` WHERE  `parent_id` = 7  AND `id` IN (1,7,5,41,42,43,6,44,45,46,50,4,47,48,49,9,10,11,76,76,77,78,79,80,82,86,88,89,90,91,93,94,95,96,97,98,99,100,101,102,103,104,105,106,107,108,109,110,111,112,113,114,115,117,118,119,120,121,122,123,124,125,126,127,128,129,130,131,132,133,134,135,136,137,156,157,158,159,160,161,162,163,164,165,166,167,168,169,170,171,172,173,174,175,176,177,178,179,180,181,182,183,184,185,186,187,188,189,190,191,192,193,194,195,196,197,198)  AND `is_menu` = 1 [ RunTime:0.001526s ]
[ sql ] [ SQL ] SELECT * FROM `ch_menu` WHERE  `parent_id` = 5  AND `id` IN (1,7,5,41,42,43,6,44,45,46,50,4,47,48,49,9,10,11,76,76,77,78,79,80,82,86,88,89,90,91,93,94,95,96,97,98,99,100,101,102,103,104,105,106,107,108,109,110,111,112,113,114,115,117,118,119,120,121,122,123,124,125,126,127,128,129,130,131,132,133,134,135,136,137,156,157,158,159,160,161,162,163,164,165,166,167,168,169,170,171,172,173,174,175,176,177,178,179,180,181,182,183,184,185,186,187,188,189,190,191,192,193,194,195,196,197,198)  AND `is_menu` = 1 [ RunTime:0.000542s ]
[ sql ] [ SQL ] SELECT * FROM `ch_menu` WHERE  `parent_id` = 6  AND `id` IN (1,7,5,41,42,43,6,44,45,46,50,4,47,48,49,9,10,11,76,76,77,78,79,80,82,86,88,89,90,91,93,94,95,96,97,98,99,100,101,102,103,104,105,106,107,108,109,110,111,112,113,114,115,117,118,119,120,121,122,123,124,125,126,127,128,129,130,131,132,133,134,135,136,137,156,157,158,159,160,161,162,163,164,165,166,167,168,169,170,171,172,173,174,175,176,177,178,179,180,181,182,183,184,185,186,187,188,189,190,191,192,193,194,195,196,197,198)  AND `is_menu` = 1 [ RunTime:0.000455s ]
[ sql ] [ SQL ] SELECT * FROM `ch_menu` WHERE  `parent_id` = 4  AND `id` IN (1,7,5,41,42,43,6,44,45,46,50,4,47,48,49,9,10,11,76,76,77,78,79,80,82,86,88,89,90,91,93,94,95,96,97,98,99,100,101,102,103,104,105,106,107,108,109,110,111,112,113,114,115,117,118,119,120,121,122,123,124,125,126,127,128,129,130,131,132,133,134,135,136,137,156,157,158,159,160,161,162,163,164,165,166,167,168,169,170,171,172,173,174,175,176,177,178,179,180,181,182,183,184,185,186,187,188,189,190,191,192,193,194,195,196,197,198)  AND `is_menu` = 1 [ RunTime:0.000423s ]
[ sql ] [ SQL ] SELECT * FROM `ch_menu` WHERE  `parent_id` = 193  AND `id` IN (1,7,5,41,42,43,6,44,45,46,50,4,47,48,49,9,10,11,76,76,77,78,79,80,82,86,88,89,90,91,93,94,95,96,97,98,99,100,101,102,103,104,105,106,107,108,109,110,111,112,113,114,115,117,118,119,120,121,122,123,124,125,126,127,128,129,130,131,132,133,134,135,136,137,156,157,158,159,160,161,162,163,164,165,166,167,168,169,170,171,172,173,174,175,176,177,178,179,180,181,182,183,184,185,186,187,188,189,190,191,192,193,194,195,196,197,198)  AND `is_menu` = 1 [ RunTime:0.000421s ]
[ sql ] [ SQL ] SELECT * FROM `ch_role` WHERE  `id` = 1 LIMIT 1 [ RunTime:0.000379s ]
[ sql ] [ SQL ] SELECT `menu_id` FROM `ch_permission` WHERE  `role_id` = 1 [ RunTime:0.000368s ]
[ sql ] [ SQL ] SELECT * FROM `ch_menu` WHERE  `parent_id` = 156  AND `id` IN (1,7,5,41,42,43,6,44,45,46,50,4,47,48,49,9,10,11,76,76,77,78,79,80,82,86,88,89,90,91,93,94,95,96,97,98,99,100,101,102,103,104,105,106,107,108,109,110,111,112,113,114,115,117,118,119,120,121,122,123,124,125,126,127,128,129,130,131,132,133,134,135,136,137,156,157,158,159,160,161,162,163,164,165,166,167,168,169,170,171,172,173,174,175,176,177,178,179,180,181,182,183,184,185,186,187,188,189,190,191,192,193,194,195,196,197,198) ORDER BY sort asc [ RunTime:0.000699s ]
[ sql ] [ SQL ] SELECT * FROM `ch_menu` WHERE  `parent_id` = 162  AND `id` IN (1,7,5,41,42,43,6,44,45,46,50,4,47,48,49,9,10,11,76,76,77,78,79,80,82,86,88,89,90,91,93,94,95,96,97,98,99,100,101,102,103,104,105,106,107,108,109,110,111,112,113,114,115,117,118,119,120,121,122,123,124,125,126,127,128,129,130,131,132,133,134,135,136,137,156,157,158,159,160,161,162,163,164,165,166,167,168,169,170,171,172,173,174,175,176,177,178,179,180,181,182,183,184,185,186,187,188,189,190,191,192,193,194,195,196,197,198)  AND `is_menu` = 1 [ RunTime:0.000695s ]
[ sql ] [ SQL ] SELECT * FROM `ch_menu` WHERE  `parent_id` = 171  AND `id` IN (1,7,5,41,42,43,6,44,45,46,50,4,47,48,49,9,10,11,76,76,77,78,79,80,82,86,88,89,90,91,93,94,95,96,97,98,99,100,101,102,103,104,105,106,107,108,109,110,111,112,113,114,115,117,118,119,120,121,122,123,124,125,126,127,128,129,130,131,132,133,134,135,136,137,156,157,158,159,160,161,162,163,164,165,166,167,168,169,170,171,172,173,174,175,176,177,178,179,180,181,182,183,184,185,186,187,188,189,190,191,192,193,194,195,196,197,198)  AND `is_menu` = 1 [ RunTime:0.000417s ]
[ sql ] [ SQL ] SELECT * FROM `ch_menu` WHERE  `parent_id` = 188  AND `id` IN (1,7,5,41,42,43,6,44,45,46,50,4,47,48,49,9,10,11,76,76,77,78,79,80,82,86,88,89,90,91,93,94,95,96,97,98,99,100,101,102,103,104,105,106,107,108,109,110,111,112,113,114,115,117,118,119,120,121,122,123,124,125,126,127,128,129,130,131,132,133,134,135,136,137,156,157,158,159,160,161,162,163,164,165,166,167,168,169,170,171,172,173,174,175,176,177,178,179,180,181,182,183,184,185,186,187,188,189,190,191,192,193,194,195,196,197,198)  AND `is_menu` = 1 [ RunTime:0.000415s ]
[ sql ] [ SQL ] SELECT * FROM `ch_role` WHERE  `id` = 1 LIMIT 1 [ RunTime:0.000350s ]
[ sql ] [ SQL ] SELECT `menu_id` FROM `ch_permission` WHERE  `role_id` = 1 [ RunTime:0.000363s ]
[ sql ] [ SQL ] SELECT * FROM `ch_menu` WHERE  `parent_id` = 167  AND `id` IN (1,7,5,41,42,43,6,44,45,46,50,4,47,48,49,9,10,11,76,76,77,78,79,80,82,86,88,89,90,91,93,94,95,96,97,98,99,100,101,102,103,104,105,106,107,108,109,110,111,112,113,114,115,117,118,119,120,121,122,123,124,125,126,127,128,129,130,131,132,133,134,135,136,137,156,157,158,159,160,161,162,163,164,165,166,167,168,169,170,171,172,173,174,175,176,177,178,179,180,181,182,183,184,185,186,187,188,189,190,191,192,193,194,195,196,197,198) ORDER BY sort asc [ RunTime:0.000692s ]
[ sql ] [ SQL ] SELECT * FROM `ch_menu` WHERE  `parent_id` = 168  AND `id` IN (1,7,5,41,42,43,6,44,45,46,50,4,47,48,49,9,10,11,76,76,77,78,79,80,82,86,88,89,90,91,93,94,95,96,97,98,99,100,101,102,103,104,105,106,107,108,109,110,111,112,113,114,115,117,118,119,120,121,122,123,124,125,126,127,128,129,130,131,132,133,134,135,136,137,156,157,158,159,160,161,162,163,164,165,166,167,168,169,170,171,172,173,174,175,176,177,178,179,180,181,182,183,184,185,186,187,188,189,190,191,192,193,194,195,196,197,198)  AND `is_menu` = 1 [ RunTime:0.000874s ]
[ sql ] [ SQL ] SELECT * FROM `ch_menu` WHERE  `parent_id` = 192  AND `id` IN (1,7,5,41,42,43,6,44,45,46,50,4,47,48,49,9,10,11,76,76,77,78,79,80,82,86,88,89,90,91,93,94,95,96,97,98,99,100,101,102,103,104,105,106,107,108,109,110,111,112,113,114,115,117,118,119,120,121,122,123,124,125,126,127,128,129,130,131,132,133,134,135,136,137,156,157,158,159,160,161,162,163,164,165,166,167,168,169,170,171,172,173,174,175,176,177,178,179,180,181,182,183,184,185,186,187,188,189,190,191,192,193,194,195,196,197,198)  AND `is_menu` = 1 [ RunTime:0.000861s ]
[ sql ] [ SQL ] SELECT * FROM `ch_role` WHERE  `id` = 1 LIMIT 1 [ RunTime:0.000552s ]
[ sql ] [ SQL ] SELECT `menu_id` FROM `ch_permission` WHERE  `role_id` = 1 [ RunTime:0.000681s ]
[ sql ] [ SQL ] SELECT * FROM `ch_menu` WHERE  `parent_id` = 175  AND `id` IN (1,7,5,41,42,43,6,44,45,46,50,4,47,48,49,9,10,11,76,76,77,78,79,80,82,86,88,89,90,91,93,94,95,96,97,98,99,100,101,102,103,104,105,106,107,108,109,110,111,112,113,114,115,117,118,119,120,121,122,123,124,125,126,127,128,129,130,131,132,133,134,135,136,137,156,157,158,159,160,161,162,163,164,165,166,167,168,169,170,171,172,173,174,175,176,177,178,179,180,181,182,183,184,185,186,187,188,189,190,191,192,193,194,195,196,197,198) ORDER BY sort asc [ RunTime:0.001100s ]
[ sql ] [ SQL ] SELECT * FROM `ch_menu` WHERE  `parent_id` = 180  AND `id` IN (1,7,5,41,42,43,6,44,45,46,50,4,47,48,49,9,10,11,76,76,77,78,79,80,82,86,88,89,90,91,93,94,95,96,97,98,99,100,101,102,103,104,105,106,107,108,109,110,111,112,113,114,115,117,118,119,120,121,122,123,124,125,126,127,128,129,130,131,132,133,134,135,136,137,156,157,158,159,160,161,162,163,164,165,166,167,168,169,170,171,172,173,174,175,176,177,178,179,180,181,182,183,184,185,186,187,188,189,190,191,192,193,194,195,196,197,198)  AND `is_menu` = 1 [ RunTime:0.000828s ]
[ sql ] [ SQL ] SELECT * FROM `ch_menu` WHERE  `parent_id` = 178  AND `id` IN (1,7,5,41,42,43,6,44,45,46,50,4,47,48,49,9,10,11,76,76,77,78,79,80,82,86,88,89,90,91,93,94,95,96,97,98,99,100,101,102,103,104,105,106,107,108,109,110,111,112,113,114,115,117,118,119,120,121,122,123,124,125,126,127,128,129,130,131,132,133,134,135,136,137,156,157,158,159,160,161,162,163,164,165,166,167,168,169,170,171,172,173,174,175,176,177,178,179,180,181,182,183,184,185,186,187,188,189,190,191,192,193,194,195,196,197,198)  AND `is_menu` = 1 [ RunTime:0.000449s ]
[ sql ] [ SQL ] SELECT * FROM `ch_menu` WHERE  `parent_id` = 176  AND `id` IN (1,7,5,41,42,43,6,44,45,46,50,4,47,48,49,9,10,11,76,76,77,78,79,80,82,86,88,89,90,91,93,94,95,96,97,98,99,100,101,102,103,104,105,106,107,108,109,110,111,112,113,114,115,117,118,119,120,121,122,123,124,125,126,127,128,129,130,131,132,133,134,135,136,137,156,157,158,159,160,161,162,163,164,165,166,167,168,169,170,171,172,173,174,175,176,177,178,179,180,181,182,183,184,185,186,187,188,189,190,191,192,193,194,195,196,197,198)  AND `is_menu` = 1 [ RunTime:0.000420s ]
[ sql ] [ SQL ] SELECT * FROM `ch_menu` WHERE  `parent_id` = 179  AND `id` IN (1,7,5,41,42,43,6,44,45,46,50,4,47,48,49,9,10,11,76,76,77,78,79,80,82,86,88,89,90,91,93,94,95,96,97,98,99,100,101,102,103,104,105,106,107,108,109,110,111,112,113,114,115,117,118,119,120,121,122,123,124,125,126,127,128,129,130,131,132,133,134,135,136,137,156,157,158,159,160,161,162,163,164,165,166,167,168,169,170,171,172,173,174,175,176,177,178,179,180,181,182,183,184,185,186,187,188,189,190,191,192,193,194,195,196,197,198)  AND `is_menu` = 1 [ RunTime:0.000414s ]
[ sql ] [ SQL ] SELECT * FROM `ch_menu` WHERE  `parent_id` = 181  AND `id` IN (1,7,5,41,42,43,6,44,45,46,50,4,47,48,49,9,10,11,76,76,77,78,79,80,82,86,88,89,90,91,93,94,95,96,97,98,99,100,101,102,103,104,105,106,107,108,109,110,111,112,113,114,115,117,118,119,120,121,122,123,124,125,126,127,128,129,130,131,132,133,134,135,136,137,156,157,158,159,160,161,162,163,164,165,166,167,168,169,170,171,172,173,174,175,176,177,178,179,180,181,182,183,184,185,186,187,188,189,190,191,192,193,194,195,196,197,198)  AND `is_menu` = 1 [ RunTime:0.000430s ]
[ error ] [8192]The each() function is deprecated. This message will be suppressed on further calls
[ error ] [8]未定义数组索引: child
[ error ] [8]未定义数组索引: child
[ error ] [8]未定义数组索引: child
[ error ] [8]未定义数组索引: child
[ error ] [8]未定义数组索引: child
[ error ] [8]未定义数组索引: child
[ error ] [8]未定义数组索引: child
[ error ] [8]未定义数组索引: child
[ error ] [8]未定义数组索引: child
[ error ] [8]未定义数组索引: child
[ error ] [8]未定义数组索引: child
[ error ] [8]未定义数组索引: child
[ error ] [8]未定义数组索引: child
[ error ] [8]未定义数组索引: child
[ error ] [8]未定义数组索引: child

---------------------------------------------------------------
[ 2024-01-06T11:07:30+08:00 ] [ sql ] [ DB ] CONNECT:[ UseTime:0.045346s ] mysql:dbname=changheng;host=localhost;port=3306;charset=utf8
[ sql ] [ SQL ] SHOW COLUMNS FROM `ch_user` [ RunTime:0.017934s ]
[ sql ] [ SQL ] SELECT * FROM `ch_user` WHERE  `ch_user`.`delete_time` IS NULL  AND `id` = 2 LIMIT 1 [ RunTime:0.000501s ]
[ sql ] [ SQL ] SHOW COLUMNS FROM `ch_permission` [ RunTime:0.000700s ]
[ sql ] [ SQL ] SELECT * FROM `ch_permission` WHERE  `ch_permission`.`delete_time` IS NULL  AND `role_id` = 1 [ RunTime:0.000570s ]
[ sql ] [ SQL ] SHOW COLUMNS FROM `ch_menu` [ RunTime:0.000838s ]
[ sql ] [ SQL ] SELECT * FROM `ch_menu` WHERE  `id` IN (1,7,5,41,42,43,6,44,45,46,50,4,47,48,49,9,10,11,76,76,77,78,79,80,82,86,88,89,90,91,93,94,95,96,97,98,99,100,103,105,106,107,108,109,110,111,112,113,114,115,117,118,119,120,121,122,123,124,125,126,127,128,129,130,131,132,133,134,135,136,137,156,157,158,159,160,161,162,163,164,165,166,167,168,169,170,171,172,173,174,175,176,177,178,179,180,181,182,183,184,185,186,187,188,189,190,191,192,193,194,195,196,197,198) [ RunTime:0.000749s ]
[ sql ] [ SQL ] select count(a.id) as value from ch_app_trace a where a.update_time like "2024%" and a.delete_time is NULL group by a.status ORDER BY a.STATUS asc [ RunTime:0.000746s ]
[ sql ] [ SQL ] select count(a.id) as value from ch_app_trace a where a.update_time like "2024-01%" and a.delete_time is NULL group by a.status ORDER BY a.STATUS asc [ RunTime:0.000491s ]
[ sql ] [ SQL ] select count(a.id) as value from ch_app_trace a where a.update_time like "2024-01-06%" and a.delete_time is NULL group by a.status ORDER BY a.STATUS asc [ RunTime:0.051128s ]
[ sql ] [ SQL ] select  count(a.id) as value,(case a.status when 1  then "已上架" when 2 then "审核中" when 3 then "待审核" when 4 then "账号禁用" when 5 then "分配中" when 6 then "已暂停" when 7 then "待验证" when 8 then "已下架" when 9 then "账号关联" when 10 then "更新中" when 11 then "其他" end) as name from ch_app_trace a where a.update_time like "2024-01-06%" and a.delete_time is NULL group by a.status ORDER BY a.STATUS asc [ RunTime:0.000586s ]
[ sql ] [ SQL ] select  count(a.id) as value,(case a.status when 1  then "已上架" when 2 then "审核中" when 3 then "待审核" when 4 then "账号禁用" when 5 then "分配中" when 6 then "已暂停" when 7 then "待验证" when 8 then "已下架" when 9 then "账号关联" when 10 then "更新中" when 11 then "其他" end) as name from ch_app_trace a where a.update_time like "2024-01%" and a.delete_time is NULL group by a.status ORDER BY a.STATUS asc [ RunTime:0.000502s ]
[ sql ] [ SQL ] select case a.status when 1  then "已上架" when 2 then "审核中" when 3 then "待审核" when 4 then "账号禁用" when 5 then "分配中" when 6 then "已暂停" when 7 then "待验证" when 8 then "已下架" when 9 then "账号关联" when 10 then "更新中" when 11 then "其他" end as name from ch_app_trace a where a.update_time like "%" and a.delete_time is NULL group by a.status ORDER BY a.STATUS asc [ RunTime:0.000595s ]
[ error ] [8]未定义变量: year

---------------------------------------------------------------
[ 2024-01-06T11:07:30+08:00 ] [ sql ] [ DB ] CONNECT:[ UseTime:0.042218s ] mysql:dbname=changheng;host=localhost;port=3306;charset=utf8
[ sql ] [ SQL ] SHOW COLUMNS FROM `ch_user` [ RunTime:0.001489s ]
[ sql ] [ SQL ] SELECT * FROM `ch_user` WHERE  `ch_user`.`delete_time` IS NULL  AND `id` = 2 LIMIT 1 [ RunTime:0.000464s ]
[ sql ] [ SQL ] SHOW COLUMNS FROM `ch_permission` [ RunTime:0.008542s ]
[ sql ] [ SQL ] SELECT * FROM `ch_permission` WHERE  `ch_permission`.`delete_time` IS NULL  AND `role_id` = 1 [ RunTime:0.000551s ]
[ sql ] [ SQL ] SHOW COLUMNS FROM `ch_menu` [ RunTime:0.057972s ]
[ sql ] [ SQL ] SELECT * FROM `ch_menu` WHERE  `id` IN (1,7,5,41,42,43,6,44,45,46,50,4,47,48,49,9,10,11,76,76,77,78,79,80,82,86,88,89,90,91,93,94,95,96,97,98,99,100,103,105,106,107,108,109,110,111,112,113,114,115,117,118,119,120,121,122,123,124,125,126,127,128,129,130,131,132,133,134,135,136,137,156,157,158,159,160,161,162,163,164,165,166,167,168,169,170,171,172,173,174,175,176,177,178,179,180,181,182,183,184,185,186,187,188,189,190,191,192,193,194,195,196,197,198) [ RunTime:0.001825s ]

---------------------------------------------------------------
[ 2024-01-06T11:07:32+08:00 ] [ sql ] [ DB ] CONNECT:[ UseTime:0.002518s ] mysql:dbname=changheng;host=localhost;port=3306;charset=utf8
[ sql ] [ SQL ] SHOW COLUMNS FROM `ch_user` [ RunTime:0.002161s ]
[ sql ] [ SQL ] SELECT * FROM `ch_user` WHERE  `ch_user`.`delete_time` IS NULL  AND `id` = 2 LIMIT 1 [ RunTime:0.000709s ]
[ sql ] [ SQL ] SHOW COLUMNS FROM `ch_permission` [ RunTime:0.000754s ]
[ sql ] [ SQL ] SELECT * FROM `ch_permission` WHERE  `ch_permission`.`delete_time` IS NULL  AND `role_id` = 1 [ RunTime:0.000492s ]
[ sql ] [ SQL ] SHOW COLUMNS FROM `ch_menu` [ RunTime:0.000768s ]
[ sql ] [ SQL ] SELECT * FROM `ch_menu` WHERE  `id` IN (1,7,5,41,42,43,6,44,45,46,50,4,47,48,49,9,10,11,76,76,77,78,79,80,82,86,88,89,90,91,93,94,95,96,97,98,99,100,103,105,106,107,108,109,110,111,112,113,114,115,117,118,119,120,121,122,123,124,125,126,127,128,129,130,131,132,133,134,135,136,137,156,157,158,159,160,161,162,163,164,165,166,167,168,169,170,171,172,173,174,175,176,177,178,179,180,181,182,183,184,185,186,187,188,189,190,191,192,193,194,195,196,197,198) [ RunTime:0.000737s ]
[ sql ] [ SQL ] SHOW COLUMNS FROM `ch_role` [ RunTime:0.000834s ]
[ sql ] [ SQL ] SELECT COUNT(*) AS tp_count FROM `ch_role` WHERE  `ch_role`.`delete_time` IS NULL LIMIT 1 [ RunTime:0.000464s ]
[ sql ] [ SQL ] SELECT * FROM `ch_role` WHERE  `ch_role`.`delete_time` IS NULL ORDER BY sort asc,id asc LIMIT 0,20 [ RunTime:0.000410s ]
[ sql ] [ SQL ] SELECT `id` FROM `ch_menu` WHERE  `module_name` = 'admin'  AND `controller_name` = 'Role'  AND `view_name` = 'rlist' LIMIT 1 [ RunTime:0.000435s ]
[ sql ] [ SQL ] SELECT * FROM `ch_menu` WHERE  `parent_id` = 6 [ RunTime:0.000438s ]
[ sql ] [ SQL ] SELECT `p`.`id`,`m`.`name` FROM `ch_permission` `p` INNER JOIN `ch_menu` `m` ON `p`.`menu_id`=`m`.`id` WHERE  `p`.`role_id` = 1  AND `p`.`menu_id` IN (44,45,46,50) [ RunTime:0.000498s ]
[ error ] [8192]The each() function is deprecated. This message will be suppressed on further calls
[ error ] [2]Use of undefined constant 角色新增 - assumed '角色新增' (this will throw an Error in a future version of PHP)
[ error ] [2]Use of undefined constant 权限分配 - assumed '权限分配' (this will throw an Error in a future version of PHP)
[ error ] [2]Use of undefined constant 角色修改 - assumed '角色修改' (this will throw an Error in a future version of PHP)
[ error ] [2]Use of undefined constant 角色删除 - assumed '角色删除' (this will throw an Error in a future version of PHP)
[ error ] [2]Use of undefined constant 权限分配 - assumed '权限分配' (this will throw an Error in a future version of PHP)
[ error ] [2]Use of undefined constant 角色修改 - assumed '角色修改' (this will throw an Error in a future version of PHP)
[ error ] [2]Use of undefined constant 角色删除 - assumed '角色删除' (this will throw an Error in a future version of PHP)

---------------------------------------------------------------
[ 2024-01-06T11:07:35+08:00 ] [ sql ] [ DB ] CONNECT:[ UseTime:0.021592s ] mysql:dbname=changheng;host=localhost;port=3306;charset=utf8
[ sql ] [ SQL ] SHOW COLUMNS FROM `ch_user` [ RunTime:0.020006s ]
[ sql ] [ SQL ] SELECT * FROM `ch_user` WHERE  `ch_user`.`delete_time` IS NULL  AND `id` = 2 LIMIT 1 [ RunTime:0.000493s ]
[ sql ] [ SQL ] SHOW COLUMNS FROM `ch_permission` [ RunTime:0.000721s ]
[ sql ] [ SQL ] SELECT * FROM `ch_permission` WHERE  `ch_permission`.`delete_time` IS NULL  AND `role_id` = 1 [ RunTime:0.019359s ]
[ sql ] [ SQL ] SHOW COLUMNS FROM `ch_menu` [ RunTime:0.000819s ]
[ sql ] [ SQL ] SELECT * FROM `ch_menu` WHERE  `id` IN (1,7,5,41,42,43,6,44,45,46,50,4,47,48,49,9,10,11,76,76,77,78,79,80,82,86,88,89,90,91,93,94,95,96,97,98,99,100,103,105,106,107,108,109,110,111,112,113,114,115,117,118,119,120,121,122,123,124,125,126,127,128,129,130,131,132,133,134,135,136,137,156,157,158,159,160,161,162,163,164,165,166,167,168,169,170,171,172,173,174,175,176,177,178,179,180,181,182,183,184,185,186,187,188,189,190,191,192,193,194,195,196,197,198) [ RunTime:0.000989s ]

---------------------------------------------------------------
[ 2024-01-06T11:07:46+08:00 ] [ sql ] [ DB ] CONNECT:[ UseTime:0.053197s ] mysql:dbname=changheng;host=localhost;port=3306;charset=utf8
[ sql ] [ SQL ] SHOW COLUMNS FROM `ch_user` [ RunTime:0.012117s ]
[ sql ] [ SQL ] SELECT * FROM `ch_user` WHERE  `ch_user`.`delete_time` IS NULL  AND `id` = 2 LIMIT 1 [ RunTime:0.000463s ]
[ sql ] [ SQL ] SHOW COLUMNS FROM `ch_permission` [ RunTime:0.000702s ]
[ sql ] [ SQL ] SELECT * FROM `ch_permission` WHERE  `ch_permission`.`delete_time` IS NULL  AND `role_id` = 1 [ RunTime:0.000760s ]
[ sql ] [ SQL ] SHOW COLUMNS FROM `ch_menu` [ RunTime:0.000837s ]
[ sql ] [ SQL ] SELECT * FROM `ch_menu` WHERE  `id` IN (1,7,5,41,42,43,6,44,45,46,50,4,47,48,49,9,10,11,76,76,77,78,79,80,82,86,88,89,90,91,93,94,95,96,97,98,99,100,103,105,106,107,108,109,110,111,112,113,114,115,117,118,119,120,121,122,123,124,125,126,127,128,129,130,131,132,133,134,135,136,137,156,157,158,159,160,161,162,163,164,165,166,167,168,169,170,171,172,173,174,175,176,177,178,179,180,181,182,183,184,185,186,187,188,189,190,191,192,193,194,195,196,197,198) [ RunTime:0.000737s ]
[ sql ] [ SQL ] SHOW COLUMNS FROM `ch_role` [ RunTime:0.021323s ]
[ sql ] [ SQL ] SELECT COUNT(*) AS tp_count FROM `ch_role` WHERE  `ch_role`.`delete_time` IS NULL LIMIT 1 [ RunTime:0.000460s ]
[ sql ] [ SQL ] SELECT * FROM `ch_role` WHERE  `ch_role`.`delete_time` IS NULL ORDER BY sort asc,id asc LIMIT 0,20 [ RunTime:0.000661s ]
[ sql ] [ SQL ] SELECT `id` FROM `ch_menu` WHERE  `module_name` = 'admin'  AND `controller_name` = 'Role'  AND `view_name` = 'rlist' LIMIT 1 [ RunTime:0.000558s ]
[ sql ] [ SQL ] SELECT * FROM `ch_menu` WHERE  `parent_id` = 6 [ RunTime:0.000509s ]
[ sql ] [ SQL ] SELECT `p`.`id`,`m`.`name` FROM `ch_permission` `p` INNER JOIN `ch_menu` `m` ON `p`.`menu_id`=`m`.`id` WHERE  `p`.`role_id` = 1  AND `p`.`menu_id` IN (44,45,46,50) [ RunTime:0.000795s ]
[ error ] [8192]The each() function is deprecated. This message will be suppressed on further calls
[ error ] [2]Use of undefined constant 角色新增 - assumed '角色新增' (this will throw an Error in a future version of PHP)
[ error ] [2]Use of undefined constant 权限分配 - assumed '权限分配' (this will throw an Error in a future version of PHP)
[ error ] [2]Use of undefined constant 角色修改 - assumed '角色修改' (this will throw an Error in a future version of PHP)
[ error ] [2]Use of undefined constant 角色删除 - assumed '角色删除' (this will throw an Error in a future version of PHP)
[ error ] [2]Use of undefined constant 权限分配 - assumed '权限分配' (this will throw an Error in a future version of PHP)
[ error ] [2]Use of undefined constant 角色修改 - assumed '角色修改' (this will throw an Error in a future version of PHP)
[ error ] [2]Use of undefined constant 角色删除 - assumed '角色删除' (this will throw an Error in a future version of PHP)

---------------------------------------------------------------
[ 2024-01-06T14:21:34+08:00 ] [ sql ] [ DB ] CONNECT:[ UseTime:0.077749s ] mysql:dbname=changheng;host=localhost;port=3306;charset=utf8
[ sql ] [ SQL ] SHOW COLUMNS FROM `ch_user` [ RunTime:0.189399s ]
[ sql ] [ SQL ] SELECT * FROM `ch_user` WHERE  `ch_user`.`delete_time` IS NULL  AND `id` = 2 LIMIT 1 [ RunTime:0.031214s ]
[ sql ] [ SQL ] SHOW COLUMNS FROM `ch_permission` [ RunTime:0.091956s ]
[ sql ] [ SQL ] SELECT * FROM `ch_permission` WHERE  `ch_permission`.`delete_time` IS NULL  AND `role_id` = 1 [ RunTime:0.008839s ]
[ sql ] [ SQL ] SHOW COLUMNS FROM `ch_menu` [ RunTime:0.046242s ]
[ sql ] [ SQL ] SELECT * FROM `ch_menu` WHERE  `id` IN (1,7,5,41,42,43,6,44,45,46,50,4,47,48,49,9,10,11,76,76,77,78,79,80,82,86,88,89,90,91,93,94,95,96,97,98,99,100,103,105,106,107,108,109,110,111,112,113,114,115,117,118,119,120,121,122,123,124,125,126,127,128,129,130,131,132,133,134,135,136,137,156,157,158,159,160,161,162,163,164,165,166,167,168,169,170,171,172,173,174,175,176,177,178,179,180,181,182,183,184,185,186,187,188,189,190,191,192,193,194,195,196,197,198) [ RunTime:0.043992s ]
[ sql ] [ SQL ] SHOW COLUMNS FROM `ch_website` [ RunTime:0.072744s ]
[ sql ] [ SQL ] SELECT * FROM `ch_website` WHERE  `id` = 1 LIMIT 1 [ RunTime:0.028123s ]
[ sql ] [ SQL ] SELECT `p`.`role_id`,`p`.`menu_id`,`m`.`id`,`m`.`name`,`m`.`module_name`,`m`.`controller_name`,`m`.`view_name`,`m`.`parent_id`,`m`.`is_menu`,`m`.`sort` FROM `ch_permission` `p` INNER JOIN `ch_menu` `m` ON `p`.`menu_id`=`m`.`id` WHERE  `p`.`role_id` = 1  AND `m`.`is_menu` = 1 ORDER BY m.sort asc [ RunTime:0.035050s ]
[ sql ] [ SQL ] SHOW COLUMNS FROM `ch_role` [ RunTime:0.060754s ]
[ sql ] [ SQL ] SELECT * FROM `ch_role` WHERE  `id` = 1 LIMIT 1 [ RunTime:0.005872s ]
[ sql ] [ SQL ] SELECT `menu_id` FROM `ch_permission` WHERE  `role_id` = 1 [ RunTime:0.000419s ]
[ sql ] [ SQL ] SELECT * FROM `ch_menu` WHERE  `parent_id` = 1  AND `id` IN (1,7,5,41,42,43,6,44,45,46,50,4,47,48,49,9,10,11,76,76,77,78,79,80,82,86,88,89,90,91,93,94,95,96,97,98,99,100,101,102,103,104,105,106,107,108,109,110,111,112,113,114,115,117,118,119,120,121,122,123,124,125,126,127,128,129,130,131,132,133,134,135,136,137,156,157,158,159,160,161,162,163,164,165,166,167,168,169,170,171,172,173,174,175,176,177,178,179,180,181,182,183,184,185,186,187,188,189,190,191,192,193,194,195,196,197,198) ORDER BY sort asc [ RunTime:0.005934s ]
[ sql ] [ SQL ] SELECT * FROM `ch_menu` WHERE  `parent_id` = 7  AND `id` IN (1,7,5,41,42,43,6,44,45,46,50,4,47,48,49,9,10,11,76,76,77,78,79,80,82,86,88,89,90,91,93,94,95,96,97,98,99,100,101,102,103,104,105,106,107,108,109,110,111,112,113,114,115,117,118,119,120,121,122,123,124,125,126,127,128,129,130,131,132,133,134,135,136,137,156,157,158,159,160,161,162,163,164,165,166,167,168,169,170,171,172,173,174,175,176,177,178,179,180,181,182,183,184,185,186,187,188,189,190,191,192,193,194,195,196,197,198)  AND `is_menu` = 1 [ RunTime:0.001409s ]
[ sql ] [ SQL ] SELECT * FROM `ch_menu` WHERE  `parent_id` = 5  AND `id` IN (1,7,5,41,42,43,6,44,45,46,50,4,47,48,49,9,10,11,76,76,77,78,79,80,82,86,88,89,90,91,93,94,95,96,97,98,99,100,101,102,103,104,105,106,107,108,109,110,111,112,113,114,115,117,118,119,120,121,122,123,124,125,126,127,128,129,130,131,132,133,134,135,136,137,156,157,158,159,160,161,162,163,164,165,166,167,168,169,170,171,172,173,174,175,176,177,178,179,180,181,182,183,184,185,186,187,188,189,190,191,192,193,194,195,196,197,198)  AND `is_menu` = 1 [ RunTime:0.001118s ]
[ sql ] [ SQL ] SELECT * FROM `ch_menu` WHERE  `parent_id` = 6  AND `id` IN (1,7,5,41,42,43,6,44,45,46,50,4,47,48,49,9,10,11,76,76,77,78,79,80,82,86,88,89,90,91,93,94,95,96,97,98,99,100,101,102,103,104,105,106,107,108,109,110,111,112,113,114,115,117,118,119,120,121,122,123,124,125,126,127,128,129,130,131,132,133,134,135,136,137,156,157,158,159,160,161,162,163,164,165,166,167,168,169,170,171,172,173,174,175,176,177,178,179,180,181,182,183,184,185,186,187,188,189,190,191,192,193,194,195,196,197,198)  AND `is_menu` = 1 [ RunTime:0.000815s ]
[ sql ] [ SQL ] SELECT * FROM `ch_menu` WHERE  `parent_id` = 4  AND `id` IN (1,7,5,41,42,43,6,44,45,46,50,4,47,48,49,9,10,11,76,76,77,78,79,80,82,86,88,89,90,91,93,94,95,96,97,98,99,100,101,102,103,104,105,106,107,108,109,110,111,112,113,114,115,117,118,119,120,121,122,123,124,125,126,127,128,129,130,131,132,133,134,135,136,137,156,157,158,159,160,161,162,163,164,165,166,167,168,169,170,171,172,173,174,175,176,177,178,179,180,181,182,183,184,185,186,187,188,189,190,191,192,193,194,195,196,197,198)  AND `is_menu` = 1 [ RunTime:0.000625s ]
[ sql ] [ SQL ] SELECT * FROM `ch_menu` WHERE  `parent_id` = 193  AND `id` IN (1,7,5,41,42,43,6,44,45,46,50,4,47,48,49,9,10,11,76,76,77,78,79,80,82,86,88,89,90,91,93,94,95,96,97,98,99,100,101,102,103,104,105,106,107,108,109,110,111,112,113,114,115,117,118,119,120,121,122,123,124,125,126,127,128,129,130,131,132,133,134,135,136,137,156,157,158,159,160,161,162,163,164,165,166,167,168,169,170,171,172,173,174,175,176,177,178,179,180,181,182,183,184,185,186,187,188,189,190,191,192,193,194,195,196,197,198)  AND `is_menu` = 1 [ RunTime:0.000542s ]
[ sql ] [ SQL ] SELECT * FROM `ch_role` WHERE  `id` = 1 LIMIT 1 [ RunTime:0.000464s ]
[ sql ] [ SQL ] SELECT `menu_id` FROM `ch_permission` WHERE  `role_id` = 1 [ RunTime:0.000486s ]
[ sql ] [ SQL ] SELECT * FROM `ch_menu` WHERE  `parent_id` = 156  AND `id` IN (1,7,5,41,42,43,6,44,45,46,50,4,47,48,49,9,10,11,76,76,77,78,79,80,82,86,88,89,90,91,93,94,95,96,97,98,99,100,101,102,103,104,105,106,107,108,109,110,111,112,113,114,115,117,118,119,120,121,122,123,124,125,126,127,128,129,130,131,132,133,134,135,136,137,156,157,158,159,160,161,162,163,164,165,166,167,168,169,170,171,172,173,174,175,176,177,178,179,180,181,182,183,184,185,186,187,188,189,190,191,192,193,194,195,196,197,198) ORDER BY sort asc [ RunTime:0.000874s ]
[ sql ] [ SQL ] SELECT * FROM `ch_menu` WHERE  `parent_id` = 162  AND `id` IN (1,7,5,41,42,43,6,44,45,46,50,4,47,48,49,9,10,11,76,76,77,78,79,80,82,86,88,89,90,91,93,94,95,96,97,98,99,100,101,102,103,104,105,106,107,108,109,110,111,112,113,114,115,117,118,119,120,121,122,123,124,125,126,127,128,129,130,131,132,133,134,135,136,137,156,157,158,159,160,161,162,163,164,165,166,167,168,169,170,171,172,173,174,175,176,177,178,179,180,181,182,183,184,185,186,187,188,189,190,191,192,193,194,195,196,197,198)  AND `is_menu` = 1 [ RunTime:0.000978s ]
[ sql ] [ SQL ] SELECT * FROM `ch_menu` WHERE  `parent_id` = 171  AND `id` IN (1,7,5,41,42,43,6,44,45,46,50,4,47,48,49,9,10,11,76,76,77,78,79,80,82,86,88,89,90,91,93,94,95,96,97,98,99,100,101,102,103,104,105,106,107,108,109,110,111,112,113,114,115,117,118,119,120,121,122,123,124,125,126,127,128,129,130,131,132,133,134,135,136,137,156,157,158,159,160,161,162,163,164,165,166,167,168,169,170,171,172,173,174,175,176,177,178,179,180,181,182,183,184,185,186,187,188,189,190,191,192,193,194,195,196,197,198)  AND `is_menu` = 1 [ RunTime:0.000544s ]
[ sql ] [ SQL ] SELECT * FROM `ch_menu` WHERE  `parent_id` = 188  AND `id` IN (1,7,5,41,42,43,6,44,45,46,50,4,47,48,49,9,10,11,76,76,77,78,79,80,82,86,88,89,90,91,93,94,95,96,97,98,99,100,101,102,103,104,105,106,107,108,109,110,111,112,113,114,115,117,118,119,120,121,122,123,124,125,126,127,128,129,130,131,132,133,134,135,136,137,156,157,158,159,160,161,162,163,164,165,166,167,168,169,170,171,172,173,174,175,176,177,178,179,180,181,182,183,184,185,186,187,188,189,190,191,192,193,194,195,196,197,198)  AND `is_menu` = 1 [ RunTime:0.000485s ]
[ sql ] [ SQL ] SELECT * FROM `ch_role` WHERE  `id` = 1 LIMIT 1 [ RunTime:0.000474s ]
[ sql ] [ SQL ] SELECT `menu_id` FROM `ch_permission` WHERE  `role_id` = 1 [ RunTime:0.000542s ]
[ sql ] [ SQL ] SELECT * FROM `ch_menu` WHERE  `parent_id` = 167  AND `id` IN (1,7,5,41,42,43,6,44,45,46,50,4,47,48,49,9,10,11,76,76,77,78,79,80,82,86,88,89,90,91,93,94,95,96,97,98,99,100,101,102,103,104,105,106,107,108,109,110,111,112,113,114,115,117,118,119,120,121,122,123,124,125,126,127,128,129,130,131,132,133,134,135,136,137,156,157,158,159,160,161,162,163,164,165,166,167,168,169,170,171,172,173,174,175,176,177,178,179,180,181,182,183,184,185,186,187,188,189,190,191,192,193,194,195,196,197,198) ORDER BY sort asc [ RunTime:0.000924s ]
[ sql ] [ SQL ] SELECT * FROM `ch_menu` WHERE  `parent_id` = 168  AND `id` IN (1,7,5,41,42,43,6,44,45,46,50,4,47,48,49,9,10,11,76,76,77,78,79,80,82,86,88,89,90,91,93,94,95,96,97,98,99,100,101,102,103,104,105,106,107,108,109,110,111,112,113,114,115,117,118,119,120,121,122,123,124,125,126,127,128,129,130,131,132,133,134,135,136,137,156,157,158,159,160,161,162,163,164,165,166,167,168,169,170,171,172,173,174,175,176,177,178,179,180,181,182,183,184,185,186,187,188,189,190,191,192,193,194,195,196,197,198)  AND `is_menu` = 1 [ RunTime:0.000838s ]
[ sql ] [ SQL ] SELECT * FROM `ch_menu` WHERE  `parent_id` = 192  AND `id` IN (1,7,5,41,42,43,6,44,45,46,50,4,47,48,49,9,10,11,76,76,77,78,79,80,82,86,88,89,90,91,93,94,95,96,97,98,99,100,101,102,103,104,105,106,107,108,109,110,111,112,113,114,115,117,118,119,120,121,122,123,124,125,126,127,128,129,130,131,132,133,134,135,136,137,156,157,158,159,160,161,162,163,164,165,166,167,168,169,170,171,172,173,174,175,176,177,178,179,180,181,182,183,184,185,186,187,188,189,190,191,192,193,194,195,196,197,198)  AND `is_menu` = 1 [ RunTime:0.000470s ]
[ sql ] [ SQL ] SELECT * FROM `ch_role` WHERE  `id` = 1 LIMIT 1 [ RunTime:0.000414s ]
[ sql ] [ SQL ] SELECT `menu_id` FROM `ch_permission` WHERE  `role_id` = 1 [ RunTime:0.000465s ]
[ sql ] [ SQL ] SELECT * FROM `ch_menu` WHERE  `parent_id` = 175  AND `id` IN (1,7,5,41,42,43,6,44,45,46,50,4,47,48,49,9,10,11,76,76,77,78,79,80,82,86,88,89,90,91,93,94,95,96,97,98,99,100,101,102,103,104,105,106,107,108,109,110,111,112,113,114,115,117,118,119,120,121,122,123,124,125,126,127,128,129,130,131,132,133,134,135,136,137,156,157,158,159,160,161,162,163,164,165,166,167,168,169,170,171,172,173,174,175,176,177,178,179,180,181,182,183,184,185,186,187,188,189,190,191,192,193,194,195,196,197,198) ORDER BY sort asc [ RunTime:0.000848s ]
[ sql ] [ SQL ] SELECT * FROM `ch_menu` WHERE  `parent_id` = 180  AND `id` IN (1,7,5,41,42,43,6,44,45,46,50,4,47,48,49,9,10,11,76,76,77,78,79,80,82,86,88,89,90,91,93,94,95,96,97,98,99,100,101,102,103,104,105,106,107,108,109,110,111,112,113,114,115,117,118,119,120,121,122,123,124,125,126,127,128,129,130,131,132,133,134,135,136,137,156,157,158,159,160,161,162,163,164,165,166,167,168,169,170,171,172,173,174,175,176,177,178,179,180,181,182,183,184,185,186,187,188,189,190,191,192,193,194,195,196,197,198)  AND `is_menu` = 1 [ RunTime:0.000847s ]
[ sql ] [ SQL ] SELECT * FROM `ch_menu` WHERE  `parent_id` = 178  AND `id` IN (1,7,5,41,42,43,6,44,45,46,50,4,47,48,49,9,10,11,76,76,77,78,79,80,82,86,88,89,90,91,93,94,95,96,97,98,99,100,101,102,103,104,105,106,107,108,109,110,111,112,113,114,115,117,118,119,120,121,122,123,124,125,126,127,128,129,130,131,132,133,134,135,136,137,156,157,158,159,160,161,162,163,164,165,166,167,168,169,170,171,172,173,174,175,176,177,178,179,180,181,182,183,184,185,186,187,188,189,190,191,192,193,194,195,196,197,198)  AND `is_menu` = 1 [ RunTime:0.000885s ]
[ sql ] [ SQL ] SELECT * FROM `ch_menu` WHERE  `parent_id` = 176  AND `id` IN (1,7,5,41,42,43,6,44,45,46,50,4,47,48,49,9,10,11,76,76,77,78,79,80,82,86,88,89,90,91,93,94,95,96,97,98,99,100,101,102,103,104,105,106,107,108,109,110,111,112,113,114,115,117,118,119,120,121,122,123,124,125,126,127,128,129,130,131,132,133,134,135,136,137,156,157,158,159,160,161,162,163,164,165,166,167,168,169,170,171,172,173,174,175,176,177,178,179,180,181,182,183,184,185,186,187,188,189,190,191,192,193,194,195,196,197,198)  AND `is_menu` = 1 [ RunTime:0.000687s ]
[ sql ] [ SQL ] SELECT * FROM `ch_menu` WHERE  `parent_id` = 179  AND `id` IN (1,7,5,41,42,43,6,44,45,46,50,4,47,48,49,9,10,11,76,76,77,78,79,80,82,86,88,89,90,91,93,94,95,96,97,98,99,100,101,102,103,104,105,106,107,108,109,110,111,112,113,114,115,117,118,119,120,121,122,123,124,125,126,127,128,129,130,131,132,133,134,135,136,137,156,157,158,159,160,161,162,163,164,165,166,167,168,169,170,171,172,173,174,175,176,177,178,179,180,181,182,183,184,185,186,187,188,189,190,191,192,193,194,195,196,197,198)  AND `is_menu` = 1 [ RunTime:0.001047s ]
[ sql ] [ SQL ] SELECT * FROM `ch_menu` WHERE  `parent_id` = 181  AND `id` IN (1,7,5,41,42,43,6,44,45,46,50,4,47,48,49,9,10,11,76,76,77,78,79,80,82,86,88,89,90,91,93,94,95,96,97,98,99,100,101,102,103,104,105,106,107,108,109,110,111,112,113,114,115,117,118,119,120,121,122,123,124,125,126,127,128,129,130,131,132,133,134,135,136,137,156,157,158,159,160,161,162,163,164,165,166,167,168,169,170,171,172,173,174,175,176,177,178,179,180,181,182,183,184,185,186,187,188,189,190,191,192,193,194,195,196,197,198)  AND `is_menu` = 1 [ RunTime:0.001482s ]
[ error ] [8192]The each() function is deprecated. This message will be suppressed on further calls
[ error ] [8]未定义数组索引: child
[ error ] [8]未定义数组索引: child
[ error ] [8]未定义数组索引: child
[ error ] [8]未定义数组索引: child
[ error ] [8]未定义数组索引: child
[ error ] [8]未定义数组索引: child
[ error ] [8]未定义数组索引: child
[ error ] [8]未定义数组索引: child
[ error ] [8]未定义数组索引: child
[ error ] [8]未定义数组索引: child
[ error ] [8]未定义数组索引: child
[ error ] [8]未定义数组索引: child
[ error ] [8]未定义数组索引: child
[ error ] [8]未定义数组索引: child
[ error ] [8]未定义数组索引: child

---------------------------------------------------------------
[ 2024-01-06T14:21:35+08:00 ] [ sql ] [ DB ] CONNECT:[ UseTime:0.261438s ] mysql:dbname=changheng;host=localhost;port=3306;charset=utf8
[ sql ] [ SQL ] SHOW COLUMNS FROM `ch_user` [ RunTime:0.111042s ]
[ sql ] [ SQL ] SELECT * FROM `ch_user` WHERE  `ch_user`.`delete_time` IS NULL  AND `id` = 2 LIMIT 1 [ RunTime:0.000896s ]
[ sql ] [ SQL ] SHOW COLUMNS FROM `ch_permission` [ RunTime:0.044009s ]
[ sql ] [ SQL ] SELECT * FROM `ch_permission` WHERE  `ch_permission`.`delete_time` IS NULL  AND `role_id` = 1 [ RunTime:0.000641s ]
[ sql ] [ SQL ] SHOW COLUMNS FROM `ch_menu` [ RunTime:0.050857s ]
[ sql ] [ SQL ] SELECT * FROM `ch_menu` WHERE  `id` IN (1,7,5,41,42,43,6,44,45,46,50,4,47,48,49,9,10,11,76,76,77,78,79,80,82,86,88,89,90,91,93,94,95,96,97,98,99,100,103,105,106,107,108,109,110,111,112,113,114,115,117,118,119,120,121,122,123,124,125,126,127,128,129,130,131,132,133,134,135,136,137,156,157,158,159,160,161,162,163,164,165,166,167,168,169,170,171,172,173,174,175,176,177,178,179,180,181,182,183,184,185,186,187,188,189,190,191,192,193,194,195,196,197,198) [ RunTime:0.000786s ]
[ sql ] [ SQL ] select count(a.id) as value from ch_app_trace a where a.update_time like "2024%" and a.delete_time is NULL group by a.status ORDER BY a.STATUS asc [ RunTime:0.177350s ]
[ sql ] [ SQL ] select count(a.id) as value from ch_app_trace a where a.update_time like "2024-01%" and a.delete_time is NULL group by a.status ORDER BY a.STATUS asc [ RunTime:0.000782s ]
[ sql ] [ SQL ] select count(a.id) as value from ch_app_trace a where a.update_time like "2024-01-06%" and a.delete_time is NULL group by a.status ORDER BY a.STATUS asc [ RunTime:0.047813s ]
[ sql ] [ SQL ] select  count(a.id) as value,(case a.status when 1  then "已上架" when 2 then "审核中" when 3 then "待审核" when 4 then "账号禁用" when 5 then "分配中" when 6 then "已暂停" when 7 then "待验证" when 8 then "已下架" when 9 then "账号关联" when 10 then "更新中" when 11 then "其他" end) as name from ch_app_trace a where a.update_time like "2024-01-06%" and a.delete_time is NULL group by a.status ORDER BY a.STATUS asc [ RunTime:0.018213s ]
[ sql ] [ SQL ] select  count(a.id) as value,(case a.status when 1  then "已上架" when 2 then "审核中" when 3 then "待审核" when 4 then "账号禁用" when 5 then "分配中" when 6 then "已暂停" when 7 then "待验证" when 8 then "已下架" when 9 then "账号关联" when 10 then "更新中" when 11 then "其他" end) as name from ch_app_trace a where a.update_time like "2024-01%" and a.delete_time is NULL group by a.status ORDER BY a.STATUS asc [ RunTime:0.000835s ]
[ sql ] [ SQL ] select case a.status when 1  then "已上架" when 2 then "审核中" when 3 then "待审核" when 4 then "账号禁用" when 5 then "分配中" when 6 then "已暂停" when 7 then "待验证" when 8 then "已下架" when 9 then "账号关联" when 10 then "更新中" when 11 then "其他" end as name from ch_app_trace a where a.update_time like "%" and a.delete_time is NULL group by a.status ORDER BY a.STATUS asc [ RunTime:0.000642s ]
[ error ] [8]未定义变量: year

---------------------------------------------------------------
[ 2024-01-06T14:21:36+08:00 ] [ sql ] [ DB ] CONNECT:[ UseTime:0.004723s ] mysql:dbname=changheng;host=localhost;port=3306;charset=utf8
[ sql ] [ SQL ] SHOW COLUMNS FROM `ch_user` [ RunTime:0.045149s ]
[ sql ] [ SQL ] SELECT * FROM `ch_user` WHERE  `ch_user`.`delete_time` IS NULL  AND `id` = 2 LIMIT 1 [ RunTime:0.000637s ]
[ sql ] [ SQL ] SHOW COLUMNS FROM `ch_permission` [ RunTime:0.001417s ]
[ sql ] [ SQL ] SELECT * FROM `ch_permission` WHERE  `ch_permission`.`delete_time` IS NULL  AND `role_id` = 1 [ RunTime:0.016028s ]
[ sql ] [ SQL ] SHOW COLUMNS FROM `ch_menu` [ RunTime:0.031302s ]
[ sql ] [ SQL ] SELECT * FROM `ch_menu` WHERE  `id` IN (1,7,5,41,42,43,6,44,45,46,50,4,47,48,49,9,10,11,76,76,77,78,79,80,82,86,88,89,90,91,93,94,95,96,97,98,99,100,103,105,106,107,108,109,110,111,112,113,114,115,117,118,119,120,121,122,123,124,125,126,127,128,129,130,131,132,133,134,135,136,137,156,157,158,159,160,161,162,163,164,165,166,167,168,169,170,171,172,173,174,175,176,177,178,179,180,181,182,183,184,185,186,187,188,189,190,191,192,193,194,195,196,197,198) [ RunTime:0.012474s ]

---------------------------------------------------------------
[ 2024-01-06T15:35:14+08:00 ] [ sql ] [ DB ] CONNECT:[ UseTime:0.168582s ] mysql:dbname=changheng;host=localhost;port=3306;charset=utf8
[ sql ] [ SQL ] SHOW COLUMNS FROM `ch_user` [ RunTime:0.032482s ]
[ sql ] [ SQL ] SELECT * FROM `ch_user` WHERE  `username` = 'admin'  AND (  delete_time is null ) LIMIT 1 [ RunTime:0.033328s ]
[ sql ] [ SQL ] UPDATE `ch_user`  SET `login_time`='2024-01-06 15:35:14'  WHERE  `id` = 2 [ RunTime:0.100403s ]
[ sql ] [ SQL ] UPDATE `ch_user`  SET `login_num`=login_num+1  WHERE  `id` = 2 [ RunTime:0.007813s ]

---------------------------------------------------------------
[ 2024-01-06T15:35:15+08:00 ] [ sql ] [ DB ] CONNECT:[ UseTime:0.006341s ] mysql:dbname=changheng;host=localhost;port=3306;charset=utf8
[ sql ] [ SQL ] SHOW COLUMNS FROM `ch_user` [ RunTime:0.001387s ]
[ sql ] [ SQL ] SELECT * FROM `ch_user` WHERE  `ch_user`.`delete_time` IS NULL  AND `id` = 2 LIMIT 1 [ RunTime:0.000934s ]
[ sql ] [ SQL ] SHOW COLUMNS FROM `ch_permission` [ RunTime:0.048829s ]
[ sql ] [ SQL ] SELECT * FROM `ch_permission` WHERE  `ch_permission`.`delete_time` IS NULL  AND `role_id` = 1 [ RunTime:0.000754s ]
[ sql ] [ SQL ] SHOW COLUMNS FROM `ch_menu` [ RunTime:0.017125s ]
[ sql ] [ SQL ] SELECT * FROM `ch_menu` WHERE  `id` IN (1,7,5,41,42,43,6,44,45,46,50,4,47,48,49,9,10,11,76,76,77,78,79,80,82,86,88,89,90,91,93,94,95,96,97,98,99,100,103,105,106,107,108,109,110,111,112,113,114,115,117,118,119,120,121,122,123,124,125,126,127,128,129,130,131,132,133,134,135,136,137,156,157,158,159,160,161,162,163,164,165,166,167,168,169,170,171,172,173,174,175,176,177,178,179,180,181,182,183,184,185,186,187,188,189,190,191,192,193,194,195,196,197,198) [ RunTime:0.002133s ]
[ sql ] [ SQL ] SHOW COLUMNS FROM `ch_website` [ RunTime:0.018923s ]
[ sql ] [ SQL ] SELECT * FROM `ch_website` WHERE  `id` = 1 LIMIT 1 [ RunTime:0.000656s ]
[ sql ] [ SQL ] SELECT `p`.`role_id`,`p`.`menu_id`,`m`.`id`,`m`.`name`,`m`.`module_name`,`m`.`controller_name`,`m`.`view_name`,`m`.`parent_id`,`m`.`is_menu`,`m`.`sort` FROM `ch_permission` `p` INNER JOIN `ch_menu` `m` ON `p`.`menu_id`=`m`.`id` WHERE  `p`.`role_id` = 1  AND `m`.`is_menu` = 1 ORDER BY m.sort asc [ RunTime:0.004709s ]
[ sql ] [ SQL ] SHOW COLUMNS FROM `ch_role` [ RunTime:0.019667s ]
[ sql ] [ SQL ] SELECT * FROM `ch_role` WHERE  `id` = 1 LIMIT 1 [ RunTime:0.001007s ]
[ sql ] [ SQL ] SELECT `menu_id` FROM `ch_permission` WHERE  `role_id` = 1 [ RunTime:0.001953s ]
[ sql ] [ SQL ] SELECT * FROM `ch_menu` WHERE  `parent_id` = 1  AND `id` IN (1,7,5,41,42,43,6,44,45,46,50,4,47,48,49,9,10,11,76,76,77,78,79,80,82,86,88,89,90,91,93,94,95,96,97,98,99,100,101,102,103,104,105,106,107,108,109,110,111,112,113,114,115,117,118,119,120,121,122,123,124,125,126,127,128,129,130,131,132,133,134,135,136,137,156,157,158,159,160,161,162,163,164,165,166,167,168,169,170,171,172,173,174,175,176,177,178,179,180,181,182,183,184,185,186,187,188,189,190,191,192,193,194,195,196,197,198) ORDER BY sort asc [ RunTime:0.007206s ]
[ sql ] [ SQL ] SELECT * FROM `ch_menu` WHERE  `parent_id` = 7  AND `id` IN (1,7,5,41,42,43,6,44,45,46,50,4,47,48,49,9,10,11,76,76,77,78,79,80,82,86,88,89,90,91,93,94,95,96,97,98,99,100,101,102,103,104,105,106,107,108,109,110,111,112,113,114,115,117,118,119,120,121,122,123,124,125,126,127,128,129,130,131,132,133,134,135,136,137,156,157,158,159,160,161,162,163,164,165,166,167,168,169,170,171,172,173,174,175,176,177,178,179,180,181,182,183,184,185,186,187,188,189,190,191,192,193,194,195,196,197,198)  AND `is_menu` = 1 [ RunTime:0.001671s ]
[ sql ] [ SQL ] SELECT * FROM `ch_menu` WHERE  `parent_id` = 5  AND `id` IN (1,7,5,41,42,43,6,44,45,46,50,4,47,48,49,9,10,11,76,76,77,78,79,80,82,86,88,89,90,91,93,94,95,96,97,98,99,100,101,102,103,104,105,106,107,108,109,110,111,112,113,114,115,117,118,119,120,121,122,123,124,125,126,127,128,129,130,131,132,133,134,135,136,137,156,157,158,159,160,161,162,163,164,165,166,167,168,169,170,171,172,173,174,175,176,177,178,179,180,181,182,183,184,185,186,187,188,189,190,191,192,193,194,195,196,197,198)  AND `is_menu` = 1 [ RunTime:0.001102s ]
[ sql ] [ SQL ] SELECT * FROM `ch_menu` WHERE  `parent_id` = 6  AND `id` IN (1,7,5,41,42,43,6,44,45,46,50,4,47,48,49,9,10,11,76,76,77,78,79,80,82,86,88,89,90,91,93,94,95,96,97,98,99,100,101,102,103,104,105,106,107,108,109,110,111,112,113,114,115,117,118,119,120,121,122,123,124,125,126,127,128,129,130,131,132,133,134,135,136,137,156,157,158,159,160,161,162,163,164,165,166,167,168,169,170,171,172,173,174,175,176,177,178,179,180,181,182,183,184,185,186,187,188,189,190,191,192,193,194,195,196,197,198)  AND `is_menu` = 1 [ RunTime:0.002067s ]
[ sql ] [ SQL ] SELECT * FROM `ch_menu` WHERE  `parent_id` = 4  AND `id` IN (1,7,5,41,42,43,6,44,45,46,50,4,47,48,49,9,10,11,76,76,77,78,79,80,82,86,88,89,90,91,93,94,95,96,97,98,99,100,101,102,103,104,105,106,107,108,109,110,111,112,113,114,115,117,118,119,120,121,122,123,124,125,126,127,128,129,130,131,132,133,134,135,136,137,156,157,158,159,160,161,162,163,164,165,166,167,168,169,170,171,172,173,174,175,176,177,178,179,180,181,182,183,184,185,186,187,188,189,190,191,192,193,194,195,196,197,198)  AND `is_menu` = 1 [ RunTime:0.001086s ]
[ sql ] [ SQL ] SELECT * FROM `ch_menu` WHERE  `parent_id` = 193  AND `id` IN (1,7,5,41,42,43,6,44,45,46,50,4,47,48,49,9,10,11,76,76,77,78,79,80,82,86,88,89,90,91,93,94,95,96,97,98,99,100,101,102,103,104,105,106,107,108,109,110,111,112,113,114,115,117,118,119,120,121,122,123,124,125,126,127,128,129,130,131,132,133,134,135,136,137,156,157,158,159,160,161,162,163,164,165,166,167,168,169,170,171,172,173,174,175,176,177,178,179,180,181,182,183,184,185,186,187,188,189,190,191,192,193,194,195,196,197,198)  AND `is_menu` = 1 [ RunTime:0.001017s ]
[ sql ] [ SQL ] SELECT * FROM `ch_role` WHERE  `id` = 1 LIMIT 1 [ RunTime:0.000830s ]
[ sql ] [ SQL ] SELECT `menu_id` FROM `ch_permission` WHERE  `role_id` = 1 [ RunTime:0.000932s ]
[ sql ] [ SQL ] SELECT * FROM `ch_menu` WHERE  `parent_id` = 156  AND `id` IN (1,7,5,41,42,43,6,44,45,46,50,4,47,48,49,9,10,11,76,76,77,78,79,80,82,86,88,89,90,91,93,94,95,96,97,98,99,100,101,102,103,104,105,106,107,108,109,110,111,112,113,114,115,117,118,119,120,121,122,123,124,125,126,127,128,129,130,131,132,133,134,135,136,137,156,157,158,159,160,161,162,163,164,165,166,167,168,169,170,171,172,173,174,175,176,177,178,179,180,181,182,183,184,185,186,187,188,189,190,191,192,193,194,195,196,197,198) ORDER BY sort asc [ RunTime:0.001660s ]
[ sql ] [ SQL ] SELECT * FROM `ch_menu` WHERE  `parent_id` = 162  AND `id` IN (1,7,5,41,42,43,6,44,45,46,50,4,47,48,49,9,10,11,76,76,77,78,79,80,82,86,88,89,90,91,93,94,95,96,97,98,99,100,101,102,103,104,105,106,107,108,109,110,111,112,113,114,115,117,118,119,120,121,122,123,124,125,126,127,128,129,130,131,132,133,134,135,136,137,156,157,158,159,160,161,162,163,164,165,166,167,168,169,170,171,172,173,174,175,176,177,178,179,180,181,182,183,184,185,186,187,188,189,190,191,192,193,194,195,196,197,198)  AND `is_menu` = 1 [ RunTime:0.002356s ]
[ sql ] [ SQL ] SELECT * FROM `ch_menu` WHERE  `parent_id` = 171  AND `id` IN (1,7,5,41,42,43,6,44,45,46,50,4,47,48,49,9,10,11,76,76,77,78,79,80,82,86,88,89,90,91,93,94,95,96,97,98,99,100,101,102,103,104,105,106,107,108,109,110,111,112,113,114,115,117,118,119,120,121,122,123,124,125,126,127,128,129,130,131,132,133,134,135,136,137,156,157,158,159,160,161,162,163,164,165,166,167,168,169,170,171,172,173,174,175,176,177,178,179,180,181,182,183,184,185,186,187,188,189,190,191,192,193,194,195,196,197,198)  AND `is_menu` = 1 [ RunTime:0.001317s ]
[ sql ] [ SQL ] SELECT * FROM `ch_menu` WHERE  `parent_id` = 188  AND `id` IN (1,7,5,41,42,43,6,44,45,46,50,4,47,48,49,9,10,11,76,76,77,78,79,80,82,86,88,89,90,91,93,94,95,96,97,98,99,100,101,102,103,104,105,106,107,108,109,110,111,112,113,114,115,117,118,119,120,121,122,123,124,125,126,127,128,129,130,131,132,133,134,135,136,137,156,157,158,159,160,161,162,163,164,165,166,167,168,169,170,171,172,173,174,175,176,177,178,179,180,181,182,183,184,185,186,187,188,189,190,191,192,193,194,195,196,197,198)  AND `is_menu` = 1 [ RunTime:0.001084s ]
[ sql ] [ SQL ] SELECT * FROM `ch_role` WHERE  `id` = 1 LIMIT 1 [ RunTime:0.000846s ]
[ sql ] [ SQL ] SELECT `menu_id` FROM `ch_permission` WHERE  `role_id` = 1 [ RunTime:0.000938s ]
[ sql ] [ SQL ] SELECT * FROM `ch_menu` WHERE  `parent_id` = 167  AND `id` IN (1,7,5,41,42,43,6,44,45,46,50,4,47,48,49,9,10,11,76,76,77,78,79,80,82,86,88,89,90,91,93,94,95,96,97,98,99,100,101,102,103,104,105,106,107,108,109,110,111,112,113,114,115,117,118,119,120,121,122,123,124,125,126,127,128,129,130,131,132,133,134,135,136,137,156,157,158,159,160,161,162,163,164,165,166,167,168,169,170,171,172,173,174,175,176,177,178,179,180,181,182,183,184,185,186,187,188,189,190,191,192,193,194,195,196,197,198) ORDER BY sort asc [ RunTime:0.002149s ]
[ sql ] [ SQL ] SELECT * FROM `ch_menu` WHERE  `parent_id` = 168  AND `id` IN (1,7,5,41,42,43,6,44,45,46,50,4,47,48,49,9,10,11,76,76,77,78,79,80,82,86,88,89,90,91,93,94,95,96,97,98,99,100,101,102,103,104,105,106,107,108,109,110,111,112,113,114,115,117,118,119,120,121,122,123,124,125,126,127,128,129,130,131,132,133,134,135,136,137,156,157,158,159,160,161,162,163,164,165,166,167,168,169,170,171,172,173,174,175,176,177,178,179,180,181,182,183,184,185,186,187,188,189,190,191,192,193,194,195,196,197,198)  AND `is_menu` = 1 [ RunTime:0.002861s ]
[ sql ] [ SQL ] SELECT * FROM `ch_menu` WHERE  `parent_id` = 192  AND `id` IN (1,7,5,41,42,43,6,44,45,46,50,4,47,48,49,9,10,11,76,76,77,78,79,80,82,86,88,89,90,91,93,94,95,96,97,98,99,100,101,102,103,104,105,106,107,108,109,110,111,112,113,114,115,117,118,119,120,121,122,123,124,125,126,127,128,129,130,131,132,133,134,135,136,137,156,157,158,159,160,161,162,163,164,165,166,167,168,169,170,171,172,173,174,175,176,177,178,179,180,181,182,183,184,185,186,187,188,189,190,191,192,193,194,195,196,197,198)  AND `is_menu` = 1 [ RunTime:0.001013s ]
[ sql ] [ SQL ] SELECT * FROM `ch_role` WHERE  `id` = 1 LIMIT 1 [ RunTime:0.000632s ]
[ sql ] [ SQL ] SELECT `menu_id` FROM `ch_permission` WHERE  `role_id` = 1 [ RunTime:0.000653s ]
[ sql ] [ SQL ] SELECT * FROM `ch_menu` WHERE  `parent_id` = 175  AND `id` IN (1,7,5,41,42,43,6,44,45,46,50,4,47,48,49,9,10,11,76,76,77,78,79,80,82,86,88,89,90,91,93,94,95,96,97,98,99,100,101,102,103,104,105,106,107,108,109,110,111,112,113,114,115,117,118,119,120,121,122,123,124,125,126,127,128,129,130,131,132,133,134,135,136,137,156,157,158,159,160,161,162,163,164,165,166,167,168,169,170,171,172,173,174,175,176,177,178,179,180,181,182,183,184,185,186,187,188,189,190,191,192,193,194,195,196,197,198) ORDER BY sort asc [ RunTime:0.001458s ]
[ sql ] [ SQL ] SELECT * FROM `ch_menu` WHERE  `parent_id` = 180  AND `id` IN (1,7,5,41,42,43,6,44,45,46,50,4,47,48,49,9,10,11,76,76,77,78,79,80,82,86,88,89,90,91,93,94,95,96,97,98,99,100,101,102,103,104,105,106,107,108,109,110,111,112,113,114,115,117,118,119,120,121,122,123,124,125,126,127,128,129,130,131,132,133,134,135,136,137,156,157,158,159,160,161,162,163,164,165,166,167,168,169,170,171,172,173,174,175,176,177,178,179,180,181,182,183,184,185,186,187,188,189,190,191,192,193,194,195,196,197,198)  AND `is_menu` = 1 [ RunTime:0.001185s ]
[ sql ] [ SQL ] SELECT * FROM `ch_menu` WHERE  `parent_id` = 178  AND `id` IN (1,7,5,41,42,43,6,44,45,46,50,4,47,48,49,9,10,11,76,76,77,78,79,80,82,86,88,89,90,91,93,94,95,96,97,98,99,100,101,102,103,104,105,106,107,108,109,110,111,112,113,114,115,117,118,119,120,121,122,123,124,125,126,127,128,129,130,131,132,133,134,135,136,137,156,157,158,159,160,161,162,163,164,165,166,167,168,169,170,171,172,173,174,175,176,177,178,179,180,181,182,183,184,185,186,187,188,189,190,191,192,193,194,195,196,197,198)  AND `is_menu` = 1 [ RunTime:0.000954s ]
[ sql ] [ SQL ] SELECT * FROM `ch_menu` WHERE  `parent_id` = 176  AND `id` IN (1,7,5,41,42,43,6,44,45,46,50,4,47,48,49,9,10,11,76,76,77,78,79,80,82,86,88,89,90,91,93,94,95,96,97,98,99,100,101,102,103,104,105,106,107,108,109,110,111,112,113,114,115,117,118,119,120,121,122,123,124,125,126,127,128,129,130,131,132,133,134,135,136,137,156,157,158,159,160,161,162,163,164,165,166,167,168,169,170,171,172,173,174,175,176,177,178,179,180,181,182,183,184,185,186,187,188,189,190,191,192,193,194,195,196,197,198)  AND `is_menu` = 1 [ RunTime:0.000786s ]
[ sql ] [ SQL ] SELECT * FROM `ch_menu` WHERE  `parent_id` = 179  AND `id` IN (1,7,5,41,42,43,6,44,45,46,50,4,47,48,49,9,10,11,76,76,77,78,79,80,82,86,88,89,90,91,93,94,95,96,97,98,99,100,101,102,103,104,105,106,107,108,109,110,111,112,113,114,115,117,118,119,120,121,122,123,124,125,126,127,128,129,130,131,132,133,134,135,136,137,156,157,158,159,160,161,162,163,164,165,166,167,168,169,170,171,172,173,174,175,176,177,178,179,180,181,182,183,184,185,186,187,188,189,190,191,192,193,194,195,196,197,198)  AND `is_menu` = 1 [ RunTime:0.000716s ]
[ sql ] [ SQL ] SELECT * FROM `ch_menu` WHERE  `parent_id` = 181  AND `id` IN (1,7,5,41,42,43,6,44,45,46,50,4,47,48,49,9,10,11,76,76,77,78,79,80,82,86,88,89,90,91,93,94,95,96,97,98,99,100,101,102,103,104,105,106,107,108,109,110,111,112,113,114,115,117,118,119,120,121,122,123,124,125,126,127,128,129,130,131,132,133,134,135,136,137,156,157,158,159,160,161,162,163,164,165,166,167,168,169,170,171,172,173,174,175,176,177,178,179,180,181,182,183,184,185,186,187,188,189,190,191,192,193,194,195,196,197,198)  AND `is_menu` = 1 [ RunTime:0.000652s ]
[ error ] [8192]The each() function is deprecated. This message will be suppressed on further calls
[ error ] [8]未定义数组索引: child
[ error ] [8]未定义数组索引: child
[ error ] [8]未定义数组索引: child
[ error ] [8]未定义数组索引: child
[ error ] [8]未定义数组索引: child
[ error ] [8]未定义数组索引: child
[ error ] [8]未定义数组索引: child
[ error ] [8]未定义数组索引: child
[ error ] [8]未定义数组索引: child
[ error ] [8]未定义数组索引: child
[ error ] [8]未定义数组索引: child
[ error ] [8]未定义数组索引: child
[ error ] [8]未定义数组索引: child
[ error ] [8]未定义数组索引: child
[ error ] [8]未定义数组索引: child

---------------------------------------------------------------
[ 2024-01-06T15:35:15+08:00 ] [ sql ] [ DB ] CONNECT:[ UseTime:0.010321s ] mysql:dbname=changheng;host=localhost;port=3306;charset=utf8
[ sql ] [ SQL ] SHOW COLUMNS FROM `ch_user` [ RunTime:0.002518s ]
[ sql ] [ SQL ] SELECT * FROM `ch_user` WHERE  `ch_user`.`delete_time` IS NULL  AND `id` = 2 LIMIT 1 [ RunTime:0.001937s ]
[ sql ] [ SQL ] SHOW COLUMNS FROM `ch_permission` [ RunTime:0.003279s ]
[ sql ] [ SQL ] SELECT * FROM `ch_permission` WHERE  `ch_permission`.`delete_time` IS NULL  AND `role_id` = 1 [ RunTime:0.000884s ]
[ sql ] [ SQL ] SHOW COLUMNS FROM `ch_menu` [ RunTime:0.002866s ]
[ sql ] [ SQL ] SELECT * FROM `ch_menu` WHERE  `id` IN (1,7,5,41,42,43,6,44,45,46,50,4,47,48,49,9,10,11,76,76,77,78,79,80,82,86,88,89,90,91,93,94,95,96,97,98,99,100,103,105,106,107,108,109,110,111,112,113,114,115,117,118,119,120,121,122,123,124,125,126,127,128,129,130,131,132,133,134,135,136,137,156,157,158,159,160,161,162,163,164,165,166,167,168,169,170,171,172,173,174,175,176,177,178,179,180,181,182,183,184,185,186,187,188,189,190,191,192,193,194,195,196,197,198) [ RunTime:0.000966s ]
[ sql ] [ SQL ] select count(a.id) as value from ch_app_trace a where a.update_time like "2024%" and a.delete_time is NULL group by a.status ORDER BY a.STATUS asc [ RunTime:0.095728s ]
[ sql ] [ SQL ] select count(a.id) as value from ch_app_trace a where a.update_time like "2024-01%" and a.delete_time is NULL group by a.status ORDER BY a.STATUS asc [ RunTime:0.014268s ]
[ sql ] [ SQL ] select count(a.id) as value from ch_app_trace a where a.update_time like "2024-01-06%" and a.delete_time is NULL group by a.status ORDER BY a.STATUS asc [ RunTime:0.001277s ]
[ sql ] [ SQL ] select  count(a.id) as value,(case a.status when 1  then "已上架" when 2 then "审核中" when 3 then "待审核" when 4 then "账号禁用" when 5 then "分配中" when 6 then "已暂停" when 7 then "待验证" when 8 then "已下架" when 9 then "账号关联" when 10 then "更新中" when 11 then "其他" end) as name from ch_app_trace a where a.update_time like "2024-01-06%" and a.delete_time is NULL group by a.status ORDER BY a.STATUS asc [ RunTime:0.002261s ]
[ sql ] [ SQL ] select  count(a.id) as value,(case a.status when 1  then "已上架" when 2 then "审核中" when 3 then "待审核" when 4 then "账号禁用" when 5 then "分配中" when 6 then "已暂停" when 7 then "待验证" when 8 then "已下架" when 9 then "账号关联" when 10 then "更新中" when 11 then "其他" end) as name from ch_app_trace a where a.update_time like "2024-01%" and a.delete_time is NULL group by a.status ORDER BY a.STATUS asc [ RunTime:0.002097s ]
[ sql ] [ SQL ] select case a.status when 1  then "已上架" when 2 then "审核中" when 3 then "待审核" when 4 then "账号禁用" when 5 then "分配中" when 6 then "已暂停" when 7 then "待验证" when 8 then "已下架" when 9 then "账号关联" when 10 then "更新中" when 11 then "其他" end as name from ch_app_trace a where a.update_time like "%" and a.delete_time is NULL group by a.status ORDER BY a.STATUS asc [ RunTime:0.015504s ]
[ error ] [8]未定义变量: year

---------------------------------------------------------------
[ 2024-01-06T15:35:15+08:00 ] [ sql ] [ DB ] CONNECT:[ UseTime:0.002325s ] mysql:dbname=changheng;host=localhost;port=3306;charset=utf8
[ sql ] [ SQL ] SHOW COLUMNS FROM `ch_user` [ RunTime:0.001377s ]
[ sql ] [ SQL ] SELECT * FROM `ch_user` WHERE  `ch_user`.`delete_time` IS NULL  AND `id` = 2 LIMIT 1 [ RunTime:0.000438s ]
[ sql ] [ SQL ] SHOW COLUMNS FROM `ch_permission` [ RunTime:0.001708s ]
[ sql ] [ SQL ] SELECT * FROM `ch_permission` WHERE  `ch_permission`.`delete_time` IS NULL  AND `role_id` = 1 [ RunTime:0.000435s ]
[ sql ] [ SQL ] SHOW COLUMNS FROM `ch_menu` [ RunTime:0.001763s ]
[ sql ] [ SQL ] SELECT * FROM `ch_menu` WHERE  `id` IN (1,7,5,41,42,43,6,44,45,46,50,4,47,48,49,9,10,11,76,76,77,78,79,80,82,86,88,89,90,91,93,94,95,96,97,98,99,100,103,105,106,107,108,109,110,111,112,113,114,115,117,118,119,120,121,122,123,124,125,126,127,128,129,130,131,132,133,134,135,136,137,156,157,158,159,160,161,162,163,164,165,166,167,168,169,170,171,172,173,174,175,176,177,178,179,180,181,182,183,184,185,186,187,188,189,190,191,192,193,194,195,196,197,198) [ RunTime:0.000781s ]

---------------------------------------------------------------
