[ 2023-12-21T09:20:28+08:00 ] [ sql ] [ DB ] CONNECT:[ UseTime:0.489515s ] mysql:dbname=changheng;host=localhost;port=3306;charset=utf8
[ sql ] [ SQL ] SHOW COLUMNS FROM `ch_user` [ RunTime:0.213611s ]
[ sql ] [ SQL ] SELECT * FROM `ch_user` WHERE  `ch_user`.`delete_time` IS NULL  AND `id` = 2 LIMIT 1 [ RunTime:0.039058s ]
[ sql ] [ SQL ] SHOW COLUMNS FROM `ch_permission` [ RunTime:0.002943s ]
[ sql ] [ SQL ] SELECT * FROM `ch_permission` WHERE  `ch_permission`.`delete_time` IS NULL  AND `role_id` = 1 [ RunTime:0.003690s ]
[ sql ] [ SQL ] SHOW COLUMNS FROM `ch_menu` [ RunTime:0.002601s ]
[ sql ] [ SQL ] SELECT * FROM `ch_menu` WHERE  `id` IN (1,7,5,41,42,43,6,44,45,46,50,4,47,48,49,9,10,11,76,76,77,78,79,80,82,86,88,89,90,91,93,94,95,96,97,98,99,100,103,105,106,107,108,109,110,111,112,113,114,115,117,118,119,120,121,122,123,124,125,126,127,128,129,130,131,132,133,134,135,136,137,156,157,158,159,160,161,162,163,164,165,166,167,168,169,170,171,172,173,174,175,176,177,178,179,180,181,182,183,184,185,186,187,188,189,190,191,192,193,194,195,196,197) [ RunTime:0.003570s ]
[ sql ] [ SQL ] SHOW COLUMNS FROM `ch_website` [ RunTime:0.001373s ]
[ sql ] [ SQL ] SELECT * FROM `ch_website` WHERE  `id` = 1 LIMIT 1 [ RunTime:0.057347s ]
[ sql ] [ SQL ] SELECT `p`.`role_id`,`p`.`menu_id`,`m`.`id`,`m`.`name`,`m`.`module_name`,`m`.`controller_name`,`m`.`view_name`,`m`.`parent_id`,`m`.`is_menu`,`m`.`sort` FROM `ch_permission` `p` INNER JOIN `ch_menu` `m` ON `p`.`menu_id`=`m`.`id` WHERE  `p`.`role_id` = 1  AND `m`.`is_menu` = 1 ORDER BY m.sort asc [ RunTime:0.007330s ]
[ sql ] [ SQL ] SHOW COLUMNS FROM `ch_role` [ RunTime:0.002221s ]
[ sql ] [ SQL ] SELECT * FROM `ch_role` WHERE  `id` = 1 LIMIT 1 [ RunTime:0.001616s ]
[ sql ] [ SQL ] SELECT `menu_id` FROM `ch_permission` WHERE  `role_id` = 1 [ RunTime:0.001024s ]
[ sql ] [ SQL ] SELECT * FROM `ch_menu` WHERE  `parent_id` = 1  AND `id` IN (1,7,5,41,42,43,6,44,45,46,50,4,47,48,49,9,10,11,76,76,77,78,79,80,82,86,88,89,90,91,93,94,95,96,97,98,99,100,101,102,103,104,105,106,107,108,109,110,111,112,113,114,115,117,118,119,120,121,122,123,124,125,126,127,128,129,130,131,132,133,134,135,136,137,156,157,158,159,160,161,162,163,164,165,166,167,168,169,170,171,172,173,174,175,176,177,178,179,180,181,182,183,184,185,186,187,188,189,190,191,192,193,194,195,196,197) ORDER BY sort asc [ RunTime:0.002860s ]
[ sql ] [ SQL ] SELECT * FROM `ch_menu` WHERE  `parent_id` = 7  AND `id` IN (1,7,5,41,42,43,6,44,45,46,50,4,47,48,49,9,10,11,76,76,77,78,79,80,82,86,88,89,90,91,93,94,95,96,97,98,99,100,101,102,103,104,105,106,107,108,109,110,111,112,113,114,115,117,118,119,120,121,122,123,124,125,126,127,128,129,130,131,132,133,134,135,136,137,156,157,158,159,160,161,162,163,164,165,166,167,168,169,170,171,172,173,174,175,176,177,178,179,180,181,182,183,184,185,186,187,188,189,190,191,192,193,194,195,196,197)  AND `is_menu` = 1 [ RunTime:0.001102s ]
[ sql ] [ SQL ] SELECT * FROM `ch_menu` WHERE  `parent_id` = 5  AND `id` IN (1,7,5,41,42,43,6,44,45,46,50,4,47,48,49,9,10,11,76,76,77,78,79,80,82,86,88,89,90,91,93,94,95,96,97,98,99,100,101,102,103,104,105,106,107,108,109,110,111,112,113,114,115,117,118,119,120,121,122,123,124,125,126,127,128,129,130,131,132,133,134,135,136,137,156,157,158,159,160,161,162,163,164,165,166,167,168,169,170,171,172,173,174,175,176,177,178,179,180,181,182,183,184,185,186,187,188,189,190,191,192,193,194,195,196,197)  AND `is_menu` = 1 [ RunTime:0.000616s ]
[ sql ] [ SQL ] SELECT * FROM `ch_menu` WHERE  `parent_id` = 6  AND `id` IN (1,7,5,41,42,43,6,44,45,46,50,4,47,48,49,9,10,11,76,76,77,78,79,80,82,86,88,89,90,91,93,94,95,96,97,98,99,100,101,102,103,104,105,106,107,108,109,110,111,112,113,114,115,117,118,119,120,121,122,123,124,125,126,127,128,129,130,131,132,133,134,135,136,137,156,157,158,159,160,161,162,163,164,165,166,167,168,169,170,171,172,173,174,175,176,177,178,179,180,181,182,183,184,185,186,187,188,189,190,191,192,193,194,195,196,197)  AND `is_menu` = 1 [ RunTime:0.000787s ]
[ sql ] [ SQL ] SELECT * FROM `ch_menu` WHERE  `parent_id` = 4  AND `id` IN (1,7,5,41,42,43,6,44,45,46,50,4,47,48,49,9,10,11,76,76,77,78,79,80,82,86,88,89,90,91,93,94,95,96,97,98,99,100,101,102,103,104,105,106,107,108,109,110,111,112,113,114,115,117,118,119,120,121,122,123,124,125,126,127,128,129,130,131,132,133,134,135,136,137,156,157,158,159,160,161,162,163,164,165,166,167,168,169,170,171,172,173,174,175,176,177,178,179,180,181,182,183,184,185,186,187,188,189,190,191,192,193,194,195,196,197)  AND `is_menu` = 1 [ RunTime:0.000814s ]
[ sql ] [ SQL ] SELECT * FROM `ch_menu` WHERE  `parent_id` = 193  AND `id` IN (1,7,5,41,42,43,6,44,45,46,50,4,47,48,49,9,10,11,76,76,77,78,79,80,82,86,88,89,90,91,93,94,95,96,97,98,99,100,101,102,103,104,105,106,107,108,109,110,111,112,113,114,115,117,118,119,120,121,122,123,124,125,126,127,128,129,130,131,132,133,134,135,136,137,156,157,158,159,160,161,162,163,164,165,166,167,168,169,170,171,172,173,174,175,176,177,178,179,180,181,182,183,184,185,186,187,188,189,190,191,192,193,194,195,196,197)  AND `is_menu` = 1 [ RunTime:0.000598s ]
[ sql ] [ SQL ] SELECT * FROM `ch_role` WHERE  `id` = 1 LIMIT 1 [ RunTime:0.000409s ]
[ sql ] [ SQL ] SELECT `menu_id` FROM `ch_permission` WHERE  `role_id` = 1 [ RunTime:0.000385s ]
[ sql ] [ SQL ] SELECT * FROM `ch_menu` WHERE  `parent_id` = 156  AND `id` IN (1,7,5,41,42,43,6,44,45,46,50,4,47,48,49,9,10,11,76,76,77,78,79,80,82,86,88,89,90,91,93,94,95,96,97,98,99,100,101,102,103,104,105,106,107,108,109,110,111,112,113,114,115,117,118,119,120,121,122,123,124,125,126,127,128,129,130,131,132,133,134,135,136,137,156,157,158,159,160,161,162,163,164,165,166,167,168,169,170,171,172,173,174,175,176,177,178,179,180,181,182,183,184,185,186,187,188,189,190,191,192,193,194,195,196,197) ORDER BY sort asc [ RunTime:0.000769s ]
[ sql ] [ SQL ] SELECT * FROM `ch_menu` WHERE  `parent_id` = 162  AND `id` IN (1,7,5,41,42,43,6,44,45,46,50,4,47,48,49,9,10,11,76,76,77,78,79,80,82,86,88,89,90,91,93,94,95,96,97,98,99,100,101,102,103,104,105,106,107,108,109,110,111,112,113,114,115,117,118,119,120,121,122,123,124,125,126,127,128,129,130,131,132,133,134,135,136,137,156,157,158,159,160,161,162,163,164,165,166,167,168,169,170,171,172,173,174,175,176,177,178,179,180,181,182,183,184,185,186,187,188,189,190,191,192,193,194,195,196,197)  AND `is_menu` = 1 [ RunTime:0.000766s ]
[ sql ] [ SQL ] SELECT * FROM `ch_menu` WHERE  `parent_id` = 171  AND `id` IN (1,7,5,41,42,43,6,44,45,46,50,4,47,48,49,9,10,11,76,76,77,78,79,80,82,86,88,89,90,91,93,94,95,96,97,98,99,100,101,102,103,104,105,106,107,108,109,110,111,112,113,114,115,117,118,119,120,121,122,123,124,125,126,127,128,129,130,131,132,133,134,135,136,137,156,157,158,159,160,161,162,163,164,165,166,167,168,169,170,171,172,173,174,175,176,177,178,179,180,181,182,183,184,185,186,187,188,189,190,191,192,193,194,195,196,197)  AND `is_menu` = 1 [ RunTime:0.000528s ]
[ sql ] [ SQL ] SELECT * FROM `ch_menu` WHERE  `parent_id` = 188  AND `id` IN (1,7,5,41,42,43,6,44,45,46,50,4,47,48,49,9,10,11,76,76,77,78,79,80,82,86,88,89,90,91,93,94,95,96,97,98,99,100,101,102,103,104,105,106,107,108,109,110,111,112,113,114,115,117,118,119,120,121,122,123,124,125,126,127,128,129,130,131,132,133,134,135,136,137,156,157,158,159,160,161,162,163,164,165,166,167,168,169,170,171,172,173,174,175,176,177,178,179,180,181,182,183,184,185,186,187,188,189,190,191,192,193,194,195,196,197)  AND `is_menu` = 1 [ RunTime:0.000537s ]
[ sql ] [ SQL ] SELECT * FROM `ch_role` WHERE  `id` = 1 LIMIT 1 [ RunTime:0.000458s ]
[ sql ] [ SQL ] SELECT `menu_id` FROM `ch_permission` WHERE  `role_id` = 1 [ RunTime:0.000437s ]
[ sql ] [ SQL ] SELECT * FROM `ch_menu` WHERE  `parent_id` = 167  AND `id` IN (1,7,5,41,42,43,6,44,45,46,50,4,47,48,49,9,10,11,76,76,77,78,79,80,82,86,88,89,90,91,93,94,95,96,97,98,99,100,101,102,103,104,105,106,107,108,109,110,111,112,113,114,115,117,118,119,120,121,122,123,124,125,126,127,128,129,130,131,132,133,134,135,136,137,156,157,158,159,160,161,162,163,164,165,166,167,168,169,170,171,172,173,174,175,176,177,178,179,180,181,182,183,184,185,186,187,188,189,190,191,192,193,194,195,196,197) ORDER BY sort asc [ RunTime:0.000807s ]
[ sql ] [ SQL ] SELECT * FROM `ch_menu` WHERE  `parent_id` = 168  AND `id` IN (1,7,5,41,42,43,6,44,45,46,50,4,47,48,49,9,10,11,76,76,77,78,79,80,82,86,88,89,90,91,93,94,95,96,97,98,99,100,101,102,103,104,105,106,107,108,109,110,111,112,113,114,115,117,118,119,120,121,122,123,124,125,126,127,128,129,130,131,132,133,134,135,136,137,156,157,158,159,160,161,162,163,164,165,166,167,168,169,170,171,172,173,174,175,176,177,178,179,180,181,182,183,184,185,186,187,188,189,190,191,192,193,194,195,196,197)  AND `is_menu` = 1 [ RunTime:0.000830s ]
[ sql ] [ SQL ] SELECT * FROM `ch_menu` WHERE  `parent_id` = 192  AND `id` IN (1,7,5,41,42,43,6,44,45,46,50,4,47,48,49,9,10,11,76,76,77,78,79,80,82,86,88,89,90,91,93,94,95,96,97,98,99,100,101,102,103,104,105,106,107,108,109,110,111,112,113,114,115,117,118,119,120,121,122,123,124,125,126,127,128,129,130,131,132,133,134,135,136,137,156,157,158,159,160,161,162,163,164,165,166,167,168,169,170,171,172,173,174,175,176,177,178,179,180,181,182,183,184,185,186,187,188,189,190,191,192,193,194,195,196,197)  AND `is_menu` = 1 [ RunTime:0.000529s ]
[ sql ] [ SQL ] SELECT * FROM `ch_role` WHERE  `id` = 1 LIMIT 1 [ RunTime:0.000429s ]
[ sql ] [ SQL ] SELECT `menu_id` FROM `ch_permission` WHERE  `role_id` = 1 [ RunTime:0.000419s ]
[ sql ] [ SQL ] SELECT * FROM `ch_menu` WHERE  `parent_id` = 175  AND `id` IN (1,7,5,41,42,43,6,44,45,46,50,4,47,48,49,9,10,11,76,76,77,78,79,80,82,86,88,89,90,91,93,94,95,96,97,98,99,100,101,102,103,104,105,106,107,108,109,110,111,112,113,114,115,117,118,119,120,121,122,123,124,125,126,127,128,129,130,131,132,133,134,135,136,137,156,157,158,159,160,161,162,163,164,165,166,167,168,169,170,171,172,173,174,175,176,177,178,179,180,181,182,183,184,185,186,187,188,189,190,191,192,193,194,195,196,197) ORDER BY sort asc [ RunTime:0.000761s ]
[ sql ] [ SQL ] SELECT * FROM `ch_menu` WHERE  `parent_id` = 180  AND `id` IN (1,7,5,41,42,43,6,44,45,46,50,4,47,48,49,9,10,11,76,76,77,78,79,80,82,86,88,89,90,91,93,94,95,96,97,98,99,100,101,102,103,104,105,106,107,108,109,110,111,112,113,114,115,117,118,119,120,121,122,123,124,125,126,127,128,129,130,131,132,133,134,135,136,137,156,157,158,159,160,161,162,163,164,165,166,167,168,169,170,171,172,173,174,175,176,177,178,179,180,181,182,183,184,185,186,187,188,189,190,191,192,193,194,195,196,197)  AND `is_menu` = 1 [ RunTime:0.000737s ]
[ sql ] [ SQL ] SELECT * FROM `ch_menu` WHERE  `parent_id` = 178  AND `id` IN (1,7,5,41,42,43,6,44,45,46,50,4,47,48,49,9,10,11,76,76,77,78,79,80,82,86,88,89,90,91,93,94,95,96,97,98,99,100,101,102,103,104,105,106,107,108,109,110,111,112,113,114,115,117,118,119,120,121,122,123,124,125,126,127,128,129,130,131,132,133,134,135,136,137,156,157,158,159,160,161,162,163,164,165,166,167,168,169,170,171,172,173,174,175,176,177,178,179,180,181,182,183,184,185,186,187,188,189,190,191,192,193,194,195,196,197)  AND `is_menu` = 1 [ RunTime:0.000457s ]
[ sql ] [ SQL ] SELECT * FROM `ch_menu` WHERE  `parent_id` = 176  AND `id` IN (1,7,5,41,42,43,6,44,45,46,50,4,47,48,49,9,10,11,76,76,77,78,79,80,82,86,88,89,90,91,93,94,95,96,97,98,99,100,101,102,103,104,105,106,107,108,109,110,111,112,113,114,115,117,118,119,120,121,122,123,124,125,126,127,128,129,130,131,132,133,134,135,136,137,156,157,158,159,160,161,162,163,164,165,166,167,168,169,170,171,172,173,174,175,176,177,178,179,180,181,182,183,184,185,186,187,188,189,190,191,192,193,194,195,196,197)  AND `is_menu` = 1 [ RunTime:0.000452s ]
[ sql ] [ SQL ] SELECT * FROM `ch_menu` WHERE  `parent_id` = 179  AND `id` IN (1,7,5,41,42,43,6,44,45,46,50,4,47,48,49,9,10,11,76,76,77,78,79,80,82,86,88,89,90,91,93,94,95,96,97,98,99,100,101,102,103,104,105,106,107,108,109,110,111,112,113,114,115,117,118,119,120,121,122,123,124,125,126,127,128,129,130,131,132,133,134,135,136,137,156,157,158,159,160,161,162,163,164,165,166,167,168,169,170,171,172,173,174,175,176,177,178,179,180,181,182,183,184,185,186,187,188,189,190,191,192,193,194,195,196,197)  AND `is_menu` = 1 [ RunTime:0.000450s ]
[ sql ] [ SQL ] SELECT * FROM `ch_menu` WHERE  `parent_id` = 181  AND `id` IN (1,7,5,41,42,43,6,44,45,46,50,4,47,48,49,9,10,11,76,76,77,78,79,80,82,86,88,89,90,91,93,94,95,96,97,98,99,100,101,102,103,104,105,106,107,108,109,110,111,112,113,114,115,117,118,119,120,121,122,123,124,125,126,127,128,129,130,131,132,133,134,135,136,137,156,157,158,159,160,161,162,163,164,165,166,167,168,169,170,171,172,173,174,175,176,177,178,179,180,181,182,183,184,185,186,187,188,189,190,191,192,193,194,195,196,197)  AND `is_menu` = 1 [ RunTime:0.000450s ]
[ error ] [8192]The each() function is deprecated. This message will be suppressed on further calls
[ error ] [8]未定义数组索引: child
[ error ] [8]未定义数组索引: child
[ error ] [8]未定义数组索引: child
[ error ] [8]未定义数组索引: child
[ error ] [8]未定义数组索引: child
[ error ] [8]未定义数组索引: child
[ error ] [8]未定义数组索引: child
[ error ] [8]未定义数组索引: child
[ error ] [8]未定义数组索引: child
[ error ] [8]未定义数组索引: child
[ error ] [8]未定义数组索引: child
[ error ] [8]未定义数组索引: child
[ error ] [8]未定义数组索引: child
[ error ] [8]未定义数组索引: child
[ error ] [8]未定义数组索引: child

---------------------------------------------------------------
[ 2023-12-21T09:20:29+08:00 ] [ sql ] [ DB ] CONNECT:[ UseTime:0.035008s ] mysql:dbname=changheng;host=localhost;port=3306;charset=utf8
[ sql ] [ SQL ] SHOW COLUMNS FROM `ch_user` [ RunTime:0.010902s ]
[ sql ] [ SQL ] SELECT * FROM `ch_user` WHERE  `ch_user`.`delete_time` IS NULL  AND `id` = 2 LIMIT 1 [ RunTime:0.001068s ]
[ sql ] [ SQL ] SHOW COLUMNS FROM `ch_permission` [ RunTime:0.001551s ]
[ sql ] [ SQL ] SELECT * FROM `ch_permission` WHERE  `ch_permission`.`delete_time` IS NULL  AND `role_id` = 1 [ RunTime:0.000887s ]
[ sql ] [ SQL ] SHOW COLUMNS FROM `ch_menu` [ RunTime:0.001461s ]
[ sql ] [ SQL ] SELECT * FROM `ch_menu` WHERE  `id` IN (1,7,5,41,42,43,6,44,45,46,50,4,47,48,49,9,10,11,76,76,77,78,79,80,82,86,88,89,90,91,93,94,95,96,97,98,99,100,103,105,106,107,108,109,110,111,112,113,114,115,117,118,119,120,121,122,123,124,125,126,127,128,129,130,131,132,133,134,135,136,137,156,157,158,159,160,161,162,163,164,165,166,167,168,169,170,171,172,173,174,175,176,177,178,179,180,181,182,183,184,185,186,187,188,189,190,191,192,193,194,195,196,197) [ RunTime:0.001342s ]
[ sql ] [ SQL ] select count(a.id) as value from ch_app_trace a where a.update_time like "2023%" and a.delete_time is NULL group by a.status ORDER BY a.STATUS asc [ RunTime:0.037406s ]
[ sql ] [ SQL ] select count(a.id) as value from ch_app_trace a where a.update_time like "2023-12%" and a.delete_time is NULL group by a.status ORDER BY a.STATUS asc [ RunTime:0.000853s ]
[ sql ] [ SQL ] select count(a.id) as value from ch_app_trace a where a.update_time like "2023-12-21%" and a.delete_time is NULL group by a.status ORDER BY a.STATUS asc [ RunTime:0.007253s ]
[ sql ] [ SQL ] select  count(a.id) as value,(case a.status when 1  then "已上架" when 2 then "审核中" when 3 then "待审核" when 4 then "账号禁用" when 5 then "分配中" when 6 then "已暂停" when 7 then "待验证" when 8 then "已下架" when 9 then "账号关联" when 10 then "更新中" when 11 then "其他" end) as name from ch_app_trace a where a.update_time like "2023-12-21%" and a.delete_time is NULL group by a.status ORDER BY a.STATUS asc [ RunTime:0.000491s ]
[ sql ] [ SQL ] select  count(a.id) as value,(case a.status when 1  then "已上架" when 2 then "审核中" when 3 then "待审核" when 4 then "账号禁用" when 5 then "分配中" when 6 then "已暂停" when 7 then "待验证" when 8 then "已下架" when 9 then "账号关联" when 10 then "更新中" when 11 then "其他" end) as name from ch_app_trace a where a.update_time like "2023-12%" and a.delete_time is NULL group by a.status ORDER BY a.STATUS asc [ RunTime:0.000591s ]
[ sql ] [ SQL ] select case a.status when 1  then "已上架" when 2 then "审核中" when 3 then "待审核" when 4 then "账号禁用" when 5 then "分配中" when 6 then "已暂停" when 7 then "待验证" when 8 then "已下架" when 9 then "账号关联" when 10 then "更新中" when 11 then "其他" end as name from ch_app_trace a where a.update_time like "%" and a.delete_time is NULL group by a.status ORDER BY a.STATUS asc [ RunTime:0.000868s ]
[ error ] [8]未定义变量: year

---------------------------------------------------------------
[ 2023-12-21T09:20:46+08:00 ] [ sql ] [ DB ] CONNECT:[ UseTime:0.031074s ] mysql:dbname=changheng;host=localhost;port=3306;charset=utf8
[ sql ] [ SQL ] SHOW COLUMNS FROM `ch_user` [ RunTime:0.053980s ]
[ sql ] [ SQL ] SELECT * FROM `ch_user` WHERE  `ch_user`.`delete_time` IS NULL  AND `id` = 2 LIMIT 1 [ RunTime:0.002358s ]
[ sql ] [ SQL ] SHOW COLUMNS FROM `ch_permission` [ RunTime:0.003426s ]
[ sql ] [ SQL ] SELECT * FROM `ch_permission` WHERE  `ch_permission`.`delete_time` IS NULL  AND `role_id` = 1 [ RunTime:0.002526s ]
[ sql ] [ SQL ] SHOW COLUMNS FROM `ch_menu` [ RunTime:0.002297s ]
[ sql ] [ SQL ] SELECT * FROM `ch_menu` WHERE  `id` IN (1,7,5,41,42,43,6,44,45,46,50,4,47,48,49,9,10,11,76,76,77,78,79,80,82,86,88,89,90,91,93,94,95,96,97,98,99,100,103,105,106,107,108,109,110,111,112,113,114,115,117,118,119,120,121,122,123,124,125,126,127,128,129,130,131,132,133,134,135,136,137,156,157,158,159,160,161,162,163,164,165,166,167,168,169,170,171,172,173,174,175,176,177,178,179,180,181,182,183,184,185,186,187,188,189,190,191,192,193,194,195,196,197) [ RunTime:0.001776s ]
[ sql ] [ SQL ] SELECT `id` FROM `ch_menu` WHERE  `module_name` = 'admin'  AND `controller_name` = 'Trace'  AND `view_name` = 'tracelist' LIMIT 1 [ RunTime:0.000402s ]
[ sql ] [ SQL ] SELECT * FROM `ch_menu` WHERE  `parent_id` = 162 [ RunTime:0.000356s ]
[ sql ] [ SQL ] SELECT `p`.`id`,`m`.`name` FROM `ch_permission` `p` INNER JOIN `ch_menu` `m` ON `p`.`menu_id`=`m`.`id` WHERE  `p`.`role_id` = 1  AND `p`.`menu_id` IN (157,158,159,160,161,164,165,166,169,170,196,197) [ RunTime:0.000547s ]
[ sql ] [ SQL ] SHOW COLUMNS FROM `ch_app_trace` [ RunTime:0.001070s ]
[ sql ] [ SQL ] SELECT COUNT(*) AS tp_count FROM `ch_app_trace` WHERE  `ch_app_trace`.`delete_time` IS NULL LIMIT 1 [ RunTime:0.069962s ]
[ sql ] [ SQL ] SELECT * FROM `ch_app_trace` WHERE  `ch_app_trace`.`delete_time` IS NULL ORDER BY id desc LIMIT 0,10 [ RunTime:0.000682s ]
[ sql ] [ SQL ] SELECT COUNT(*) AS tp_count FROM `ch_app_trace` WHERE  `ch_app_trace`.`delete_time` IS NULL LIMIT 1 [ RunTime:0.000472s ]
[ sql ] [ SQL ] SELECT `id`,`username`,`nickname` FROM `ch_user` WHERE  `ch_user`.`delete_time` IS NULL  AND `open` = 'on' ORDER BY id asc [ RunTime:0.071451s ]
[ sql ] [ SQL ] SHOW COLUMNS FROM `ch_app_trace_update` [ RunTime:0.001540s ]
[ sql ] [ SQL ] SELECT COUNT(*) AS tp_count FROM `ch_app_trace_update` WHERE  `app_id` = 157 LIMIT 1 [ RunTime:0.000616s ]
[ sql ] [ SQL ] SELECT COUNT(*) AS tp_count FROM `ch_app_trace_update` WHERE  `app_id` = 157 LIMIT 1 [ RunTime:0.000421s ]
[ sql ] [ SQL ] SELECT COUNT(*) AS tp_count FROM `ch_app_trace_update` WHERE  `app_id` = 155 LIMIT 1 [ RunTime:0.000548s ]
[ sql ] [ SQL ] SELECT COUNT(*) AS tp_count FROM `ch_app_trace_update` WHERE  `app_id` = 155 LIMIT 1 [ RunTime:0.000500s ]
[ sql ] [ SQL ] SELECT COUNT(*) AS tp_count FROM `ch_app_trace_update` WHERE  `app_id` = 154 LIMIT 1 [ RunTime:0.000357s ]
[ sql ] [ SQL ] SELECT COUNT(*) AS tp_count FROM `ch_app_trace_update` WHERE  `app_id` = 154 LIMIT 1 [ RunTime:0.000328s ]
[ sql ] [ SQL ] SELECT COUNT(*) AS tp_count FROM `ch_app_trace_update` WHERE  `app_id` = 153 LIMIT 1 [ RunTime:0.000316s ]
[ sql ] [ SQL ] SELECT COUNT(*) AS tp_count FROM `ch_app_trace_update` WHERE  `app_id` = 153 LIMIT 1 [ RunTime:0.000360s ]
[ sql ] [ SQL ] SELECT COUNT(*) AS tp_count FROM `ch_app_trace_update` WHERE  `app_id` = 152 LIMIT 1 [ RunTime:0.000265s ]
[ sql ] [ SQL ] SELECT COUNT(*) AS tp_count FROM `ch_app_trace_update` WHERE  `app_id` = 152 LIMIT 1 [ RunTime:0.000318s ]
[ sql ] [ SQL ] SELECT COUNT(*) AS tp_count FROM `ch_app_trace_update` WHERE  `app_id` = 151 LIMIT 1 [ RunTime:0.000256s ]
[ sql ] [ SQL ] SELECT COUNT(*) AS tp_count FROM `ch_app_trace_update` WHERE  `app_id` = 151 LIMIT 1 [ RunTime:0.000308s ]
[ sql ] [ SQL ] SELECT COUNT(*) AS tp_count FROM `ch_app_trace_update` WHERE  `app_id` = 150 LIMIT 1 [ RunTime:0.000254s ]
[ sql ] [ SQL ] SELECT COUNT(*) AS tp_count FROM `ch_app_trace_update` WHERE  `app_id` = 150 LIMIT 1 [ RunTime:0.000303s ]
[ sql ] [ SQL ] SELECT COUNT(*) AS tp_count FROM `ch_app_trace_update` WHERE  `app_id` = 149 LIMIT 1 [ RunTime:0.000273s ]
[ sql ] [ SQL ] SELECT COUNT(*) AS tp_count FROM `ch_app_trace_update` WHERE  `app_id` = 149 LIMIT 1 [ RunTime:0.000226s ]
[ sql ] [ SQL ] SELECT COUNT(*) AS tp_count FROM `ch_app_trace_update` WHERE  `app_id` = 148 LIMIT 1 [ RunTime:0.000251s ]
[ sql ] [ SQL ] SELECT COUNT(*) AS tp_count FROM `ch_app_trace_update` WHERE  `app_id` = 148 LIMIT 1 [ RunTime:0.000229s ]
[ sql ] [ SQL ] SELECT COUNT(*) AS tp_count FROM `ch_app_trace_update` WHERE  `app_id` = 147 LIMIT 1 [ RunTime:0.000243s ]
[ sql ] [ SQL ] SELECT COUNT(*) AS tp_count FROM `ch_app_trace_update` WHERE  `app_id` = 147 LIMIT 1 [ RunTime:0.000339s ]
[ error ] [8192]The each() function is deprecated. This message will be suppressed on further calls
[ error ] [2]Use of undefined constant 数据新增 - assumed '数据新增' (this will throw an Error in a future version of PHP)
[ error ] [8]Uninitialized string offset: 0
[ error ] [2]Illegal string offset 'nickname'
[ error ] [8]Uninitialized string offset: 0
[ error ] [2]Use of undefined constant 数据修改 - assumed '数据修改' (this will throw an Error in a future version of PHP)
[ error ] [2]Use of undefined constant 数据删除 - assumed '数据删除' (this will throw an Error in a future version of PHP)
[ error ] [8]Uninitialized string offset: 0
[ error ] [2]Illegal string offset 'nickname'
[ error ] [8]Uninitialized string offset: 0
[ error ] [2]Use of undefined constant 数据修改 - assumed '数据修改' (this will throw an Error in a future version of PHP)
[ error ] [2]Use of undefined constant 数据删除 - assumed '数据删除' (this will throw an Error in a future version of PHP)
[ error ] [8]Uninitialized string offset: 0
[ error ] [2]Illegal string offset 'nickname'
[ error ] [8]Uninitialized string offset: 0
[ error ] [2]Use of undefined constant 数据修改 - assumed '数据修改' (this will throw an Error in a future version of PHP)
[ error ] [2]Use of undefined constant 数据删除 - assumed '数据删除' (this will throw an Error in a future version of PHP)
[ error ] [8]Uninitialized string offset: 0
[ error ] [2]Illegal string offset 'nickname'
[ error ] [8]Uninitialized string offset: 0
[ error ] [2]Use of undefined constant 数据修改 - assumed '数据修改' (this will throw an Error in a future version of PHP)
[ error ] [2]Use of undefined constant 数据删除 - assumed '数据删除' (this will throw an Error in a future version of PHP)
[ error ] [8]Uninitialized string offset: 0
[ error ] [2]Illegal string offset 'nickname'
[ error ] [8]Uninitialized string offset: 0
[ error ] [2]Use of undefined constant 数据修改 - assumed '数据修改' (this will throw an Error in a future version of PHP)
[ error ] [2]Use of undefined constant 数据删除 - assumed '数据删除' (this will throw an Error in a future version of PHP)
[ error ] [8]Uninitialized string offset: 0
[ error ] [2]Illegal string offset 'nickname'
[ error ] [8]Uninitialized string offset: 0
[ error ] [2]Use of undefined constant 数据修改 - assumed '数据修改' (this will throw an Error in a future version of PHP)
[ error ] [2]Use of undefined constant 数据删除 - assumed '数据删除' (this will throw an Error in a future version of PHP)
[ error ] [8]Uninitialized string offset: 0
[ error ] [2]Illegal string offset 'nickname'
[ error ] [8]Uninitialized string offset: 0
[ error ] [2]Use of undefined constant 数据修改 - assumed '数据修改' (this will throw an Error in a future version of PHP)
[ error ] [2]Use of undefined constant 数据删除 - assumed '数据删除' (this will throw an Error in a future version of PHP)
[ error ] [8]Uninitialized string offset: 0
[ error ] [2]Illegal string offset 'nickname'
[ error ] [8]Uninitialized string offset: 0
[ error ] [2]Use of undefined constant 数据修改 - assumed '数据修改' (this will throw an Error in a future version of PHP)
[ error ] [2]Use of undefined constant 数据删除 - assumed '数据删除' (this will throw an Error in a future version of PHP)
[ error ] [8]Uninitialized string offset: 0
[ error ] [2]Illegal string offset 'nickname'
[ error ] [8]Uninitialized string offset: 0
[ error ] [2]Use of undefined constant 数据修改 - assumed '数据修改' (this will throw an Error in a future version of PHP)
[ error ] [2]Use of undefined constant 数据删除 - assumed '数据删除' (this will throw an Error in a future version of PHP)
[ error ] [8]Uninitialized string offset: 0
[ error ] [2]Illegal string offset 'nickname'
[ error ] [8]Uninitialized string offset: 0
[ error ] [2]Use of undefined constant 数据修改 - assumed '数据修改' (this will throw an Error in a future version of PHP)
[ error ] [2]Use of undefined constant 数据删除 - assumed '数据删除' (this will throw an Error in a future version of PHP)

---------------------------------------------------------------
[ 2023-12-21T09:20:56+08:00 ] [ sql ] [ DB ] CONNECT:[ UseTime:0.030681s ] mysql:dbname=changheng;host=localhost;port=3306;charset=utf8
[ sql ] [ SQL ] SHOW COLUMNS FROM `ch_user` [ RunTime:0.023583s ]
[ sql ] [ SQL ] SELECT * FROM `ch_user` WHERE  `ch_user`.`delete_time` IS NULL  AND `id` = 2 LIMIT 1 [ RunTime:0.011463s ]
[ sql ] [ SQL ] SHOW COLUMNS FROM `ch_permission` [ RunTime:0.000704s ]
[ sql ] [ SQL ] SELECT * FROM `ch_permission` WHERE  `ch_permission`.`delete_time` IS NULL  AND `role_id` = 1 [ RunTime:0.000538s ]
[ sql ] [ SQL ] SHOW COLUMNS FROM `ch_menu` [ RunTime:0.000849s ]
[ sql ] [ SQL ] SELECT * FROM `ch_menu` WHERE  `id` IN (1,7,5,41,42,43,6,44,45,46,50,4,47,48,49,9,10,11,76,76,77,78,79,80,82,86,88,89,90,91,93,94,95,96,97,98,99,100,103,105,106,107,108,109,110,111,112,113,114,115,117,118,119,120,121,122,123,124,125,126,127,128,129,130,131,132,133,134,135,136,137,156,157,158,159,160,161,162,163,164,165,166,167,168,169,170,171,172,173,174,175,176,177,178,179,180,181,182,183,184,185,186,187,188,189,190,191,192,193,194,195,196,197) [ RunTime:0.001049s ]
[ sql ] [ SQL ] SELECT `id` FROM `ch_menu` WHERE  `module_name` = 'admin'  AND `controller_name` = 'Trace'  AND `view_name` = 'tracelist' LIMIT 1 [ RunTime:0.000587s ]
[ sql ] [ SQL ] SELECT * FROM `ch_menu` WHERE  `parent_id` = 162 [ RunTime:0.000457s ]
[ sql ] [ SQL ] SELECT `p`.`id`,`m`.`name` FROM `ch_permission` `p` INNER JOIN `ch_menu` `m` ON `p`.`menu_id`=`m`.`id` WHERE  `p`.`role_id` = 1  AND `p`.`menu_id` IN (157,158,159,160,161,164,165,166,169,170,196,197) [ RunTime:0.000614s ]
[ sql ] [ SQL ] SHOW COLUMNS FROM `ch_app_trace` [ RunTime:0.001106s ]
[ sql ] [ SQL ] SELECT COUNT(*) AS tp_count FROM `ch_app_trace` WHERE  `ch_app_trace`.`delete_time` IS NULL LIMIT 1 [ RunTime:0.000353s ]
[ sql ] [ SQL ] SELECT * FROM `ch_app_trace` WHERE  `ch_app_trace`.`delete_time` IS NULL ORDER BY id desc LIMIT 140,10 [ RunTime:0.008503s ]
[ sql ] [ SQL ] SELECT COUNT(*) AS tp_count FROM `ch_app_trace` WHERE  `ch_app_trace`.`delete_time` IS NULL LIMIT 1 [ RunTime:0.000392s ]
[ sql ] [ SQL ] SELECT `id`,`username`,`nickname` FROM `ch_user` WHERE  `ch_user`.`delete_time` IS NULL  AND `open` = 'on' ORDER BY id asc [ RunTime:0.000346s ]
[ sql ] [ SQL ] SHOW COLUMNS FROM `ch_app_trace_update` [ RunTime:0.001227s ]
[ sql ] [ SQL ] SELECT COUNT(*) AS tp_count FROM `ch_app_trace_update` WHERE  `app_id` = 9 LIMIT 1 [ RunTime:0.000547s ]
[ sql ] [ SQL ] SELECT COUNT(*) AS tp_count FROM `ch_app_trace_update` WHERE  `app_id` = 9 LIMIT 1 [ RunTime:0.000317s ]
[ sql ] [ SQL ] SELECT COUNT(*) AS tp_count FROM `ch_app_trace_update` WHERE  `app_id` = 8 LIMIT 1 [ RunTime:0.000295s ]
[ sql ] [ SQL ] SELECT COUNT(*) AS tp_count FROM `ch_app_trace_update` WHERE  `app_id` = 8 LIMIT 1 [ RunTime:0.000212s ]
[ sql ] [ SQL ] SELECT COUNT(*) AS tp_count FROM `ch_app_trace_update` WHERE  `app_id` = 7 LIMIT 1 [ RunTime:0.000219s ]
[ sql ] [ SQL ] SELECT COUNT(*) AS tp_count FROM `ch_app_trace_update` WHERE  `app_id` = 7 LIMIT 1 [ RunTime:0.000205s ]
[ sql ] [ SQL ] SELECT COUNT(*) AS tp_count FROM `ch_app_trace_update` WHERE  `app_id` = 6 LIMIT 1 [ RunTime:0.000216s ]
[ sql ] [ SQL ] SELECT COUNT(*) AS tp_count FROM `ch_app_trace_update` WHERE  `app_id` = 6 LIMIT 1 [ RunTime:0.000211s ]
[ sql ] [ SQL ] SELECT COUNT(*) AS tp_count FROM `ch_app_trace_update` WHERE  `app_id` = 5 LIMIT 1 [ RunTime:0.000212s ]
[ sql ] [ SQL ] SELECT COUNT(*) AS tp_count FROM `ch_app_trace_update` WHERE  `app_id` = 5 LIMIT 1 [ RunTime:0.000348s ]
[ sql ] [ SQL ] SELECT COUNT(*) AS tp_count FROM `ch_app_trace_update` WHERE  `app_id` = 4 LIMIT 1 [ RunTime:0.000496s ]
[ sql ] [ SQL ] SELECT COUNT(*) AS tp_count FROM `ch_app_trace_update` WHERE  `app_id` = 4 LIMIT 1 [ RunTime:0.000537s ]
[ sql ] [ SQL ] SELECT COUNT(*) AS tp_count FROM `ch_app_trace_update` WHERE  `app_id` = 3 LIMIT 1 [ RunTime:0.000645s ]
[ sql ] [ SQL ] SELECT COUNT(*) AS tp_count FROM `ch_app_trace_update` WHERE  `app_id` = 3 LIMIT 1 [ RunTime:0.000473s ]
[ sql ] [ SQL ] SELECT COUNT(*) AS tp_count FROM `ch_app_trace_update` WHERE  `app_id` = 2 LIMIT 1 [ RunTime:0.001354s ]
[ sql ] [ SQL ] SELECT COUNT(*) AS tp_count FROM `ch_app_trace_update` WHERE  `app_id` = 2 LIMIT 1 [ RunTime:0.000675s ]
[ sql ] [ SQL ] SELECT COUNT(*) AS tp_count FROM `ch_app_trace_update` WHERE  `app_id` = 1 LIMIT 1 [ RunTime:0.000400s ]
[ sql ] [ SQL ] SELECT COUNT(*) AS tp_count FROM `ch_app_trace_update` WHERE  `app_id` = 1 LIMIT 1 [ RunTime:0.000456s ]
[ error ] [8192]The each() function is deprecated. This message will be suppressed on further calls
[ error ] [2]Use of undefined constant 数据新增 - assumed '数据新增' (this will throw an Error in a future version of PHP)
[ error ] [8]Uninitialized string offset: 0
[ error ] [2]Illegal string offset 'nickname'
[ error ] [8]Uninitialized string offset: 0
[ error ] [2]Use of undefined constant 数据修改 - assumed '数据修改' (this will throw an Error in a future version of PHP)
[ error ] [2]Use of undefined constant 数据删除 - assumed '数据删除' (this will throw an Error in a future version of PHP)
[ error ] [8]Uninitialized string offset: 0
[ error ] [2]Illegal string offset 'nickname'
[ error ] [8]Uninitialized string offset: 0
[ error ] [2]Use of undefined constant 数据修改 - assumed '数据修改' (this will throw an Error in a future version of PHP)
[ error ] [2]Use of undefined constant 数据删除 - assumed '数据删除' (this will throw an Error in a future version of PHP)
[ error ] [8]Uninitialized string offset: 0
[ error ] [2]Illegal string offset 'nickname'
[ error ] [8]Uninitialized string offset: 0
[ error ] [2]Use of undefined constant 数据修改 - assumed '数据修改' (this will throw an Error in a future version of PHP)
[ error ] [2]Use of undefined constant 数据删除 - assumed '数据删除' (this will throw an Error in a future version of PHP)
[ error ] [8]Uninitialized string offset: 0
[ error ] [2]Illegal string offset 'nickname'
[ error ] [8]Uninitialized string offset: 0
[ error ] [2]Use of undefined constant 数据修改 - assumed '数据修改' (this will throw an Error in a future version of PHP)
[ error ] [2]Use of undefined constant 数据删除 - assumed '数据删除' (this will throw an Error in a future version of PHP)
[ error ] [8]Uninitialized string offset: 0
[ error ] [2]Illegal string offset 'nickname'
[ error ] [8]Uninitialized string offset: 0
[ error ] [2]Use of undefined constant 数据修改 - assumed '数据修改' (this will throw an Error in a future version of PHP)
[ error ] [2]Use of undefined constant 数据删除 - assumed '数据删除' (this will throw an Error in a future version of PHP)
[ error ] [8]Uninitialized string offset: 0
[ error ] [2]Illegal string offset 'nickname'
[ error ] [8]Uninitialized string offset: 0
[ error ] [2]Use of undefined constant 数据修改 - assumed '数据修改' (this will throw an Error in a future version of PHP)
[ error ] [2]Use of undefined constant 数据删除 - assumed '数据删除' (this will throw an Error in a future version of PHP)
[ error ] [8]Uninitialized string offset: 0
[ error ] [2]Illegal string offset 'nickname'
[ error ] [8]Uninitialized string offset: 0
[ error ] [2]Use of undefined constant 数据修改 - assumed '数据修改' (this will throw an Error in a future version of PHP)
[ error ] [2]Use of undefined constant 数据删除 - assumed '数据删除' (this will throw an Error in a future version of PHP)
[ error ] [8]Uninitialized string offset: 0
[ error ] [2]Illegal string offset 'nickname'
[ error ] [8]Uninitialized string offset: 0
[ error ] [2]Use of undefined constant 数据修改 - assumed '数据修改' (this will throw an Error in a future version of PHP)
[ error ] [2]Use of undefined constant 数据删除 - assumed '数据删除' (this will throw an Error in a future version of PHP)
[ error ] [8]Uninitialized string offset: 0
[ error ] [2]Illegal string offset 'nickname'
[ error ] [8]Uninitialized string offset: 0
[ error ] [2]Use of undefined constant 数据修改 - assumed '数据修改' (this will throw an Error in a future version of PHP)
[ error ] [2]Use of undefined constant 数据删除 - assumed '数据删除' (this will throw an Error in a future version of PHP)

---------------------------------------------------------------
