[ 2024-03-01T17:35:10+08:00 ] 127.0.0.1 127.0.0.1 GET /admin/logs/logslist
[ log ] www.tp5.com/admin/logs/logslist [运行时间：1.455681s][吞吐率：0.69req/s] [内存消耗：3,136.58kb] [文件加载：68]
[ info ] [ LANG ] E:\phpstudy_pro\WWW\www.tp5.com\thinkphp\lang\zh-cn.php
[ info ] [ ROUTE ] array (
  'type' => 'module',
  'module' => 
  array (
    0 => 'admin',
    1 => 'logs',
    2 => 'logslist',
  ),
)
[ info ] [ HEADER ] array (
  'cookie' => 'PHPSESSID=ag9amerl5foctdj0t8rnv14ttt',
  'accept-language' => 'zh-CN,zh;q=0.9',
  'accept-encoding' => 'gzip, deflate',
  'referer' => 'http://www.tp5.com/admin/index/index',
  'accept' => 'text/html,application/xhtml+xml,application/xml;q=0.9,image/avif,image/webp,image/apng,*/*;q=0.8,application/signed-exchange;v=b3;q=0.7',
  'user-agent' => 'Mozilla/5.0 (Windows NT 10.0; Win64; x64) AppleWebKit/537.36 (KHTML, like Gecko) Chrome/121.0.0.0 Safari/537.36',
  'upgrade-insecure-requests' => '1',
  'connection' => 'keep-alive',
  'host' => 'www.tp5.com',
  'content-length' => '',
  'content-type' => '',
)
[ info ] [ PARAM ] array (
)
[ info ] [ SESSION ] INIT array (
  'prefix' => 'admin',
  'type' => '',
  'auto_start' => true,
  'expire' => '',
)
[ info ] [ DB ] INIT mysql
[ info ] [ RUN ] app\admin\controller\Logs->logsList[ E:\phpstudy_pro\WWW\www.tp5.com\application\admin\controller\Logs.php ]
[ info ] [ VIEW ] E:\phpstudy_pro\WWW\www.tp5.com/application/admin\view\logs\logslist.html [ array (
  0 => 'user',
  1 => 'result',
) ]
[ info ] [ LOG ] INIT File
[ sql ] [ DB ] CONNECT:[ UseTime:0.001155s ] mysql:dbname=changheng;host=localhost;port=3306;charset=utf8
[ sql ] [ SQL ] SHOW COLUMNS FROM `ch_user` [ RunTime:0.000678s ]
[ sql ] [ SQL ] SELECT * FROM `ch_user` WHERE  `ch_user`.`delete_time` IS NULL  AND `id` = 2 LIMIT 1 [ RunTime:0.000385s ]
[ sql ] [ SQL ] SHOW COLUMNS FROM `ch_permission` [ RunTime:0.000560s ]
[ sql ] [ SQL ] SELECT * FROM `ch_permission` WHERE  `ch_permission`.`delete_time` IS NULL  AND `role_id` = 1 [ RunTime:0.000431s ]
[ sql ] [ SQL ] SHOW COLUMNS FROM `ch_menu` [ RunTime:0.000619s ]
[ sql ] [ SQL ] SELECT * FROM `ch_menu` WHERE  `id` IN (1,7,5,41,42,43,6,44,45,46,50,4,47,48,49,9,10,11,76,76,77,78,79,80,82,86,88,89,90,91,93,94,95,96,97,98,99,100,103,105,106,107,108,109,110,111,112,113,114,115,117,118,119,120,121,122,123,124,125,126,127,128,129,130,131,132,133,134,135,136,137,156,157,158,159,160,161,162,163,164,165,166,167,168,169,170,171,172,173,174,175,176,177,178,179,180,181,182,183,184,185,186,187,188,189,190,191,192,193,194,195,196,197,198,198,199,200,201,202,203) [ RunTime:0.000600s ]
[ sql ] [ SQL ] SHOW COLUMNS FROM `ch_logs` [ RunTime:0.000618s ]
[ sql ] [ SQL ] SELECT COUNT(*) AS tp_count FROM `ch_logs` LIMIT 1 [ RunTime:0.000225s ]
[ sql ] [ SQL ] SELECT * FROM `ch_logs` ORDER BY id desc LIMIT 0,10 [ RunTime:0.000230s ]
[ sql ] [ SQL ] SELECT `id`,`username`,`nickname`,`open`,`role_id` FROM `ch_user` WHERE  `ch_user`.`delete_time` IS NULL ORDER BY id desc [ RunTime:0.000359s ]
[ sql ] [ SQL ] select a.id,a.username,a.nickname,a.role_id,a.open,b.id as user_role_id,b.name from ch_user as  a left join ch_role as b on a.role_id = b.id where a.id=2 and a.open = 'on' [ RunTime:0.000304s ]
[ sql ] [ SQL ] select a.id,a.username,a.nickname,a.role_id,a.open,b.id as user_role_id,b.name from ch_user as  a left join ch_role as b on a.role_id = b.id where a.id=2 and a.open = 'on' [ RunTime:0.000127s ]
[ sql ] [ SQL ] select a.id,a.username,a.nickname,a.role_id,a.open,b.id as user_role_id,b.name from ch_user as  a left join ch_role as b on a.role_id = b.id where a.id=2 and a.open = 'on' [ RunTime:0.000121s ]
[ sql ] [ SQL ] select a.id,a.username,a.nickname,a.role_id,a.open,b.id as user_role_id,b.name from ch_user as  a left join ch_role as b on a.role_id = b.id where a.id=2 and a.open = 'on' [ RunTime:0.000135s ]
[ sql ] [ SQL ] select a.id,a.username,a.nickname,a.role_id,a.open,b.id as user_role_id,b.name from ch_user as  a left join ch_role as b on a.role_id = b.id where a.id=2 and a.open = 'on' [ RunTime:0.000121s ]
[ sql ] [ SQL ] select a.id,a.username,a.nickname,a.role_id,a.open,b.id as user_role_id,b.name from ch_user as  a left join ch_role as b on a.role_id = b.id where a.id=2 and a.open = 'on' [ RunTime:0.000122s ]
[ sql ] [ SQL ] select a.id,a.username,a.nickname,a.role_id,a.open,b.id as user_role_id,b.name from ch_user as  a left join ch_role as b on a.role_id = b.id where a.id=2 and a.open = 'on' [ RunTime:0.000118s ]
[ sql ] [ SQL ] select a.id,a.username,a.nickname,a.role_id,a.open,b.id as user_role_id,b.name from ch_user as  a left join ch_role as b on a.role_id = b.id where a.id=2 and a.open = 'on' [ RunTime:0.000118s ]
[ sql ] [ SQL ] select a.id,a.username,a.nickname,a.role_id,a.open,b.id as user_role_id,b.name from ch_user as  a left join ch_role as b on a.role_id = b.id where a.id=2 and a.open = 'on' [ RunTime:0.000089s ]
[ sql ] [ SQL ] select a.id,a.username,a.nickname,a.role_id,a.open,b.id as user_role_id,b.name from ch_user as  a left join ch_role as b on a.role_id = b.id where a.id=2 and a.open = 'on' [ RunTime:0.000115s ]

---------------------------------------------------------------
[ 2024-03-01T17:35:10+08:00 ] 127.0.0.1 127.0.0.1 GET /public/static/admin/js/content.js?v=1.0.0
[ log ] www.tp5.com/public/static/admin/js/content.js?v=1.0.0 [运行时间：0.121630s][吞吐率：8.22req/s] [内存消耗：1,605.53kb] [文件加载：42]
[ info ] [ LANG ] E:\phpstudy_pro\WWW\www.tp5.com\thinkphp\lang\zh-cn.php
[ info ] [ ROUTE ] array (
  'type' => 'module',
  'module' => 
  array (
    0 => 'public',
    1 => 'static',
    2 => 'admin',
  ),
)
[ info ] [ HEADER ] array (
  'cookie' => 'PHPSESSID=ag9amerl5foctdj0t8rnv14ttt',
  'accept-language' => 'zh-CN,zh;q=0.9',
  'accept-encoding' => 'gzip, deflate',
  'referer' => 'http://www.tp5.com/admin/logs/logslist',
  'accept' => '*/*',
  'user-agent' => 'Mozilla/5.0 (Windows NT 10.0; Win64; x64) AppleWebKit/537.36 (KHTML, like Gecko) Chrome/121.0.0.0 Safari/537.36',
  'connection' => 'keep-alive',
  'host' => 'www.tp5.com',
  'content-length' => '',
  'content-type' => '',
)
[ info ] [ PARAM ] array (
  'v' => '1.0.0',
  'js' => 'content.js',
)
[ info ] [ LOG ] INIT File

---------------------------------------------------------------
