[ 2024-03-05T14:10:15+08:00 ] 127.0.0.1 127.0.0.1 GET /admin/gather/gatherdata
[ log ] www.tp5.com/admin/gather/gatherdata [运行时间：1.363659s][吞吐率：0.73req/s] [内存消耗：3,245.01kb] [文件加载：69]
[ info ] [ LANG ] E:\phpstudy_pro\WWW\www.tp5.com\thinkphp\lang\zh-cn.php
[ info ] [ ROUTE ] array (
  'type' => 'module',
  'module' => 
  array (
    0 => 'admin',
    1 => 'gather',
    2 => 'gatherdata',
  ),
)
[ info ] [ HEADER ] array (
  'cookie' => 'PHPSESSID=4t5u22rfvkd3se49mme8m7dcgm',
  'accept-language' => 'zh-CN,zh;q=0.9',
  'accept-encoding' => 'gzip, deflate',
  'referer' => 'http://www.tp5.com/admin/index/index',
  'accept' => 'text/html,application/xhtml+xml,application/xml;q=0.9,image/avif,image/webp,image/apng,*/*;q=0.8,application/signed-exchange;v=b3;q=0.7',
  'user-agent' => 'Mozilla/5.0 (Windows NT 10.0; Win64; x64) AppleWebKit/537.36 (KHTML, like Gecko) Chrome/122.0.0.0 Safari/537.36',
  'upgrade-insecure-requests' => '1',
  'connection' => 'keep-alive',
  'host' => 'www.tp5.com',
  'content-length' => '',
  'content-type' => '',
)
[ info ] [ PARAM ] array (
)
[ info ] [ RUN ] app\admin\controller\Gather->gatherData[ E:\phpstudy_pro\WWW\www.tp5.com\application\admin\controller\Gather.php ]
[ info ] [ DB ] INIT mysql
[ info ] [ SESSION ] INIT array (
  'prefix' => 'admin',
  'type' => '',
  'auto_start' => true,
  'expire' => '',
)
[ info ] [ DB ] INIT mysql
[ info ] [ VIEW ] E:\phpstudy_pro\WWW\www.tp5.com/application/admin\view\gather\gatherdata.html [ array (
  0 => 'viewMenu',
  1 => 'title',
  2 => 'info',
) ]
[ info ] [ LOG ] INIT File
[ sql ] [ DB ] CONNECT:[ UseTime:0.001104s ] mysql:dbname=changheng;host=localhost;port=3306;charset=utf8
[ sql ] [ SQL ] SHOW COLUMNS FROM `ch_menu` [ RunTime:0.000712s ]
[ sql ] [ SQL ] SELECT `id` FROM `ch_menu` WHERE  `module_name` = 'admin'  AND `controller_name` = 'Gather'  AND `view_name` = 'gatherdata' LIMIT 1 [ RunTime:0.000329s ]
[ sql ] [ SQL ] SELECT * FROM `ch_menu` WHERE  `parent_id` = 178 [ RunTime:0.000342s ]
[ sql ] [ SQL ] SHOW COLUMNS FROM `ch_permission` [ RunTime:0.000785s ]
[ sql ] [ SQL ] SELECT `p`.`id`,`m`.`name` FROM `ch_permission` `p` INNER JOIN `ch_menu` `m` ON `p`.`menu_id`=`m`.`id` WHERE  `p`.`role_id` = 1  AND `p`.`menu_id` IN (182,183,184) [ RunTime:0.000540s ]
[ error ] [8192]The each() function is deprecated. This message will be suppressed on further calls[E:\phpstudy_pro\WWW\www.tp5.com\thinkphp\library\think\db\Query.php:711]
[ error ] [2]Use of undefined constant 数据修改 - assumed '数据修改' (this will throw an Error in a future version of PHP)[E:\phpstudy_pro\WWW\www.tp5.com\runtime\temp\b6bc05285b7e05b4a03481b74a2f9af9.php:153]
[ error ] [2]Use of undefined constant 数据删除 - assumed '数据删除' (this will throw an Error in a future version of PHP)[E:\phpstudy_pro\WWW\www.tp5.com\runtime\temp\b6bc05285b7e05b4a03481b74a2f9af9.php:158]
[ error ] [2]Use of undefined constant 数据修改 - assumed '数据修改' (this will throw an Error in a future version of PHP)[E:\phpstudy_pro\WWW\www.tp5.com\runtime\temp\b6bc05285b7e05b4a03481b74a2f9af9.php:153]
[ error ] [2]Use of undefined constant 数据删除 - assumed '数据删除' (this will throw an Error in a future version of PHP)[E:\phpstudy_pro\WWW\www.tp5.com\runtime\temp\b6bc05285b7e05b4a03481b74a2f9af9.php:158]
[ error ] [2]Use of undefined constant 数据修改 - assumed '数据修改' (this will throw an Error in a future version of PHP)[E:\phpstudy_pro\WWW\www.tp5.com\runtime\temp\b6bc05285b7e05b4a03481b74a2f9af9.php:153]
[ error ] [2]Use of undefined constant 数据删除 - assumed '数据删除' (this will throw an Error in a future version of PHP)[E:\phpstudy_pro\WWW\www.tp5.com\runtime\temp\b6bc05285b7e05b4a03481b74a2f9af9.php:158]
[ error ] [2]Use of undefined constant 数据修改 - assumed '数据修改' (this will throw an Error in a future version of PHP)[E:\phpstudy_pro\WWW\www.tp5.com\runtime\temp\b6bc05285b7e05b4a03481b74a2f9af9.php:153]
[ error ] [2]Use of undefined constant 数据删除 - assumed '数据删除' (this will throw an Error in a future version of PHP)[E:\phpstudy_pro\WWW\www.tp5.com\runtime\temp\b6bc05285b7e05b4a03481b74a2f9af9.php:158]
[ error ] [2]Use of undefined constant 数据修改 - assumed '数据修改' (this will throw an Error in a future version of PHP)[E:\phpstudy_pro\WWW\www.tp5.com\runtime\temp\b6bc05285b7e05b4a03481b74a2f9af9.php:153]
[ error ] [2]Use of undefined constant 数据删除 - assumed '数据删除' (this will throw an Error in a future version of PHP)[E:\phpstudy_pro\WWW\www.tp5.com\runtime\temp\b6bc05285b7e05b4a03481b74a2f9af9.php:158]
[ error ] [2]Use of undefined constant 数据修改 - assumed '数据修改' (this will throw an Error in a future version of PHP)[E:\phpstudy_pro\WWW\www.tp5.com\runtime\temp\b6bc05285b7e05b4a03481b74a2f9af9.php:153]
[ error ] [2]Use of undefined constant 数据删除 - assumed '数据删除' (this will throw an Error in a future version of PHP)[E:\phpstudy_pro\WWW\www.tp5.com\runtime\temp\b6bc05285b7e05b4a03481b74a2f9af9.php:158]
[ error ] [2]Use of undefined constant 数据修改 - assumed '数据修改' (this will throw an Error in a future version of PHP)[E:\phpstudy_pro\WWW\www.tp5.com\runtime\temp\b6bc05285b7e05b4a03481b74a2f9af9.php:153]
[ error ] [2]Use of undefined constant 数据删除 - assumed '数据删除' (this will throw an Error in a future version of PHP)[E:\phpstudy_pro\WWW\www.tp5.com\runtime\temp\b6bc05285b7e05b4a03481b74a2f9af9.php:158]
[ error ] [2]Use of undefined constant 数据修改 - assumed '数据修改' (this will throw an Error in a future version of PHP)[E:\phpstudy_pro\WWW\www.tp5.com\runtime\temp\b6bc05285b7e05b4a03481b74a2f9af9.php:153]
[ error ] [2]Use of undefined constant 数据删除 - assumed '数据删除' (this will throw an Error in a future version of PHP)[E:\phpstudy_pro\WWW\www.tp5.com\runtime\temp\b6bc05285b7e05b4a03481b74a2f9af9.php:158]
[ error ] [2]Use of undefined constant 数据修改 - assumed '数据修改' (this will throw an Error in a future version of PHP)[E:\phpstudy_pro\WWW\www.tp5.com\runtime\temp\b6bc05285b7e05b4a03481b74a2f9af9.php:153]
[ error ] [2]Use of undefined constant 数据删除 - assumed '数据删除' (this will throw an Error in a future version of PHP)[E:\phpstudy_pro\WWW\www.tp5.com\runtime\temp\b6bc05285b7e05b4a03481b74a2f9af9.php:158]
[ error ] [2]Use of undefined constant 数据修改 - assumed '数据修改' (this will throw an Error in a future version of PHP)[E:\phpstudy_pro\WWW\www.tp5.com\runtime\temp\b6bc05285b7e05b4a03481b74a2f9af9.php:153]
[ error ] [2]Use of undefined constant 数据删除 - assumed '数据删除' (this will throw an Error in a future version of PHP)[E:\phpstudy_pro\WWW\www.tp5.com\runtime\temp\b6bc05285b7e05b4a03481b74a2f9af9.php:158]

---------------------------------------------------------------
