[ 2024-02-28T16:00:31+08:00 ] 127.0.0.1 127.0.0.1 GET /admin/index/index
[ log ] www.tp5.com/admin/index/index [运行时间：1.431488s][吞吐率：0.70req/s] [内存消耗：3,231.37kb] [文件加载：67]
[ info ] [ LANG ] E:\phpstudy_pro\WWW\www.tp5.com\thinkphp\lang\zh-cn.php
[ info ] [ ROUTE ] array (
  'type' => 'module',
  'module' => 
  array (
    0 => 'admin',
    1 => 'index',
    2 => 'index',
  ),
)
[ info ] [ HEADER ] array (
  'cookie' => 'PHPSESSID=ag9amerl5foctdj0t8rnv14ttt',
  'accept-language' => 'zh-CN,zh;q=0.9',
  'accept-encoding' => 'gzip, deflate',
  'referer' => 'http://www.tp5.com/admin/login/index',
  'accept' => 'text/html,application/xhtml+xml,application/xml;q=0.9,image/avif,image/webp,image/apng,*/*;q=0.8,application/signed-exchange;v=b3;q=0.7',
  'user-agent' => 'Mozilla/5.0 (Windows NT 10.0; Win64; x64) AppleWebKit/537.36 (KHTML, like Gecko) Chrome/121.0.0.0 Safari/537.36',
  'upgrade-insecure-requests' => '1',
  'connection' => 'keep-alive',
  'host' => 'www.tp5.com',
  'content-length' => '',
  'content-type' => '',
)
[ info ] [ PARAM ] array (
)
[ info ] [ SESSION ] INIT array (
  'prefix' => 'admin',
  'type' => '',
  'auto_start' => true,
  'expire' => '',
)
[ info ] [ DB ] INIT mysql
[ info ] [ RUN ] app\admin\controller\Index->index[ E:\phpstudy_pro\WWW\www.tp5.com\application\admin\controller\Index.php ]
[ info ] [ VIEW ] E:\phpstudy_pro\WWW\www.tp5.com/application/admin\view\index\index.html [ array (
  0 => 'menu_icon',
  1 => 'menu',
  2 => 'website',
) ]
[ info ] [ LOG ] INIT File
[ sql ] [ DB ] CONNECT:[ UseTime:0.003022s ] mysql:dbname=changheng;host=localhost;port=3306;charset=utf8
[ sql ] [ SQL ] SHOW COLUMNS FROM `ch_user` [ RunTime:0.000982s ]
[ sql ] [ SQL ] SELECT * FROM `ch_user` WHERE  `ch_user`.`delete_time` IS NULL  AND `id` = 2 LIMIT 1 [ RunTime:0.000455s ]
[ sql ] [ SQL ] SHOW COLUMNS FROM `ch_permission` [ RunTime:0.000633s ]
[ sql ] [ SQL ] SELECT * FROM `ch_permission` WHERE  `ch_permission`.`delete_time` IS NULL  AND `role_id` = 1 [ RunTime:0.000457s ]
[ sql ] [ SQL ] SHOW COLUMNS FROM `ch_menu` [ RunTime:0.000796s ]
[ sql ] [ SQL ] SELECT * FROM `ch_menu` WHERE  `id` IN (1,7,5,41,42,43,6,44,45,46,50,4,47,48,49,9,10,11,76,76,77,78,79,80,82,86,88,89,90,91,93,94,95,96,97,98,99,100,103,105,106,107,108,109,110,111,112,113,114,115,117,118,119,120,121,122,123,124,125,126,127,128,129,130,131,132,133,134,135,136,137,156,157,158,159,160,161,162,163,164,165,166,167,168,169,170,171,172,173,174,175,176,177,178,179,180,181,182,183,184,185,186,187,188,189,190,191,192,193,194,195,196,197,198,198,199,200,201,202) [ RunTime:0.000722s ]
[ sql ] [ SQL ] SHOW COLUMNS FROM `ch_website` [ RunTime:0.001013s ]
[ sql ] [ SQL ] SELECT * FROM `ch_website` WHERE  `id` = 1 LIMIT 1 [ RunTime:0.000238s ]
[ sql ] [ SQL ] SELECT `p`.`role_id`,`p`.`menu_id`,`m`.`id`,`m`.`name`,`m`.`module_name`,`m`.`controller_name`,`m`.`view_name`,`m`.`parent_id`,`m`.`is_menu`,`m`.`sort` FROM `ch_permission` `p` INNER JOIN `ch_menu` `m` ON `p`.`menu_id`=`m`.`id` WHERE  `p`.`role_id` = 1  AND `m`.`is_menu` = 1 ORDER BY m.sort asc [ RunTime:0.000682s ]
[ sql ] [ SQL ] SHOW COLUMNS FROM `ch_role` [ RunTime:0.001038s ]
[ sql ] [ SQL ] SELECT * FROM `ch_role` WHERE  `id` = 1 LIMIT 1 [ RunTime:0.000329s ]
[ sql ] [ SQL ] SELECT `menu_id` FROM `ch_permission` WHERE  `role_id` = 1 [ RunTime:0.000338s ]
[ sql ] [ SQL ] SELECT * FROM `ch_menu` WHERE  `parent_id` = 1  AND `id` IN (1,7,5,41,42,43,6,44,45,46,50,4,47,48,49,9,10,11,76,76,77,78,79,80,82,86,88,89,90,91,93,94,95,96,97,98,99,100,101,102,103,104,105,106,107,108,109,110,111,112,113,114,115,117,118,119,120,121,122,123,124,125,126,127,128,129,130,131,132,133,134,135,136,137,156,157,158,159,160,161,162,163,164,165,166,167,168,169,170,171,172,173,174,175,176,177,178,179,180,181,182,183,184,185,186,187,188,189,190,191,192,193,194,195,196,197,198,198,199,200,201,202)  AND `is_menu` = 1 ORDER BY sort asc [ RunTime:0.000710s ]
[ sql ] [ SQL ] SELECT * FROM `ch_menu` WHERE  `parent_id` = 7  AND `id` IN (1,7,5,41,42,43,6,44,45,46,50,4,47,48,49,9,10,11,76,76,77,78,79,80,82,86,88,89,90,91,93,94,95,96,97,98,99,100,101,102,103,104,105,106,107,108,109,110,111,112,113,114,115,117,118,119,120,121,122,123,124,125,126,127,128,129,130,131,132,133,134,135,136,137,156,157,158,159,160,161,162,163,164,165,166,167,168,169,170,171,172,173,174,175,176,177,178,179,180,181,182,183,184,185,186,187,188,189,190,191,192,193,194,195,196,197,198,198,199,200,201,202)  AND `is_menu` = 1 [ RunTime:0.000651s ]
[ sql ] [ SQL ] SELECT * FROM `ch_menu` WHERE  `parent_id` = 5  AND `id` IN (1,7,5,41,42,43,6,44,45,46,50,4,47,48,49,9,10,11,76,76,77,78,79,80,82,86,88,89,90,91,93,94,95,96,97,98,99,100,101,102,103,104,105,106,107,108,109,110,111,112,113,114,115,117,118,119,120,121,122,123,124,125,126,127,128,129,130,131,132,133,134,135,136,137,156,157,158,159,160,161,162,163,164,165,166,167,168,169,170,171,172,173,174,175,176,177,178,179,180,181,182,183,184,185,186,187,188,189,190,191,192,193,194,195,196,197,198,198,199,200,201,202)  AND `is_menu` = 1 [ RunTime:0.000382s ]
[ sql ] [ SQL ] SELECT * FROM `ch_menu` WHERE  `parent_id` = 6  AND `id` IN (1,7,5,41,42,43,6,44,45,46,50,4,47,48,49,9,10,11,76,76,77,78,79,80,82,86,88,89,90,91,93,94,95,96,97,98,99,100,101,102,103,104,105,106,107,108,109,110,111,112,113,114,115,117,118,119,120,121,122,123,124,125,126,127,128,129,130,131,132,133,134,135,136,137,156,157,158,159,160,161,162,163,164,165,166,167,168,169,170,171,172,173,174,175,176,177,178,179,180,181,182,183,184,185,186,187,188,189,190,191,192,193,194,195,196,197,198,198,199,200,201,202)  AND `is_menu` = 1 [ RunTime:0.000380s ]
[ sql ] [ SQL ] SELECT * FROM `ch_menu` WHERE  `parent_id` = 4  AND `id` IN (1,7,5,41,42,43,6,44,45,46,50,4,47,48,49,9,10,11,76,76,77,78,79,80,82,86,88,89,90,91,93,94,95,96,97,98,99,100,101,102,103,104,105,106,107,108,109,110,111,112,113,114,115,117,118,119,120,121,122,123,124,125,126,127,128,129,130,131,132,133,134,135,136,137,156,157,158,159,160,161,162,163,164,165,166,167,168,169,170,171,172,173,174,175,176,177,178,179,180,181,182,183,184,185,186,187,188,189,190,191,192,193,194,195,196,197,198,198,199,200,201,202)  AND `is_menu` = 1 [ RunTime:0.000610s ]
[ sql ] [ SQL ] SELECT * FROM `ch_menu` WHERE  `parent_id` = 193  AND `id` IN (1,7,5,41,42,43,6,44,45,46,50,4,47,48,49,9,10,11,76,76,77,78,79,80,82,86,88,89,90,91,93,94,95,96,97,98,99,100,101,102,103,104,105,106,107,108,109,110,111,112,113,114,115,117,118,119,120,121,122,123,124,125,126,127,128,129,130,131,132,133,134,135,136,137,156,157,158,159,160,161,162,163,164,165,166,167,168,169,170,171,172,173,174,175,176,177,178,179,180,181,182,183,184,185,186,187,188,189,190,191,192,193,194,195,196,197,198,198,199,200,201,202)  AND `is_menu` = 1 [ RunTime:0.000447s ]
[ sql ] [ SQL ] SELECT * FROM `ch_role` WHERE  `id` = 1 LIMIT 1 [ RunTime:0.000312s ]
[ sql ] [ SQL ] SELECT `menu_id` FROM `ch_permission` WHERE  `role_id` = 1 [ RunTime:0.000321s ]
[ sql ] [ SQL ] SELECT * FROM `ch_menu` WHERE  `parent_id` = 156  AND `id` IN (1,7,5,41,42,43,6,44,45,46,50,4,47,48,49,9,10,11,76,76,77,78,79,80,82,86,88,89,90,91,93,94,95,96,97,98,99,100,101,102,103,104,105,106,107,108,109,110,111,112,113,114,115,117,118,119,120,121,122,123,124,125,126,127,128,129,130,131,132,133,134,135,136,137,156,157,158,159,160,161,162,163,164,165,166,167,168,169,170,171,172,173,174,175,176,177,178,179,180,181,182,183,184,185,186,187,188,189,190,191,192,193,194,195,196,197,198,198,199,200,201,202)  AND `is_menu` = 1 ORDER BY sort asc [ RunTime:0.000604s ]
[ sql ] [ SQL ] SELECT * FROM `ch_menu` WHERE  `parent_id` = 162  AND `id` IN (1,7,5,41,42,43,6,44,45,46,50,4,47,48,49,9,10,11,76,76,77,78,79,80,82,86,88,89,90,91,93,94,95,96,97,98,99,100,101,102,103,104,105,106,107,108,109,110,111,112,113,114,115,117,118,119,120,121,122,123,124,125,126,127,128,129,130,131,132,133,134,135,136,137,156,157,158,159,160,161,162,163,164,165,166,167,168,169,170,171,172,173,174,175,176,177,178,179,180,181,182,183,184,185,186,187,188,189,190,191,192,193,194,195,196,197,198,198,199,200,201,202)  AND `is_menu` = 1 [ RunTime:0.000598s ]
[ sql ] [ SQL ] SELECT * FROM `ch_menu` WHERE  `parent_id` = 171  AND `id` IN (1,7,5,41,42,43,6,44,45,46,50,4,47,48,49,9,10,11,76,76,77,78,79,80,82,86,88,89,90,91,93,94,95,96,97,98,99,100,101,102,103,104,105,106,107,108,109,110,111,112,113,114,115,117,118,119,120,121,122,123,124,125,126,127,128,129,130,131,132,133,134,135,136,137,156,157,158,159,160,161,162,163,164,165,166,167,168,169,170,171,172,173,174,175,176,177,178,179,180,181,182,183,184,185,186,187,188,189,190,191,192,193,194,195,196,197,198,198,199,200,201,202)  AND `is_menu` = 1 [ RunTime:0.000379s ]
[ sql ] [ SQL ] SELECT * FROM `ch_menu` WHERE  `parent_id` = 188  AND `id` IN (1,7,5,41,42,43,6,44,45,46,50,4,47,48,49,9,10,11,76,76,77,78,79,80,82,86,88,89,90,91,93,94,95,96,97,98,99,100,101,102,103,104,105,106,107,108,109,110,111,112,113,114,115,117,118,119,120,121,122,123,124,125,126,127,128,129,130,131,132,133,134,135,136,137,156,157,158,159,160,161,162,163,164,165,166,167,168,169,170,171,172,173,174,175,176,177,178,179,180,181,182,183,184,185,186,187,188,189,190,191,192,193,194,195,196,197,198,198,199,200,201,202)  AND `is_menu` = 1 [ RunTime:0.000647s ]
[ sql ] [ SQL ] SELECT * FROM `ch_menu` WHERE  `parent_id` = 200  AND `id` IN (1,7,5,41,42,43,6,44,45,46,50,4,47,48,49,9,10,11,76,76,77,78,79,80,82,86,88,89,90,91,93,94,95,96,97,98,99,100,101,102,103,104,105,106,107,108,109,110,111,112,113,114,115,117,118,119,120,121,122,123,124,125,126,127,128,129,130,131,132,133,134,135,136,137,156,157,158,159,160,161,162,163,164,165,166,167,168,169,170,171,172,173,174,175,176,177,178,179,180,181,182,183,184,185,186,187,188,189,190,191,192,193,194,195,196,197,198,198,199,200,201,202)  AND `is_menu` = 1 [ RunTime:0.000685s ]
[ sql ] [ SQL ] SELECT * FROM `ch_menu` WHERE  `parent_id` = 201  AND `id` IN (1,7,5,41,42,43,6,44,45,46,50,4,47,48,49,9,10,11,76,76,77,78,79,80,82,86,88,89,90,91,93,94,95,96,97,98,99,100,101,102,103,104,105,106,107,108,109,110,111,112,113,114,115,117,118,119,120,121,122,123,124,125,126,127,128,129,130,131,132,133,134,135,136,137,156,157,158,159,160,161,162,163,164,165,166,167,168,169,170,171,172,173,174,175,176,177,178,179,180,181,182,183,184,185,186,187,188,189,190,191,192,193,194,195,196,197,198,198,199,200,201,202)  AND `is_menu` = 1 [ RunTime:0.000462s ]
[ sql ] [ SQL ] SELECT * FROM `ch_role` WHERE  `id` = 1 LIMIT 1 [ RunTime:0.000370s ]
[ sql ] [ SQL ] SELECT `menu_id` FROM `ch_permission` WHERE  `role_id` = 1 [ RunTime:0.000335s ]
[ sql ] [ SQL ] SELECT * FROM `ch_menu` WHERE  `parent_id` = 167  AND `id` IN (1,7,5,41,42,43,6,44,45,46,50,4,47,48,49,9,10,11,76,76,77,78,79,80,82,86,88,89,90,91,93,94,95,96,97,98,99,100,101,102,103,104,105,106,107,108,109,110,111,112,113,114,115,117,118,119,120,121,122,123,124,125,126,127,128,129,130,131,132,133,134,135,136,137,156,157,158,159,160,161,162,163,164,165,166,167,168,169,170,171,172,173,174,175,176,177,178,179,180,181,182,183,184,185,186,187,188,189,190,191,192,193,194,195,196,197,198,198,199,200,201,202)  AND `is_menu` = 1 ORDER BY sort asc [ RunTime:0.000605s ]
[ sql ] [ SQL ] SELECT * FROM `ch_menu` WHERE  `parent_id` = 168  AND `id` IN (1,7,5,41,42,43,6,44,45,46,50,4,47,48,49,9,10,11,76,76,77,78,79,80,82,86,88,89,90,91,93,94,95,96,97,98,99,100,101,102,103,104,105,106,107,108,109,110,111,112,113,114,115,117,118,119,120,121,122,123,124,125,126,127,128,129,130,131,132,133,134,135,136,137,156,157,158,159,160,161,162,163,164,165,166,167,168,169,170,171,172,173,174,175,176,177,178,179,180,181,182,183,184,185,186,187,188,189,190,191,192,193,194,195,196,197,198,198,199,200,201,202)  AND `is_menu` = 1 [ RunTime:0.000670s ]
[ sql ] [ SQL ] SELECT * FROM `ch_menu` WHERE  `parent_id` = 192  AND `id` IN (1,7,5,41,42,43,6,44,45,46,50,4,47,48,49,9,10,11,76,76,77,78,79,80,82,86,88,89,90,91,93,94,95,96,97,98,99,100,101,102,103,104,105,106,107,108,109,110,111,112,113,114,115,117,118,119,120,121,122,123,124,125,126,127,128,129,130,131,132,133,134,135,136,137,156,157,158,159,160,161,162,163,164,165,166,167,168,169,170,171,172,173,174,175,176,177,178,179,180,181,182,183,184,185,186,187,188,189,190,191,192,193,194,195,196,197,198,198,199,200,201,202)  AND `is_menu` = 1 [ RunTime:0.000456s ]
[ sql ] [ SQL ] SELECT * FROM `ch_role` WHERE  `id` = 1 LIMIT 1 [ RunTime:0.000307s ]
[ sql ] [ SQL ] SELECT `menu_id` FROM `ch_permission` WHERE  `role_id` = 1 [ RunTime:0.000287s ]
[ sql ] [ SQL ] SELECT * FROM `ch_menu` WHERE  `parent_id` = 175  AND `id` IN (1,7,5,41,42,43,6,44,45,46,50,4,47,48,49,9,10,11,76,76,77,78,79,80,82,86,88,89,90,91,93,94,95,96,97,98,99,100,101,102,103,104,105,106,107,108,109,110,111,112,113,114,115,117,118,119,120,121,122,123,124,125,126,127,128,129,130,131,132,133,134,135,136,137,156,157,158,159,160,161,162,163,164,165,166,167,168,169,170,171,172,173,174,175,176,177,178,179,180,181,182,183,184,185,186,187,188,189,190,191,192,193,194,195,196,197,198,198,199,200,201,202)  AND `is_menu` = 1 ORDER BY sort asc [ RunTime:0.000631s ]
[ sql ] [ SQL ] SELECT * FROM `ch_menu` WHERE  `parent_id` = 180  AND `id` IN (1,7,5,41,42,43,6,44,45,46,50,4,47,48,49,9,10,11,76,76,77,78,79,80,82,86,88,89,90,91,93,94,95,96,97,98,99,100,101,102,103,104,105,106,107,108,109,110,111,112,113,114,115,117,118,119,120,121,122,123,124,125,126,127,128,129,130,131,132,133,134,135,136,137,156,157,158,159,160,161,162,163,164,165,166,167,168,169,170,171,172,173,174,175,176,177,178,179,180,181,182,183,184,185,186,187,188,189,190,191,192,193,194,195,196,197,198,198,199,200,201,202)  AND `is_menu` = 1 [ RunTime:0.000595s ]
[ sql ] [ SQL ] SELECT * FROM `ch_menu` WHERE  `parent_id` = 199  AND `id` IN (1,7,5,41,42,43,6,44,45,46,50,4,47,48,49,9,10,11,76,76,77,78,79,80,82,86,88,89,90,91,93,94,95,96,97,98,99,100,101,102,103,104,105,106,107,108,109,110,111,112,113,114,115,117,118,119,120,121,122,123,124,125,126,127,128,129,130,131,132,133,134,135,136,137,156,157,158,159,160,161,162,163,164,165,166,167,168,169,170,171,172,173,174,175,176,177,178,179,180,181,182,183,184,185,186,187,188,189,190,191,192,193,194,195,196,197,198,198,199,200,201,202)  AND `is_menu` = 1 [ RunTime:0.000377s ]
[ sql ] [ SQL ] SELECT * FROM `ch_menu` WHERE  `parent_id` = 178  AND `id` IN (1,7,5,41,42,43,6,44,45,46,50,4,47,48,49,9,10,11,76,76,77,78,79,80,82,86,88,89,90,91,93,94,95,96,97,98,99,100,101,102,103,104,105,106,107,108,109,110,111,112,113,114,115,117,118,119,120,121,122,123,124,125,126,127,128,129,130,131,132,133,134,135,136,137,156,157,158,159,160,161,162,163,164,165,166,167,168,169,170,171,172,173,174,175,176,177,178,179,180,181,182,183,184,185,186,187,188,189,190,191,192,193,194,195,196,197,198,198,199,200,201,202)  AND `is_menu` = 1 [ RunTime:0.000379s ]
[ sql ] [ SQL ] SELECT * FROM `ch_menu` WHERE  `parent_id` = 176  AND `id` IN (1,7,5,41,42,43,6,44,45,46,50,4,47,48,49,9,10,11,76,76,77,78,79,80,82,86,88,89,90,91,93,94,95,96,97,98,99,100,101,102,103,104,105,106,107,108,109,110,111,112,113,114,115,117,118,119,120,121,122,123,124,125,126,127,128,129,130,131,132,133,134,135,136,137,156,157,158,159,160,161,162,163,164,165,166,167,168,169,170,171,172,173,174,175,176,177,178,179,180,181,182,183,184,185,186,187,188,189,190,191,192,193,194,195,196,197,198,198,199,200,201,202)  AND `is_menu` = 1 [ RunTime:0.000378s ]
[ sql ] [ SQL ] SELECT * FROM `ch_menu` WHERE  `parent_id` = 179  AND `id` IN (1,7,5,41,42,43,6,44,45,46,50,4,47,48,49,9,10,11,76,76,77,78,79,80,82,86,88,89,90,91,93,94,95,96,97,98,99,100,101,102,103,104,105,106,107,108,109,110,111,112,113,114,115,117,118,119,120,121,122,123,124,125,126,127,128,129,130,131,132,133,134,135,136,137,156,157,158,159,160,161,162,163,164,165,166,167,168,169,170,171,172,173,174,175,176,177,178,179,180,181,182,183,184,185,186,187,188,189,190,191,192,193,194,195,196,197,198,198,199,200,201,202)  AND `is_menu` = 1 [ RunTime:0.000378s ]
[ sql ] [ SQL ] SELECT * FROM `ch_menu` WHERE  `parent_id` = 181  AND `id` IN (1,7,5,41,42,43,6,44,45,46,50,4,47,48,49,9,10,11,76,76,77,78,79,80,82,86,88,89,90,91,93,94,95,96,97,98,99,100,101,102,103,104,105,106,107,108,109,110,111,112,113,114,115,117,118,119,120,121,122,123,124,125,126,127,128,129,130,131,132,133,134,135,136,137,156,157,158,159,160,161,162,163,164,165,166,167,168,169,170,171,172,173,174,175,176,177,178,179,180,181,182,183,184,185,186,187,188,189,190,191,192,193,194,195,196,197,198,198,199,200,201,202)  AND `is_menu` = 1 [ RunTime:0.000518s ]
[ error ] [8192]The each() function is deprecated. This message will be suppressed on further calls[E:\phpstudy_pro\WWW\www.tp5.com\thinkphp\library\think\db\Query.php:711]
[ error ] [8]未定义数组索引: child[E:\phpstudy_pro\WWW\www.tp5.com\runtime\temp\d525b95587cebd7aaf53d689da26fe2d.php:50]
[ error ] [8]未定义数组索引: child[E:\phpstudy_pro\WWW\www.tp5.com\runtime\temp\d525b95587cebd7aaf53d689da26fe2d.php:50]
[ error ] [8]未定义数组索引: child[E:\phpstudy_pro\WWW\www.tp5.com\runtime\temp\d525b95587cebd7aaf53d689da26fe2d.php:50]
[ error ] [8]未定义数组索引: child[E:\phpstudy_pro\WWW\www.tp5.com\runtime\temp\d525b95587cebd7aaf53d689da26fe2d.php:50]
[ error ] [8]未定义数组索引: child[E:\phpstudy_pro\WWW\www.tp5.com\runtime\temp\d525b95587cebd7aaf53d689da26fe2d.php:50]
[ error ] [8]未定义数组索引: child[E:\phpstudy_pro\WWW\www.tp5.com\runtime\temp\d525b95587cebd7aaf53d689da26fe2d.php:50]
[ error ] [8]未定义数组索引: child[E:\phpstudy_pro\WWW\www.tp5.com\runtime\temp\d525b95587cebd7aaf53d689da26fe2d.php:50]
[ error ] [8]未定义数组索引: child[E:\phpstudy_pro\WWW\www.tp5.com\runtime\temp\d525b95587cebd7aaf53d689da26fe2d.php:50]
[ error ] [8]未定义数组索引: child[E:\phpstudy_pro\WWW\www.tp5.com\runtime\temp\d525b95587cebd7aaf53d689da26fe2d.php:50]
[ error ] [8]未定义数组索引: child[E:\phpstudy_pro\WWW\www.tp5.com\runtime\temp\d525b95587cebd7aaf53d689da26fe2d.php:50]
[ error ] [8]未定义数组索引: child[E:\phpstudy_pro\WWW\www.tp5.com\runtime\temp\d525b95587cebd7aaf53d689da26fe2d.php:50]
[ error ] [8]未定义数组索引: child[E:\phpstudy_pro\WWW\www.tp5.com\runtime\temp\d525b95587cebd7aaf53d689da26fe2d.php:50]
[ error ] [8]未定义数组索引: child[E:\phpstudy_pro\WWW\www.tp5.com\runtime\temp\d525b95587cebd7aaf53d689da26fe2d.php:50]
[ error ] [8]未定义数组索引: child[E:\phpstudy_pro\WWW\www.tp5.com\runtime\temp\d525b95587cebd7aaf53d689da26fe2d.php:50]
[ error ] [8]未定义数组索引: child[E:\phpstudy_pro\WWW\www.tp5.com\runtime\temp\d525b95587cebd7aaf53d689da26fe2d.php:50]
[ error ] [8]未定义数组索引: child[E:\phpstudy_pro\WWW\www.tp5.com\runtime\temp\d525b95587cebd7aaf53d689da26fe2d.php:50]
[ error ] [8]未定义数组索引: child[E:\phpstudy_pro\WWW\www.tp5.com\runtime\temp\d525b95587cebd7aaf53d689da26fe2d.php:50]
[ error ] [8]未定义数组索引: child[E:\phpstudy_pro\WWW\www.tp5.com\runtime\temp\d525b95587cebd7aaf53d689da26fe2d.php:50]

---------------------------------------------------------------
[ 2024-02-28T16:00:31+08:00 ] 127.0.0.1 127.0.0.1 GET /admin/index/content
[ log ] www.tp5.com/admin/index/content [运行时间：0.095900s][吞吐率：10.43req/s] [内存消耗：2,969.75kb] [文件加载：65]
[ info ] [ LANG ] E:\phpstudy_pro\WWW\www.tp5.com\thinkphp\lang\zh-cn.php
[ info ] [ ROUTE ] array (
  'type' => 'module',
  'module' => 
  array (
    0 => 'admin',
    1 => 'index',
    2 => 'content',
  ),
)
[ info ] [ HEADER ] array (
  'cookie' => 'PHPSESSID=ag9amerl5foctdj0t8rnv14ttt',
  'accept-language' => 'zh-CN,zh;q=0.9',
  'accept-encoding' => 'gzip, deflate',
  'referer' => 'http://www.tp5.com/admin/index/index',
  'accept' => 'text/html,application/xhtml+xml,application/xml;q=0.9,image/avif,image/webp,image/apng,*/*;q=0.8,application/signed-exchange;v=b3;q=0.7',
  'user-agent' => 'Mozilla/5.0 (Windows NT 10.0; Win64; x64) AppleWebKit/537.36 (KHTML, like Gecko) Chrome/121.0.0.0 Safari/537.36',
  'upgrade-insecure-requests' => '1',
  'connection' => 'keep-alive',
  'host' => 'www.tp5.com',
  'content-length' => '',
  'content-type' => '',
)
[ info ] [ PARAM ] array (
)
[ info ] [ SESSION ] INIT array (
  'prefix' => 'admin',
  'type' => '',
  'auto_start' => true,
  'expire' => '',
)
[ info ] [ DB ] INIT mysql
[ info ] [ RUN ] app\admin\controller\Index->content[ E:\phpstudy_pro\WWW\www.tp5.com\application\admin\controller\Index.php ]
[ info ] [ VIEW ] E:\phpstudy_pro\WWW\www.tp5.com/application/admin\view\index\content.html [ array (
  0 => 'arrField',
  1 => 'yearMouthResult',
  2 => 'yearMouthDayResult',
  3 => 'arrY',
  4 => 'arrYm',
  5 => 'arrYmd',
) ]
[ info ] [ LOG ] INIT File
[ sql ] [ DB ] CONNECT:[ UseTime:0.012967s ] mysql:dbname=changheng;host=localhost;port=3306;charset=utf8
[ sql ] [ SQL ] SHOW COLUMNS FROM `ch_user` [ RunTime:0.000726s ]
[ sql ] [ SQL ] SELECT * FROM `ch_user` WHERE  `ch_user`.`delete_time` IS NULL  AND `id` = 2 LIMIT 1 [ RunTime:0.000394s ]
[ sql ] [ SQL ] SHOW COLUMNS FROM `ch_permission` [ RunTime:0.000555s ]
[ sql ] [ SQL ] SELECT * FROM `ch_permission` WHERE  `ch_permission`.`delete_time` IS NULL  AND `role_id` = 1 [ RunTime:0.000414s ]
[ sql ] [ SQL ] SHOW COLUMNS FROM `ch_menu` [ RunTime:0.000813s ]
[ sql ] [ SQL ] SELECT * FROM `ch_menu` WHERE  `id` IN (1,7,5,41,42,43,6,44,45,46,50,4,47,48,49,9,10,11,76,76,77,78,79,80,82,86,88,89,90,91,93,94,95,96,97,98,99,100,103,105,106,107,108,109,110,111,112,113,114,115,117,118,119,120,121,122,123,124,125,126,127,128,129,130,131,132,133,134,135,136,137,156,157,158,159,160,161,162,163,164,165,166,167,168,169,170,171,172,173,174,175,176,177,178,179,180,181,182,183,184,185,186,187,188,189,190,191,192,193,194,195,196,197,198,198,199,200,201,202) [ RunTime:0.000995s ]
[ sql ] [ SQL ] select count(a.id) as value from ch_app_trace a where a.update_time like "2024%" and a.delete_time is NULL group by a.status ORDER BY a.STATUS asc [ RunTime:0.000709s ]
[ sql ] [ SQL ] select count(a.id) as value from ch_app_trace a where a.update_time like "2024-02%" and a.delete_time is NULL group by a.status ORDER BY a.STATUS asc [ RunTime:0.000404s ]
[ sql ] [ SQL ] select count(a.id) as value from ch_app_trace a where a.update_time like "2024-02-28%" and a.delete_time is NULL group by a.status ORDER BY a.STATUS asc [ RunTime:0.000388s ]
[ sql ] [ SQL ] select  count(a.id) as value,(case a.status when 1  then "已上架" when 2 then "审核中" when 3 then "待审核" when 4 then "账号禁用" when 5 then "分配中" when 6 then "已暂停" when 7 then "待验证" when 8 then "已下架" when 9 then "账号关联" when 10 then "更新中" when 11 then "其他" end) as name from ch_app_trace a where a.update_time like "2024-02-28%" and a.delete_time is NULL group by a.status ORDER BY a.STATUS asc [ RunTime:0.000381s ]
[ sql ] [ SQL ] select  count(a.id) as value,(case a.status when 1  then "已上架" when 2 then "审核中" when 3 then "待审核" when 4 then "账号禁用" when 5 then "分配中" when 6 then "已暂停" when 7 then "待验证" when 8 then "已下架" when 9 then "账号关联" when 10 then "更新中" when 11 then "其他" end) as name from ch_app_trace a where a.update_time like "2024-02%" and a.delete_time is NULL group by a.status ORDER BY a.STATUS asc [ RunTime:0.000412s ]
[ sql ] [ SQL ] select case a.status when 1  then "已上架" when 2 then "审核中" when 3 then "待审核" when 4 then "账号禁用" when 5 then "分配中" when 6 then "已暂停" when 7 then "待验证" when 8 then "已下架" when 9 then "账号关联" when 10 then "更新中" when 11 then "其他" end as name from ch_app_trace a where a.update_time like "%" and a.delete_time is NULL group by a.status ORDER BY a.STATUS asc [ RunTime:0.000478s ]
[ error ] [8]未定义变量: year[E:\phpstudy_pro\WWW\www.tp5.com\application\admin\controller\Index.php:115]

---------------------------------------------------------------
[ 2024-02-28T16:00:31+08:00 ] 127.0.0.1 127.0.0.1 GET /admin/index/favicon.ico
[ log ] www.tp5.com/admin/index/favicon.ico [运行时间：0.039387s][吞吐率：25.39req/s] [内存消耗：3,026.33kb] [文件加载：60]
[ info ] [ LANG ] E:\phpstudy_pro\WWW\www.tp5.com\thinkphp\lang\zh-cn.php
[ info ] [ ROUTE ] array (
  'type' => 'module',
  'module' => 
  array (
    0 => 'admin',
    1 => 'index',
    2 => 'favicon.ico',
  ),
)
[ info ] [ HEADER ] array (
  'cookie' => 'PHPSESSID=ag9amerl5foctdj0t8rnv14ttt',
  'accept-language' => 'zh-CN,zh;q=0.9',
  'accept-encoding' => 'gzip, deflate',
  'referer' => 'http://www.tp5.com/admin/index/index',
  'accept' => 'image/avif,image/webp,image/apng,image/svg+xml,image/*,*/*;q=0.8',
  'user-agent' => 'Mozilla/5.0 (Windows NT 10.0; Win64; x64) AppleWebKit/537.36 (KHTML, like Gecko) Chrome/121.0.0.0 Safari/537.36',
  'connection' => 'keep-alive',
  'host' => 'www.tp5.com',
  'content-length' => '',
  'content-type' => '',
)
[ info ] [ PARAM ] array (
)
[ info ] [ SESSION ] INIT array (
  'prefix' => 'admin',
  'type' => '',
  'auto_start' => true,
  'expire' => '',
)
[ info ] [ DB ] INIT mysql
[ info ] [ LOG ] INIT File
[ sql ] [ DB ] CONNECT:[ UseTime:0.002041s ] mysql:dbname=changheng;host=localhost;port=3306;charset=utf8
[ sql ] [ SQL ] SHOW COLUMNS FROM `ch_user` [ RunTime:0.000739s ]
[ sql ] [ SQL ] SELECT * FROM `ch_user` WHERE  `ch_user`.`delete_time` IS NULL  AND `id` = 2 LIMIT 1 [ RunTime:0.000391s ]
[ sql ] [ SQL ] SHOW COLUMNS FROM `ch_permission` [ RunTime:0.000558s ]
[ sql ] [ SQL ] SELECT * FROM `ch_permission` WHERE  `ch_permission`.`delete_time` IS NULL  AND `role_id` = 1 [ RunTime:0.000410s ]
[ sql ] [ SQL ] SHOW COLUMNS FROM `ch_menu` [ RunTime:0.000620s ]
[ sql ] [ SQL ] SELECT * FROM `ch_menu` WHERE  `id` IN (1,7,5,41,42,43,6,44,45,46,50,4,47,48,49,9,10,11,76,76,77,78,79,80,82,86,88,89,90,91,93,94,95,96,97,98,99,100,103,105,106,107,108,109,110,111,112,113,114,115,117,118,119,120,121,122,123,124,125,126,127,128,129,130,131,132,133,134,135,136,137,156,157,158,159,160,161,162,163,164,165,166,167,168,169,170,171,172,173,174,175,176,177,178,179,180,181,182,183,184,185,186,187,188,189,190,191,192,193,194,195,196,197,198,198,199,200,201,202) [ RunTime:0.000638s ]

---------------------------------------------------------------
